#
# There is insufficient memory for the Java Runtime Environment to continue.
# Native memory allocation (malloc) failed to allocate 1671312 bytes for Chunk::new
# Possible reasons:
#   The system is out of physical RAM or swap space
#   The process is running with CompressedOops enabled, and the Java Heap may be blocking the growth of the native heap
# Possible solutions:
#   Reduce memory load on the system
#   Increase physical memory or swap space
#   Check if swap backing store is full
#   Decrease Java heap size (-Xmx/-Xms)
#   Decrease number of Java threads
#   Decrease Java thread stack sizes (-Xss)
#   Set larger code cache with -XX:ReservedCodeCacheSize=
#   JVM is running with Zero Based Compressed Oops mode in which the Java heap is
#     placed in the first 32GB address space. The Java Heap base address is the
#     maximum limit for the native heap growth. Please use -XX:HeapBaseMinAddress
#     to set the Java Heap base and to place the Java Heap above 32GB virtual address.
# This output file may be truncated or incomplete.
#
#  Out of Memory Error (arena.cpp:168), pid=32536, tid=37064
#
# JRE version: Java(TM) SE Runtime Environment (21.0.1+12) (build 21.0.1+12-LTS-29)
# Java VM: Java HotSpot(TM) 64-Bit Server VM (21.0.1+12-LTS-29, mixed mode, sharing, tiered, compressed oops, compressed class ptrs, g1 gc, windows-amd64)
# No core dump will be written. Minidumps are not enabled by default on client versions of Windows
#

---------------  S U M M A R Y ------------

Command Line: -XX:MaxMetaspaceSize=2G -XX:+HeapDumpOnOutOfMemoryError --add-opens=java.base/java.util=ALL-UNNAMED --add-opens=java.base/java.lang=ALL-UNNAMED --add-opens=java.base/java.lang.invoke=ALL-UNNAMED --add-opens=java.prefs/java.util.prefs=ALL-UNNAMED --add-opens=java.base/java.nio.charset=ALL-UNNAMED --add-opens=java.base/java.net=ALL-UNNAMED --add-opens=java.base/java.util.concurrent.atomic=ALL-UNNAMED -Xmx4G -Dfile.encoding=utf8 -Duser.country=IE -Duser.language=en -Duser.variant -javaagent:C:\Users\ftour\.gradle\wrapper\dists\gradle-8.3-all\6en3ugtfdg5xnpx44z4qbwgas\gradle-8.3\lib\agents\gradle-instrumentation-agent-8.3.jar org.gradle.launcher.daemon.bootstrap.GradleDaemon 8.3

Host: 11th Gen Intel(R) Core(TM) i5-1135G7 @ 2.40GHz, 8 cores, 7G,  Windows 11 , 64 bit Build 26100 (10.0.26100.3323)
Time: Sun Mar 23 17:10:14 2025 GMT Standard Time elapsed time: 108.789071 seconds (0d 0h 1m 48s)

---------------  T H R E A D  ---------------

Current thread (0x00000185f6d16e00):  JavaThread "C2 CompilerThread1" daemon [_thread_in_native, id=37064, stack(0x000000134d300000,0x000000134d400000) (1024K)]


Current CompileTask:
C2: 108789 14366       4       org.gradle.internal.reflect.ClassInspector::inspectClass (179 bytes)

Stack: [0x000000134d300000,0x000000134d400000]
Native frames: (J=compiled Java code, j=interpreted, Vv=VM code, C=native code)
V  [jvm.dll+0x6c9029]
V  [jvm.dll+0x854b81]
V  [jvm.dll+0x856e5e]
V  [jvm.dll+0x857543]
V  [jvm.dll+0x280c06]
V  [jvm.dll+0xc3ead]
V  [jvm.dll+0xc43c3]
V  [jvm.dll+0x3b576c]
V  [jvm.dll+0x382475]
V  [jvm.dll+0x3818ea]
V  [jvm.dll+0x249ad0]
V  [jvm.dll+0x2490b1]
V  [jvm.dll+0x1c9ca1]
V  [jvm.dll+0x2586b9]
V  [jvm.dll+0x256c9a]
V  [jvm.dll+0x3ef1b6]
V  [jvm.dll+0x7fd728]
V  [jvm.dll+0x6c777d]
C  [ucrtbase.dll+0x37b0]
C  [KERNEL32.DLL+0x2e8d7]
C  [ntdll.dll+0xbbf6c]


---------------  P R O C E S S  ---------------

Threads class SMR info:
_java_thread_list=0x00000185f4ebdb20, length=115, elements={
0x00000185ccd341e0, 0x00000185ee22d850, 0x00000185ee2302c0, 0x00000185ee234e80,
0x00000185ee237890, 0x00000185ee238f00, 0x00000185ee23c0f0, 0x00000185ee23e2a0,
0x00000185ee246960, 0x00000185ee4432d0, 0x00000185ee5d3c50, 0x00000185f3c64900,
0x00000185f367bb40, 0x00000185f3eac7f0, 0x00000185f3231720, 0x00000185ee3bccb0,
0x00000185f33b5000, 0x00000185ee793e00, 0x00000185eef8cdd0, 0x00000185eef8d460,
0x00000185eef8daf0, 0x00000185eef8e180, 0x00000185eef8e810, 0x00000185eef8ba20,
0x00000185f3e66050, 0x00000185f3e67a90, 0x00000185f3e666e0, 0x00000185f3e687b0,
0x00000185f3e66d70, 0x00000185f3e67400, 0x00000185f3e68e40, 0x00000185f3e68120,
0x00000185f3e659c0, 0x00000185f3e694d0, 0x00000185f3e69b60, 0x00000185f3e6b5a0,
0x00000185f3e6af10, 0x00000185f3e6c2c0, 0x00000185f3e6bc30, 0x00000185f3e6c950,
0x00000185f59a9390, 0x00000185f59a8670, 0x00000185f59a7950, 0x00000185f59aa0b0,
0x00000185f59a8d00, 0x00000185f59a9a20, 0x00000185f59aa740, 0x00000185f46bd350,
0x00000185f46babf0, 0x00000185f46b9ed0, 0x00000185f46bc630, 0x00000185f8320970,
0x00000185f83223b0, 0x00000185f8323760, 0x00000185f8323df0, 0x00000185f8324480,
0x00000185f83230d0, 0x00000185f8321000, 0x00000185f8324b10, 0x00000185f8321d20,
0x00000185f8327f90, 0x00000185f83251a0, 0x00000185f8325830, 0x00000185f8325ec0,
0x00000185f8326550, 0x00000185f8327270, 0x00000185f8326be0, 0x00000185f8327900,
0x00000185f5959690, 0x00000185f595aa40, 0x00000185f5959d20, 0x00000185f595a3b0,
0x00000185f5958970, 0x00000185f595b0d0, 0x00000185f5959000, 0x00000185f5957c50,
0x00000185f595b760, 0x00000185f59582e0, 0x00000185f595f270, 0x00000185f595d1a0,
0x00000185f595dec0, 0x00000185f595cb10, 0x00000185f595bdf0, 0x00000185f595c480,
0x00000185f595d830, 0x00000185f595e550, 0x00000185f595ebe0, 0x00000185f70f0bd0,
0x00000185f70f2610, 0x00000185f70f1f80, 0x00000185f70f18f0, 0x00000185f70f3330,
0x00000185f70f39c0, 0x00000185f70f4050, 0x00000185f70f1260, 0x00000185f70f6120,
0x00000185f70f5400, 0x00000185f70f67b0, 0x00000185f70f5a90, 0x00000185f70f6e40,
0x00000185f70f74d0, 0x00000185f70f81f0, 0x00000185f70f7b60, 0x00000185f70f4d70,
0x00000185f9266930, 0x00000185f9268370, 0x00000185f9266fc0, 0x00000185f9267650,
0x00000185f9269720, 0x00000185f9269090, 0x00000185f9269db0, 0x00000185f9267ce0,
0x00000185f9268a00, 0x00000185f6d16e00, 0x00000185f6d1a480
}

Java Threads: ( => current thread )
  0x00000185ccd341e0 JavaThread "main"                              [_thread_blocked, id=12036, stack(0x000000134d500000,0x000000134d600000) (1024K)]
  0x00000185ee22d850 JavaThread "Reference Handler"          daemon [_thread_blocked, id=9804, stack(0x000000134dd00000,0x000000134de00000) (1024K)]
  0x00000185ee2302c0 JavaThread "Finalizer"                  daemon [_thread_blocked, id=12968, stack(0x000000134de00000,0x000000134df00000) (1024K)]
  0x00000185ee234e80 JavaThread "Signal Dispatcher"          daemon [_thread_blocked, id=31276, stack(0x000000134df00000,0x000000134e000000) (1024K)]
  0x00000185ee237890 JavaThread "Attach Listener"            daemon [_thread_blocked, id=27892, stack(0x000000134e000000,0x000000134e100000) (1024K)]
  0x00000185ee238f00 JavaThread "Service Thread"             daemon [_thread_blocked, id=13276, stack(0x000000134e100000,0x000000134e200000) (1024K)]
  0x00000185ee23c0f0 JavaThread "Monitor Deflation Thread"   daemon [_thread_blocked, id=30708, stack(0x000000134e200000,0x000000134e300000) (1024K)]
  0x00000185ee23e2a0 JavaThread "C2 CompilerThread0"         daemon [_thread_in_native, id=18452, stack(0x000000134e300000,0x000000134e400000) (1024K)]
  0x00000185ee246960 JavaThread "C1 CompilerThread0"         daemon [_thread_blocked, id=27280, stack(0x000000134e400000,0x000000134e500000) (1024K)]
  0x00000185ee4432d0 JavaThread "Common-Cleaner"             daemon [_thread_blocked, id=34932, stack(0x000000134e500000,0x000000134e600000) (1024K)]
  0x00000185ee5d3c50 JavaThread "Notification Thread"        daemon [_thread_blocked, id=20912, stack(0x000000134e600000,0x000000134e700000) (1024K)]
  0x00000185f3c64900 JavaThread "Daemon health stats"               [_thread_blocked, id=18676, stack(0x000000134e700000,0x000000134e800000) (1024K)]
  0x00000185f367bb40 JavaThread "Incoming local TCP Connector on port 59257"        [_thread_in_native, id=15376, stack(0x000000134ec00000,0x000000134ed00000) (1024K)]
  0x00000185f3eac7f0 JavaThread "Daemon periodic checks"            [_thread_blocked, id=19972, stack(0x000000134ed00000,0x000000134ee00000) (1024K)]
  0x00000185f3231720 JavaThread "Daemon"                            [_thread_blocked, id=36000, stack(0x000000134ee00000,0x000000134ef00000) (1024K)]
  0x00000185ee3bccb0 JavaThread "Handler for socket connection from /127.0.0.1:59257 to /127.0.0.1:59258"        [_thread_in_native, id=38480, stack(0x000000134ef00000,0x000000134f000000) (1024K)]
  0x00000185f33b5000 JavaThread "Cancel handler"                    [_thread_blocked, id=1720, stack(0x000000134f000000,0x000000134f100000) (1024K)]
  0x00000185ee793e00 JavaThread "Daemon worker"                     [_thread_in_vm, id=36476, stack(0x000000134f100000,0x000000134f200000) (1024K)]
  0x00000185eef8cdd0 JavaThread "Asynchronous log dispatcher for DefaultDaemonConnection: socket connection from /127.0.0.1:59257 to /127.0.0.1:59258"        [_thread_blocked, id=10640, stack(0x000000134f200000,0x000000134f300000) (1024K)]
  0x00000185eef8d460 JavaThread "Daemon client event forwarder"        [_thread_blocked, id=24528, stack(0x000000134f400000,0x000000134f500000) (1024K)]
  0x00000185eef8daf0 JavaThread "Cache worker for journal cache (C:\Users\ftour\.gradle\caches\journal-1)"        [_thread_blocked, id=22656, stack(0x000000134f500000,0x000000134f600000) (1024K)]
  0x00000185eef8e180 JavaThread "File lock request listener"        [_thread_in_native, id=32216, stack(0x000000134f600000,0x000000134f700000) (1024K)]
  0x00000185eef8e810 JavaThread "Cache worker for file hash cache (C:\Users\ftour\.gradle\caches\8.3\fileHashes)"        [_thread_blocked, id=16896, stack(0x000000134fb00000,0x000000134fc00000) (1024K)]
  0x00000185eef8ba20 JavaThread "File watcher server"        daemon [_thread_in_native, id=19580, stack(0x000000134fe00000,0x000000134ff00000) (1024K)]
  0x00000185f3e66050 JavaThread "File watcher consumer"      daemon [_thread_blocked, id=19116, stack(0x000000134ff00000,0x0000001350000000) (1024K)]
  0x00000185f3e67a90 JavaThread "jar transforms"                    [_thread_blocked, id=19576, stack(0x0000001350000000,0x0000001350100000) (1024K)]
  0x00000185f3e666e0 JavaThread "jar transforms Thread 2"           [_thread_blocked, id=3084, stack(0x0000001350100000,0x0000001350200000) (1024K)]
  0x00000185f3e687b0 JavaThread "jar transforms Thread 3"           [_thread_blocked, id=38356, stack(0x0000001350200000,0x0000001350300000) (1024K)]
  0x00000185f3e66d70 JavaThread "Cache worker for checksums cache (C:\FYP\glycologapp\glycolog_flutter\android\.gradle\8.3\checksums)"        [_thread_blocked, id=34244, stack(0x0000001350300000,0x0000001350400000) (1024K)]
  0x00000185f3e67400 JavaThread "Cache worker for file hash cache (C:\FYP\glycologapp\glycolog_flutter\android\.gradle\8.3\fileHashes)"        [_thread_blocked, id=27508, stack(0x000000134f700000,0x000000134f800000) (1024K)]
  0x00000185f3e68e40 JavaThread "Cache worker for cache directory md-supplier (C:\Users\ftour\.gradle\caches\8.3\md-supplier)"        [_thread_blocked, id=33944, stack(0x0000001350400000,0x0000001350500000) (1024K)]
  0x00000185f3e68120 JavaThread "Cache worker for file content cache (C:\Users\ftour\.gradle\caches\8.3\fileContent)"        [_thread_blocked, id=26112, stack(0x0000001350500000,0x0000001350600000) (1024K)]
  0x00000185f3e659c0 JavaThread "Cache worker for cache directory md-rule (C:\Users\ftour\.gradle\caches\8.3\md-rule)"        [_thread_blocked, id=31660, stack(0x0000001350700000,0x0000001350800000) (1024K)]
  0x00000185f3e694d0 JavaThread "Cache worker for execution history cache (C:\Users\ftour\.gradle\caches\8.3\executionHistory)"        [_thread_blocked, id=30248, stack(0x0000001350800000,0x0000001350900000) (1024K)]
  0x00000185f3e69b60 JavaThread "jar transforms Thread 4"           [_thread_blocked, id=33436, stack(0x0000001350900000,0x0000001350a00000) (1024K)]
  0x00000185f3e6b5a0 JavaThread "jar transforms Thread 5"           [_thread_blocked, id=34952, stack(0x0000001350a00000,0x0000001350b00000) (1024K)]
  0x00000185f3e6af10 JavaThread "jar transforms Thread 6"           [_thread_blocked, id=35200, stack(0x0000001350b00000,0x0000001350c00000) (1024K)]
  0x00000185f3e6c2c0 JavaThread "jar transforms Thread 7"           [_thread_blocked, id=38980, stack(0x0000001350c00000,0x0000001350d00000) (1024K)]
  0x00000185f3e6bc30 JavaThread "jar transforms Thread 8"           [_thread_blocked, id=8296, stack(0x0000001350d00000,0x0000001350e00000) (1024K)]
  0x00000185f3e6c950 JavaThread "Cache worker for kotlin-dsl (C:\Users\ftour\.gradle\caches\8.3\kotlin-dsl)"        [_thread_blocked, id=27164, stack(0x0000001350e00000,0x0000001350f00000) (1024K)]
  0x00000185f59a9390 JavaThread "Cache worker for dependencies-accessors (C:\FYP\glycologapp\glycolog_flutter\android\.gradle\8.3\dependencies-accessors)"        [_thread_blocked, id=15572, stack(0x0000001350600000,0x0000001350700000) (1024K)]
  0x00000185f59a8670 JavaThread "Cache worker for Build Output Cleanup Cache (C:\flutter\packages\flutter_tools\gradle\.gradle\buildOutputCleanup)"        [_thread_blocked, id=23240, stack(0x0000001350f00000,0x0000001351000000) (1024K)]
  0x00000185f59a7950 JavaThread "Unconstrained build operations"        [_thread_blocked, id=21004, stack(0x0000001351000000,0x0000001351100000) (1024K)]
  0x00000185f59aa0b0 JavaThread "Unconstrained build operations Thread 2"        [_thread_blocked, id=15584, stack(0x0000001351100000,0x0000001351200000) (1024K)]
  0x00000185f59a8d00 JavaThread "Unconstrained build operations Thread 3"        [_thread_blocked, id=37328, stack(0x0000001351200000,0x0000001351300000) (1024K)]
  0x00000185f59a9a20 JavaThread "Unconstrained build operations Thread 4"        [_thread_blocked, id=38828, stack(0x0000001351300000,0x0000001351400000) (1024K)]
  0x00000185f59aa740 JavaThread "Unconstrained build operations Thread 5"        [_thread_blocked, id=25868, stack(0x0000001351400000,0x0000001351500000) (1024K)]
  0x00000185f46bd350 JavaThread "Unconstrained build operations Thread 6"        [_thread_blocked, id=6748, stack(0x0000001351500000,0x0000001351600000) (1024K)]
  0x00000185f46babf0 JavaThread "Unconstrained build operations Thread 7"        [_thread_blocked, id=33108, stack(0x0000001351600000,0x0000001351700000) (1024K)]
  0x00000185f46b9ed0 JavaThread "Memory manager"                    [_thread_blocked, id=5392, stack(0x0000001351800000,0x0000001351900000) (1024K)]
  0x00000185f46bc630 JavaThread "build event listener"              [_thread_blocked, id=1848, stack(0x0000001351700000,0x0000001351800000) (1024K)]
  0x00000185f8320970 JavaThread "Execution worker"                  [_thread_blocked, id=34724, stack(0x0000001351a00000,0x0000001351b00000) (1024K)]
  0x00000185f83223b0 JavaThread "Execution worker Thread 2"         [_thread_blocked, id=12108, stack(0x0000001351b00000,0x0000001351c00000) (1024K)]
  0x00000185f8323760 JavaThread "Execution worker Thread 3"         [_thread_blocked, id=28424, stack(0x0000001351c00000,0x0000001351d00000) (1024K)]
  0x00000185f8323df0 JavaThread "Execution worker Thread 4"         [_thread_blocked, id=35952, stack(0x0000001351d00000,0x0000001351e00000) (1024K)]
  0x00000185f8324480 JavaThread "Execution worker Thread 5"         [_thread_blocked, id=24280, stack(0x0000001351e00000,0x0000001351f00000) (1024K)]
  0x00000185f83230d0 JavaThread "Execution worker Thread 6"         [_thread_blocked, id=24684, stack(0x0000001351f00000,0x0000001352000000) (1024K)]
  0x00000185f8321000 JavaThread "Execution worker Thread 7"         [_thread_blocked, id=34944, stack(0x0000001352000000,0x0000001352100000) (1024K)]
  0x00000185f8324b10 JavaThread "Cache worker for execution history cache (C:\flutter\packages\flutter_tools\gradle\.gradle\8.3\executionHistory)"        [_thread_blocked, id=7280, stack(0x0000001352100000,0x0000001352200000) (1024K)]
  0x00000185f8321d20 JavaThread "Unconstrained build operations Thread 8"        [_thread_blocked, id=29268, stack(0x000000134d200000,0x000000134d300000) (1024K)]
  0x00000185f8327f90 JavaThread "Unconstrained build operations Thread 9"        [_thread_blocked, id=20492, stack(0x0000001352200000,0x0000001352300000) (1024K)]
  0x00000185f83251a0 JavaThread "Unconstrained build operations Thread 10"        [_thread_blocked, id=24112, stack(0x0000001352300000,0x0000001352400000) (1024K)]
  0x00000185f8325830 JavaThread "Unconstrained build operations Thread 11"        [_thread_blocked, id=4464, stack(0x0000001352400000,0x0000001352500000) (1024K)]
  0x00000185f8325ec0 JavaThread "Unconstrained build operations Thread 12"        [_thread_blocked, id=20880, stack(0x0000001352500000,0x0000001352600000) (1024K)]
  0x00000185f8326550 JavaThread "Unconstrained build operations Thread 13"        [_thread_blocked, id=16296, stack(0x0000001352600000,0x0000001352700000) (1024K)]
  0x00000185f8327270 JavaThread "Unconstrained build operations Thread 14"        [_thread_blocked, id=27428, stack(0x0000001352700000,0x0000001352800000) (1024K)]
  0x00000185f8326be0 JavaThread "Unconstrained build operations Thread 15"        [_thread_blocked, id=15084, stack(0x0000001352800000,0x0000001352900000) (1024K)]
  0x00000185f8327900 JavaThread "Unconstrained build operations Thread 16"        [_thread_blocked, id=7148, stack(0x0000001352900000,0x0000001352a00000) (1024K)]
  0x00000185f5959690 JavaThread "Unconstrained build operations Thread 17"        [_thread_blocked, id=38592, stack(0x0000001352a00000,0x0000001352b00000) (1024K)]
  0x00000185f595aa40 JavaThread "Unconstrained build operations Thread 18"        [_thread_blocked, id=3768, stack(0x0000001352b00000,0x0000001352c00000) (1024K)]
  0x00000185f5959d20 JavaThread "Unconstrained build operations Thread 19"        [_thread_blocked, id=12976, stack(0x0000001352c00000,0x0000001352d00000) (1024K)]
  0x00000185f595a3b0 JavaThread "Unconstrained build operations Thread 20"        [_thread_blocked, id=37580, stack(0x0000001352d00000,0x0000001352e00000) (1024K)]
  0x00000185f5958970 JavaThread "Unconstrained build operations Thread 21"        [_thread_blocked, id=24628, stack(0x0000001352e00000,0x0000001352f00000) (1024K)]
  0x00000185f595b0d0 JavaThread "Unconstrained build operations Thread 22"        [_thread_blocked, id=18168, stack(0x0000001353000000,0x0000001353100000) (1024K)]
  0x00000185f5959000 JavaThread "Unconstrained build operations Thread 23"        [_thread_blocked, id=25208, stack(0x0000001353100000,0x0000001353200000) (1024K)]
  0x00000185f5957c50 JavaThread "Unconstrained build operations Thread 24"        [_thread_blocked, id=8556, stack(0x0000001353200000,0x0000001353300000) (1024K)]
  0x00000185f595b760 JavaThread "Unconstrained build operations Thread 25"        [_thread_blocked, id=32616, stack(0x0000001353300000,0x0000001353400000) (1024K)]
  0x00000185f59582e0 JavaThread "Unconstrained build operations Thread 26"        [_thread_blocked, id=34888, stack(0x0000001353400000,0x0000001353500000) (1024K)]
  0x00000185f595f270 JavaThread "Unconstrained build operations Thread 27"        [_thread_blocked, id=21108, stack(0x0000001353500000,0x0000001353600000) (1024K)]
  0x00000185f595d1a0 JavaThread "Unconstrained build operations Thread 28"        [_thread_blocked, id=33868, stack(0x0000001353600000,0x0000001353700000) (1024K)]
  0x00000185f595dec0 JavaThread "Unconstrained build operations Thread 29"        [_thread_blocked, id=34600, stack(0x0000001353700000,0x0000001353800000) (1024K)]
  0x00000185f595cb10 JavaThread "Unconstrained build operations Thread 30"        [_thread_blocked, id=20824, stack(0x0000001353800000,0x0000001353900000) (1024K)]
  0x00000185f595bdf0 JavaThread "Unconstrained build operations Thread 31"        [_thread_blocked, id=10112, stack(0x0000001353900000,0x0000001353a00000) (1024K)]
  0x00000185f595c480 JavaThread "Unconstrained build operations Thread 32"        [_thread_blocked, id=5488, stack(0x0000001353a00000,0x0000001353b00000) (1024K)]
  0x00000185f595d830 JavaThread "Unconstrained build operations Thread 33"        [_thread_blocked, id=15320, stack(0x0000001353b00000,0x0000001353c00000) (1024K)]
  0x00000185f595e550 JavaThread "Unconstrained build operations Thread 34"        [_thread_blocked, id=9644, stack(0x0000001353c00000,0x0000001353d00000) (1024K)]
  0x00000185f595ebe0 JavaThread "Unconstrained build operations Thread 35"        [_thread_blocked, id=18488, stack(0x0000001353d00000,0x0000001353e00000) (1024K)]
  0x00000185f70f0bd0 JavaThread "Unconstrained build operations Thread 36"        [_thread_blocked, id=23868, stack(0x0000001353e00000,0x0000001353f00000) (1024K)]
  0x00000185f70f2610 JavaThread "Unconstrained build operations Thread 37"        [_thread_blocked, id=21900, stack(0x0000001353f00000,0x0000001354000000) (1024K)]
  0x00000185f70f1f80 JavaThread "Unconstrained build operations Thread 38"        [_thread_blocked, id=36672, stack(0x0000001354000000,0x0000001354100000) (1024K)]
  0x00000185f70f18f0 JavaThread "Unconstrained build operations Thread 39"        [_thread_blocked, id=36184, stack(0x0000001354100000,0x0000001354200000) (1024K)]
  0x00000185f70f3330 JavaThread "Unconstrained build operations Thread 40"        [_thread_blocked, id=25636, stack(0x0000001354200000,0x0000001354300000) (1024K)]
  0x00000185f70f39c0 JavaThread "Cache worker for Build Output Cleanup Cache (C:\FYP\glycologapp\glycolog_flutter\android\.gradle\buildOutputCleanup)"        [_thread_blocked, id=38656, stack(0x0000001354300000,0x0000001354400000) (1024K)]
  0x00000185f70f4050 JavaThread "Unconstrained build operations Thread 41"        [_thread_blocked, id=26720, stack(0x0000001352f00000,0x0000001353000000) (1024K)]
  0x00000185f70f1260 JavaThread "Unconstrained build operations Thread 42"        [_thread_blocked, id=15088, stack(0x0000001354500000,0x0000001354600000) (1024K)]
  0x00000185f70f6120 JavaThread "Unconstrained build operations Thread 43"        [_thread_blocked, id=37320, stack(0x0000001354600000,0x0000001354700000) (1024K)]
  0x00000185f70f5400 JavaThread "Unconstrained build operations Thread 44"        [_thread_blocked, id=38120, stack(0x0000001354700000,0x0000001354800000) (1024K)]
  0x00000185f70f67b0 JavaThread "Unconstrained build operations Thread 45"        [_thread_blocked, id=32808, stack(0x0000001354800000,0x0000001354900000) (1024K)]
  0x00000185f70f5a90 JavaThread "Unconstrained build operations Thread 46"        [_thread_blocked, id=4572, stack(0x0000001354900000,0x0000001354a00000) (1024K)]
  0x00000185f70f6e40 JavaThread "Unconstrained build operations Thread 47"        [_thread_blocked, id=7308, stack(0x0000001354a00000,0x0000001354b00000) (1024K)]
  0x00000185f70f74d0 JavaThread "Unconstrained build operations Thread 48"        [_thread_blocked, id=19584, stack(0x0000001354b00000,0x0000001354c00000) (1024K)]
  0x00000185f70f81f0 JavaThread "Unconstrained build operations Thread 49"        [_thread_blocked, id=19260, stack(0x0000001354c00000,0x0000001354d00000) (1024K)]
  0x00000185f70f7b60 JavaThread "Unconstrained build operations Thread 50"        [_thread_blocked, id=21052, stack(0x0000001354d00000,0x0000001354e00000) (1024K)]
  0x00000185f70f4d70 JavaThread "Unconstrained build operations Thread 51"        [_thread_blocked, id=20052, stack(0x0000001354e00000,0x0000001354f00000) (1024K)]
  0x00000185f9266930 JavaThread "Unconstrained build operations Thread 52"        [_thread_blocked, id=3592, stack(0x0000001354f00000,0x0000001355000000) (1024K)]
  0x00000185f9268370 JavaThread "Unconstrained build operations Thread 53"        [_thread_blocked, id=7760, stack(0x0000001355000000,0x0000001355100000) (1024K)]
  0x00000185f9266fc0 JavaThread "Unconstrained build operations Thread 54"        [_thread_blocked, id=27900, stack(0x0000001355300000,0x0000001355400000) (1024K)]
  0x00000185f9267650 JavaThread "Unconstrained build operations Thread 55"        [_thread_blocked, id=24208, stack(0x0000001355400000,0x0000001355500000) (1024K)]
  0x00000185f9269720 JavaThread "Unconstrained build operations Thread 56"        [_thread_blocked, id=6324, stack(0x0000001355500000,0x0000001355600000) (1024K)]
  0x00000185f9269090 JavaThread "Unconstrained build operations Thread 57"        [_thread_blocked, id=31788, stack(0x0000001355600000,0x0000001355700000) (1024K)]
  0x00000185f9269db0 JavaThread "Unconstrained build operations Thread 58"        [_thread_blocked, id=26764, stack(0x0000001355700000,0x0000001355800000) (1024K)]
  0x00000185f9267ce0 JavaThread "Unconstrained build operations Thread 59"        [_thread_blocked, id=28456, stack(0x0000001355800000,0x0000001355900000) (1024K)]
  0x00000185f9268a00 JavaThread "Unconstrained build operations Thread 60"        [_thread_blocked, id=28000, stack(0x0000001355900000,0x0000001355a00000) (1024K)]
=>0x00000185f6d16e00 JavaThread "C2 CompilerThread1"         daemon [_thread_in_native, id=37064, stack(0x000000134d300000,0x000000134d400000) (1024K)]
  0x00000185f6d1a480 JavaThread "C2 CompilerThread2"         daemon [_thread_in_native, id=13092, stack(0x000000134f300000,0x000000134f400000) (1024K)]
Total: 115

Other Threads:
  0x00000185ee20cda0 VMThread "VM Thread"                           [id=37260, stack(0x000000134dc00000,0x000000134dd00000) (1024K)]
  0x00000185ee1f3c30 WatcherThread "VM Periodic Task Thread"        [id=24304, stack(0x000000134db00000,0x000000134dc00000) (1024K)]
  0x00000185cf0e84d0 WorkerThread "GC Thread#0"                     [id=28520, stack(0x000000134d600000,0x000000134d700000) (1024K)]
  0x00000185f306d6b0 WorkerThread "GC Thread#1"                     [id=34100, stack(0x000000134e800000,0x000000134e900000) (1024K)]
  0x00000185f306da50 WorkerThread "GC Thread#2"                     [id=29636, stack(0x000000134e900000,0x000000134ea00000) (1024K)]
  0x00000185f30aabe0 WorkerThread "GC Thread#3"                     [id=36072, stack(0x000000134ea00000,0x000000134eb00000) (1024K)]
  0x00000185f312b7b0 WorkerThread "GC Thread#4"                     [id=38972, stack(0x000000134eb00000,0x000000134ec00000) (1024K)]
  0x00000185f4689a70 WorkerThread "GC Thread#5"                     [id=29900, stack(0x000000134f800000,0x000000134f900000) (1024K)]
  0x00000185f4c7c510 WorkerThread "GC Thread#6"                     [id=24604, stack(0x000000134f900000,0x000000134fa00000) (1024K)]
  0x00000185f415a590 WorkerThread "GC Thread#7"                     [id=36884, stack(0x000000134fa00000,0x000000134fb00000) (1024K)]
  0x00000185cf0f93c0 ConcurrentGCThread "G1 Main Marker"            [id=10676, stack(0x000000134d700000,0x000000134d800000) (1024K)]
  0x00000185cf0fac50 WorkerThread "G1 Conc#0"                       [id=33812, stack(0x000000134d800000,0x000000134d900000) (1024K)]
  0x00000185f6d27f70 WorkerThread "G1 Conc#1"                       [id=20260, stack(0x000000134fd00000,0x000000134fe00000) (1024K)]
  0x00000185ee0c2340 ConcurrentGCThread "G1 Refine#0"               [id=14628, stack(0x000000134d900000,0x000000134da00000) (1024K)]
  0x00000185ee0c3b70 ConcurrentGCThread "G1 Service"                [id=12408, stack(0x000000134da00000,0x000000134db00000) (1024K)]
Total: 15

Threads with active compile tasks:
C2 CompilerThread0   108836 14348 %     4       org.gradle.internal.instantiation.generator.AbstractClassGenerator::inspectType @ 107 (560 bytes)
C1 CompilerThread0   108836 14507       3       org.gradle.internal.instantiation.generator.AsmBackedClassGenerator$ClassBuilderImpl::mixInDynamicAware (69 bytes)
C2 CompilerThread1   108836 14366       4       org.gradle.internal.reflect.ClassInspector::inspectClass (179 bytes)
C2 CompilerThread2   108836 14472       4       org.objectweb.asm.MethodWriter::computeAllFrames (510 bytes)
Total: 4

VM state: not at safepoint (normal execution)

VM Mutex/Monitor currently owned by a thread: None

Heap address: 0x0000000700000000, size: 4096 MB, Compressed Oops mode: Zero based, Oop shift amount: 3

CDS archive(s) mapped at: [0x0000018580000000-0x0000018580c90000-0x0000018580c90000), size 13172736, SharedBaseAddress: 0x0000018580000000, ArchiveRelocationMode: 1.
Compressed class space mapped at: 0x0000018581000000-0x00000185c1000000, reserved size: 1073741824
Narrow klass base: 0x0000018580000000, Narrow klass shift: 0, Narrow klass range: 0x100000000

GC Precious Log:
 CardTable entry size: 512
 Card Set container configuration: InlinePtr #cards 4 size 8 Array Of Cards #cards 16 size 48 Howl #buckets 8 coarsen threshold 3686 Howl Bitmap #cards 512 size 80 coarsen threshold 460 Card regions per heap region 1 cards per card region 4096
 CPUs: 8 total, 8 available
 Memory: 7937M
 Large Page Support: Disabled
 NUMA Support: Disabled
 Compressed Oops: Enabled (Zero based)
 Heap Region Size: 2M
 Heap Min Capacity: 8M
 Heap Initial Capacity: 126M
 Heap Max Capacity: 4G
 Pre-touch: Disabled
 Parallel Workers: 8
 Concurrent Workers: 2
 Concurrent Refinement Workers: 8
 Periodic GC: Disabled

Heap:
 garbage-first heap   total 331776K, used 168503K [0x0000000700000000, 0x0000000800000000)
  region size 2048K, 32 young (65536K), 8 survivors (16384K)
 Metaspace       used 94831K, committed 97024K, reserved 1179648K
  class space    used 13048K, committed 14144K, reserved 1048576K

Heap Regions: E=young(eden), S=young(survivor), O=old, HS=humongous(starts), HC=humongous(continues), CS=collection set, F=free, TAMS=top-at-mark-start, PB=parsable bottom
|   0|0x0000000700000000, 0x0000000700200000, 0x0000000700200000|100%|HS|  |TAMS 0x0000000700000000| PB 0x0000000700000000| Complete 
|   1|0x0000000700200000, 0x0000000700400000, 0x0000000700400000|100%|HC|  |TAMS 0x0000000700200000| PB 0x0000000700200000| Complete 
|   2|0x0000000700400000, 0x0000000700600000, 0x0000000700600000|100%| O|  |TAMS 0x0000000700400000| PB 0x0000000700400000| Untracked 
|   3|0x0000000700600000, 0x0000000700800000, 0x0000000700800000|100%| O|  |TAMS 0x0000000700600000| PB 0x0000000700600000| Untracked 
|   4|0x0000000700800000, 0x0000000700a00000, 0x0000000700a00000|100%| O|  |TAMS 0x0000000700800000| PB 0x0000000700800000| Untracked 
|   5|0x0000000700a00000, 0x0000000700c00000, 0x0000000700c00000|100%| O|  |TAMS 0x0000000700a00000| PB 0x0000000700a00000| Untracked 
|   6|0x0000000700c00000, 0x0000000700e00000, 0x0000000700e00000|100%| O|  |TAMS 0x0000000700c00000| PB 0x0000000700c00000| Untracked 
|   7|0x0000000700e00000, 0x0000000701000000, 0x0000000701000000|100%| O|  |TAMS 0x0000000700e00000| PB 0x0000000700e00000| Untracked 
|   8|0x0000000701000000, 0x0000000701200000, 0x0000000701200000|100%| O|  |TAMS 0x0000000701000000| PB 0x0000000701000000| Untracked 
|   9|0x0000000701200000, 0x0000000701400000, 0x0000000701400000|100%| O|  |TAMS 0x0000000701200000| PB 0x0000000701200000| Untracked 
|  10|0x0000000701400000, 0x0000000701600000, 0x0000000701600000|100%| O|  |TAMS 0x0000000701400000| PB 0x0000000701400000| Untracked 
|  11|0x0000000701600000, 0x0000000701800000, 0x0000000701800000|100%| O|  |TAMS 0x0000000701600000| PB 0x0000000701600000| Untracked 
|  12|0x0000000701800000, 0x0000000701a00000, 0x0000000701a00000|100%| O|  |TAMS 0x0000000701800000| PB 0x0000000701800000| Untracked 
|  13|0x0000000701a00000, 0x0000000701c00000, 0x0000000701c00000|100%| O|  |TAMS 0x0000000701a00000| PB 0x0000000701a00000| Untracked 
|  14|0x0000000701c00000, 0x0000000701e00000, 0x0000000701e00000|100%| O|  |TAMS 0x0000000701c00000| PB 0x0000000701c00000| Untracked 
|  15|0x0000000701e00000, 0x0000000702000000, 0x0000000702000000|100%| O|  |TAMS 0x0000000701e00000| PB 0x0000000701e00000| Untracked 
|  16|0x0000000702000000, 0x0000000702200000, 0x0000000702200000|100%| O|  |TAMS 0x0000000702000000| PB 0x0000000702000000| Untracked 
|  17|0x0000000702200000, 0x0000000702400000, 0x0000000702400000|100%| O|  |TAMS 0x0000000702200000| PB 0x0000000702200000| Untracked 
|  18|0x0000000702400000, 0x0000000702600000, 0x0000000702600000|100%|HS|  |TAMS 0x0000000702400000| PB 0x0000000702400000| Complete 
|  19|0x0000000702600000, 0x0000000702800000, 0x0000000702800000|100%|HS|  |TAMS 0x0000000702600000| PB 0x0000000702600000| Complete 
|  20|0x0000000702800000, 0x0000000702a00000, 0x0000000702a00000|100%| O|  |TAMS 0x0000000702800000| PB 0x0000000702800000| Untracked 
|  21|0x0000000702a00000, 0x0000000702c00000, 0x0000000702c00000|100%| O|  |TAMS 0x0000000702a00000| PB 0x0000000702a00000| Untracked 
|  22|0x0000000702c00000, 0x0000000702e00000, 0x0000000702e00000|100%| O|  |TAMS 0x0000000702c00000| PB 0x0000000702c00000| Untracked 
|  23|0x0000000702e00000, 0x0000000703000000, 0x0000000703000000|100%| O|  |TAMS 0x0000000702e00000| PB 0x0000000702e00000| Untracked 
|  24|0x0000000703000000, 0x0000000703200000, 0x0000000703200000|100%|HS|  |TAMS 0x0000000703000000| PB 0x0000000703000000| Complete 
|  25|0x0000000703200000, 0x0000000703400000, 0x0000000703400000|100%|HC|  |TAMS 0x0000000703200000| PB 0x0000000703200000| Complete 
|  26|0x0000000703400000, 0x0000000703600000, 0x0000000703600000|100%|HS|  |TAMS 0x0000000703400000| PB 0x0000000703400000| Complete 
|  27|0x0000000703600000, 0x0000000703800000, 0x0000000703800000|100%|HC|  |TAMS 0x0000000703600000| PB 0x0000000703600000| Complete 
|  28|0x0000000703800000, 0x0000000703a00000, 0x0000000703a00000|100%| O|  |TAMS 0x0000000703800000| PB 0x0000000703800000| Untracked 
|  29|0x0000000703a00000, 0x0000000703c00000, 0x0000000703c00000|100%| O|  |TAMS 0x0000000703a00000| PB 0x0000000703a00000| Untracked 
|  30|0x0000000703c00000, 0x0000000703e00000, 0x0000000703e00000|100%| O|  |TAMS 0x0000000703c00000| PB 0x0000000703c00000| Untracked 
|  31|0x0000000703e00000, 0x0000000704000000, 0x0000000704000000|100%| O|  |TAMS 0x0000000703e00000| PB 0x0000000703e00000| Untracked 
|  32|0x0000000704000000, 0x0000000704000000, 0x0000000704200000|  0%| F|  |TAMS 0x0000000704000000| PB 0x0000000704000000| Untracked 
|  33|0x0000000704200000, 0x0000000704400000, 0x0000000704400000|100%|HS|  |TAMS 0x0000000704200000| PB 0x0000000704200000| Complete 
|  34|0x0000000704400000, 0x0000000704600000, 0x0000000704600000|100%|HS|  |TAMS 0x0000000704400000| PB 0x0000000704400000| Complete 
|  35|0x0000000704600000, 0x0000000704800000, 0x0000000704800000|100%|HC|  |TAMS 0x0000000704600000| PB 0x0000000704600000| Complete 
|  36|0x0000000704800000, 0x0000000704a00000, 0x0000000704a00000|100%| O|  |TAMS 0x0000000704800000| PB 0x0000000704800000| Untracked 
|  37|0x0000000704a00000, 0x0000000704c00000, 0x0000000704c00000|100%| O|  |TAMS 0x0000000704a00000| PB 0x0000000704a00000| Untracked 
|  38|0x0000000704c00000, 0x0000000704e00000, 0x0000000704e00000|100%| O|  |TAMS 0x0000000704c00000| PB 0x0000000704c00000| Untracked 
|  39|0x0000000704e00000, 0x0000000705000000, 0x0000000705000000|100%| O|  |TAMS 0x0000000704e00000| PB 0x0000000704e00000| Untracked 
|  40|0x0000000705000000, 0x0000000705200000, 0x0000000705200000|100%| O|  |TAMS 0x0000000705000000| PB 0x0000000705000000| Untracked 
|  41|0x0000000705200000, 0x0000000705400000, 0x0000000705400000|100%| O|  |TAMS 0x0000000705200000| PB 0x0000000705200000| Untracked 
|  42|0x0000000705400000, 0x0000000705600000, 0x0000000705600000|100%|HS|  |TAMS 0x0000000705400000| PB 0x0000000705400000| Complete 
|  43|0x0000000705600000, 0x0000000705800000, 0x0000000705800000|100%| O|  |TAMS 0x0000000705600000| PB 0x0000000705600000| Untracked 
|  44|0x0000000705800000, 0x0000000705a00000, 0x0000000705a00000|100%| O|  |TAMS 0x0000000705800000| PB 0x0000000705800000| Untracked 
|  45|0x0000000705a00000, 0x0000000705c00000, 0x0000000705c00000|100%| O|  |TAMS 0x0000000705a00000| PB 0x0000000705a00000| Untracked 
|  46|0x0000000705c00000, 0x0000000705e00000, 0x0000000705e00000|100%| O|  |TAMS 0x0000000705c00000| PB 0x0000000705c00000| Untracked 
|  47|0x0000000705e00000, 0x0000000706000000, 0x0000000706000000|100%| O|  |TAMS 0x0000000705e00000| PB 0x0000000705e00000| Untracked 
|  48|0x0000000706000000, 0x0000000706200000, 0x0000000706200000|100%| O|  |TAMS 0x0000000706000000| PB 0x0000000706000000| Untracked 
|  49|0x0000000706200000, 0x0000000706400000, 0x0000000706400000|100%|HS|  |TAMS 0x0000000706200000| PB 0x0000000706200000| Complete 
|  50|0x0000000706400000, 0x0000000706600000, 0x0000000706600000|100%| O|  |TAMS 0x0000000706400000| PB 0x0000000706400000| Untracked 
|  51|0x0000000706600000, 0x0000000706800000, 0x0000000706800000|100%|HS|  |TAMS 0x0000000706600000| PB 0x0000000706600000| Complete 
|  52|0x0000000706800000, 0x0000000706a00000, 0x0000000706a00000|100%|HC|  |TAMS 0x0000000706800000| PB 0x0000000706800000| Complete 
|  53|0x0000000706a00000, 0x0000000706b97f10, 0x0000000706c00000| 79%| O|  |TAMS 0x0000000706a00000| PB 0x0000000706a00000| Untracked 
|  54|0x0000000706c00000, 0x0000000706c00000, 0x0000000706e00000|  0%| F|  |TAMS 0x0000000706c00000| PB 0x0000000706c00000| Untracked 
|  55|0x0000000706e00000, 0x0000000706e00000, 0x0000000707000000|  0%| F|  |TAMS 0x0000000706e00000| PB 0x0000000706e00000| Untracked 
|  56|0x0000000707000000, 0x0000000707000000, 0x0000000707200000|  0%| F|  |TAMS 0x0000000707000000| PB 0x0000000707000000| Untracked 
|  57|0x0000000707200000, 0x00000007072f5f40, 0x0000000707400000| 48%| S|CS|TAMS 0x0000000707200000| PB 0x0000000707200000| Complete 
|  58|0x0000000707400000, 0x0000000707600000, 0x0000000707600000|100%| S|CS|TAMS 0x0000000707400000| PB 0x0000000707400000| Complete 
|  59|0x0000000707600000, 0x0000000707800000, 0x0000000707800000|100%| S|CS|TAMS 0x0000000707600000| PB 0x0000000707600000| Complete 
|  60|0x0000000707800000, 0x0000000707a00000, 0x0000000707a00000|100%| S|CS|TAMS 0x0000000707800000| PB 0x0000000707800000| Complete 
|  61|0x0000000707a00000, 0x0000000707c00000, 0x0000000707c00000|100%| S|CS|TAMS 0x0000000707a00000| PB 0x0000000707a00000| Complete 
|  62|0x0000000707c00000, 0x0000000707e00000, 0x0000000707e00000|100%| S|CS|TAMS 0x0000000707c00000| PB 0x0000000707c00000| Complete 
|  63|0x0000000707e00000, 0x0000000708000000, 0x0000000708000000|100%| S|CS|TAMS 0x0000000707e00000| PB 0x0000000707e00000| Complete 
|  64|0x0000000708000000, 0x0000000708000000, 0x0000000708200000|  0%| F|  |TAMS 0x0000000708000000| PB 0x0000000708000000| Untracked 
|  65|0x0000000708200000, 0x0000000708400000, 0x0000000708400000|100%| S|CS|TAMS 0x0000000708200000| PB 0x0000000708200000| Complete 
|  66|0x0000000708400000, 0x0000000708400000, 0x0000000708600000|  0%| F|  |TAMS 0x0000000708400000| PB 0x0000000708400000| Untracked 
|  67|0x0000000708600000, 0x0000000708600000, 0x0000000708800000|  0%| F|  |TAMS 0x0000000708600000| PB 0x0000000708600000| Untracked 
|  68|0x0000000708800000, 0x0000000708800000, 0x0000000708a00000|  0%| F|  |TAMS 0x0000000708800000| PB 0x0000000708800000| Untracked 
|  69|0x0000000708a00000, 0x0000000708a00000, 0x0000000708c00000|  0%| F|  |TAMS 0x0000000708a00000| PB 0x0000000708a00000| Untracked 
|  70|0x0000000708c00000, 0x0000000708c00000, 0x0000000708e00000|  0%| F|  |TAMS 0x0000000708c00000| PB 0x0000000708c00000| Untracked 
|  71|0x0000000708e00000, 0x0000000708e00000, 0x0000000709000000|  0%| F|  |TAMS 0x0000000708e00000| PB 0x0000000708e00000| Untracked 
|  72|0x0000000709000000, 0x0000000709000000, 0x0000000709200000|  0%| F|  |TAMS 0x0000000709000000| PB 0x0000000709000000| Untracked 
|  73|0x0000000709200000, 0x0000000709200000, 0x0000000709400000|  0%| F|  |TAMS 0x0000000709200000| PB 0x0000000709200000| Untracked 
|  74|0x0000000709400000, 0x0000000709400000, 0x0000000709600000|  0%| F|  |TAMS 0x0000000709400000| PB 0x0000000709400000| Untracked 
|  75|0x0000000709600000, 0x0000000709600000, 0x0000000709800000|  0%| F|  |TAMS 0x0000000709600000| PB 0x0000000709600000| Untracked 
|  76|0x0000000709800000, 0x0000000709800000, 0x0000000709a00000|  0%| F|  |TAMS 0x0000000709800000| PB 0x0000000709800000| Untracked 
|  77|0x0000000709a00000, 0x0000000709a00000, 0x0000000709c00000|  0%| F|  |TAMS 0x0000000709a00000| PB 0x0000000709a00000| Untracked 
|  78|0x0000000709c00000, 0x0000000709c00000, 0x0000000709e00000|  0%| F|  |TAMS 0x0000000709c00000| PB 0x0000000709c00000| Untracked 
|  79|0x0000000709e00000, 0x0000000709e00000, 0x000000070a000000|  0%| F|  |TAMS 0x0000000709e00000| PB 0x0000000709e00000| Untracked 
|  80|0x000000070a000000, 0x000000070a000000, 0x000000070a200000|  0%| F|  |TAMS 0x000000070a000000| PB 0x000000070a000000| Untracked 
|  81|0x000000070a200000, 0x000000070a200000, 0x000000070a400000|  0%| F|  |TAMS 0x000000070a200000| PB 0x000000070a200000| Untracked 
|  82|0x000000070a400000, 0x000000070a400000, 0x000000070a600000|  0%| F|  |TAMS 0x000000070a400000| PB 0x000000070a400000| Untracked 
|  83|0x000000070a600000, 0x000000070a600000, 0x000000070a800000|  0%| F|  |TAMS 0x000000070a600000| PB 0x000000070a600000| Untracked 
|  84|0x000000070a800000, 0x000000070a800000, 0x000000070aa00000|  0%| F|  |TAMS 0x000000070a800000| PB 0x000000070a800000| Untracked 
|  85|0x000000070aa00000, 0x000000070aa00000, 0x000000070ac00000|  0%| F|  |TAMS 0x000000070aa00000| PB 0x000000070aa00000| Untracked 
|  86|0x000000070ac00000, 0x000000070ac00000, 0x000000070ae00000|  0%| F|  |TAMS 0x000000070ac00000| PB 0x000000070ac00000| Untracked 
|  87|0x000000070ae00000, 0x000000070ae00000, 0x000000070b000000|  0%| F|  |TAMS 0x000000070ae00000| PB 0x000000070ae00000| Untracked 
|  88|0x000000070b000000, 0x000000070b000000, 0x000000070b200000|  0%| F|  |TAMS 0x000000070b000000| PB 0x000000070b000000| Untracked 
|  89|0x000000070b200000, 0x000000070b200000, 0x000000070b400000|  0%| F|  |TAMS 0x000000070b200000| PB 0x000000070b200000| Untracked 
|  90|0x000000070b400000, 0x000000070b400000, 0x000000070b600000|  0%| F|  |TAMS 0x000000070b400000| PB 0x000000070b400000| Untracked 
|  91|0x000000070b600000, 0x000000070b600000, 0x000000070b800000|  0%| F|  |TAMS 0x000000070b600000| PB 0x000000070b600000| Untracked 
|  92|0x000000070b800000, 0x000000070b800000, 0x000000070ba00000|  0%| F|  |TAMS 0x000000070b800000| PB 0x000000070b800000| Untracked 
|  93|0x000000070ba00000, 0x000000070ba00000, 0x000000070bc00000|  0%| F|  |TAMS 0x000000070ba00000| PB 0x000000070ba00000| Untracked 
|  94|0x000000070bc00000, 0x000000070bc00000, 0x000000070be00000|  0%| F|  |TAMS 0x000000070bc00000| PB 0x000000070bc00000| Untracked 
|  95|0x000000070be00000, 0x000000070be00000, 0x000000070c000000|  0%| F|  |TAMS 0x000000070be00000| PB 0x000000070be00000| Untracked 
|  96|0x000000070c000000, 0x000000070c000000, 0x000000070c200000|  0%| F|  |TAMS 0x000000070c000000| PB 0x000000070c000000| Untracked 
|  97|0x000000070c200000, 0x000000070c200000, 0x000000070c400000|  0%| F|  |TAMS 0x000000070c200000| PB 0x000000070c200000| Untracked 
|  98|0x000000070c400000, 0x000000070c400000, 0x000000070c600000|  0%| F|  |TAMS 0x000000070c400000| PB 0x000000070c400000| Untracked 
|  99|0x000000070c600000, 0x000000070c600000, 0x000000070c800000|  0%| F|  |TAMS 0x000000070c600000| PB 0x000000070c600000| Untracked 
| 100|0x000000070c800000, 0x000000070c800000, 0x000000070ca00000|  0%| F|  |TAMS 0x000000070c800000| PB 0x000000070c800000| Untracked 
| 101|0x000000070ca00000, 0x000000070ca00000, 0x000000070cc00000|  0%| F|  |TAMS 0x000000070ca00000| PB 0x000000070ca00000| Untracked 
| 102|0x000000070cc00000, 0x000000070cc00000, 0x000000070ce00000|  0%| F|  |TAMS 0x000000070cc00000| PB 0x000000070cc00000| Untracked 
| 103|0x000000070ce00000, 0x000000070ce00000, 0x000000070d000000|  0%| F|  |TAMS 0x000000070ce00000| PB 0x000000070ce00000| Untracked 
| 104|0x000000070d000000, 0x000000070d000000, 0x000000070d200000|  0%| F|  |TAMS 0x000000070d000000| PB 0x000000070d000000| Untracked 
| 105|0x000000070d200000, 0x000000070d200000, 0x000000070d400000|  0%| F|  |TAMS 0x000000070d200000| PB 0x000000070d200000| Untracked 
| 106|0x000000070d400000, 0x000000070d400000, 0x000000070d600000|  0%| F|  |TAMS 0x000000070d400000| PB 0x000000070d400000| Untracked 
| 107|0x000000070d600000, 0x000000070d600000, 0x000000070d800000|  0%| F|  |TAMS 0x000000070d600000| PB 0x000000070d600000| Untracked 
| 108|0x000000070d800000, 0x000000070d800000, 0x000000070da00000|  0%| F|  |TAMS 0x000000070d800000| PB 0x000000070d800000| Untracked 
| 109|0x000000070da00000, 0x000000070da00000, 0x000000070dc00000|  0%| F|  |TAMS 0x000000070da00000| PB 0x000000070da00000| Untracked 
| 110|0x000000070dc00000, 0x000000070dc00000, 0x000000070de00000|  0%| F|  |TAMS 0x000000070dc00000| PB 0x000000070dc00000| Untracked 
| 111|0x000000070de00000, 0x000000070de00000, 0x000000070e000000|  0%| F|  |TAMS 0x000000070de00000| PB 0x000000070de00000| Untracked 
| 112|0x000000070e000000, 0x000000070e000000, 0x000000070e200000|  0%| F|  |TAMS 0x000000070e000000| PB 0x000000070e000000| Untracked 
| 113|0x000000070e200000, 0x000000070e200000, 0x000000070e400000|  0%| F|  |TAMS 0x000000070e200000| PB 0x000000070e200000| Untracked 
| 114|0x000000070e400000, 0x000000070e400000, 0x000000070e600000|  0%| F|  |TAMS 0x000000070e400000| PB 0x000000070e400000| Untracked 
| 115|0x000000070e600000, 0x000000070e600000, 0x000000070e800000|  0%| F|  |TAMS 0x000000070e600000| PB 0x000000070e600000| Untracked 
| 116|0x000000070e800000, 0x000000070e800000, 0x000000070ea00000|  0%| F|  |TAMS 0x000000070e800000| PB 0x000000070e800000| Untracked 
| 117|0x000000070ea00000, 0x000000070ea00000, 0x000000070ec00000|  0%| F|  |TAMS 0x000000070ea00000| PB 0x000000070ea00000| Untracked 
| 118|0x000000070ec00000, 0x000000070ec00000, 0x000000070ee00000|  0%| F|  |TAMS 0x000000070ec00000| PB 0x000000070ec00000| Untracked 
| 119|0x000000070ee00000, 0x000000070ee00000, 0x000000070f000000|  0%| F|  |TAMS 0x000000070ee00000| PB 0x000000070ee00000| Untracked 
| 120|0x000000070f000000, 0x000000070f000000, 0x000000070f200000|  0%| F|  |TAMS 0x000000070f000000| PB 0x000000070f000000| Untracked 
| 121|0x000000070f200000, 0x000000070f200000, 0x000000070f400000|  0%| F|  |TAMS 0x000000070f200000| PB 0x000000070f200000| Untracked 
| 122|0x000000070f400000, 0x000000070f400000, 0x000000070f600000|  0%| F|  |TAMS 0x000000070f400000| PB 0x000000070f400000| Untracked 
| 123|0x000000070f600000, 0x000000070f600000, 0x000000070f800000|  0%| F|  |TAMS 0x000000070f600000| PB 0x000000070f600000| Untracked 
| 124|0x000000070f800000, 0x000000070f800000, 0x000000070fa00000|  0%| F|  |TAMS 0x000000070f800000| PB 0x000000070f800000| Untracked 
| 125|0x000000070fa00000, 0x000000070fa00000, 0x000000070fc00000|  0%| F|  |TAMS 0x000000070fa00000| PB 0x000000070fa00000| Untracked 
| 126|0x000000070fc00000, 0x000000070fc00000, 0x000000070fe00000|  0%| F|  |TAMS 0x000000070fc00000| PB 0x000000070fc00000| Untracked 
| 127|0x000000070fe00000, 0x000000070fe00000, 0x0000000710000000|  0%| F|  |TAMS 0x000000070fe00000| PB 0x000000070fe00000| Untracked 
| 128|0x0000000710000000, 0x0000000710000000, 0x0000000710200000|  0%| F|  |TAMS 0x0000000710000000| PB 0x0000000710000000| Untracked 
| 129|0x0000000710200000, 0x0000000710200000, 0x0000000710400000|  0%| F|  |TAMS 0x0000000710200000| PB 0x0000000710200000| Untracked 
| 130|0x0000000710400000, 0x0000000710400000, 0x0000000710600000|  0%| F|  |TAMS 0x0000000710400000| PB 0x0000000710400000| Untracked 
| 131|0x0000000710600000, 0x0000000710600000, 0x0000000710800000|  0%| F|  |TAMS 0x0000000710600000| PB 0x0000000710600000| Untracked 
| 132|0x0000000710800000, 0x0000000710800000, 0x0000000710a00000|  0%| F|  |TAMS 0x0000000710800000| PB 0x0000000710800000| Untracked 
| 133|0x0000000710a00000, 0x0000000710a00000, 0x0000000710c00000|  0%| F|  |TAMS 0x0000000710a00000| PB 0x0000000710a00000| Untracked 
| 134|0x0000000710c00000, 0x0000000710c00000, 0x0000000710e00000|  0%| F|  |TAMS 0x0000000710c00000| PB 0x0000000710c00000| Untracked 
| 135|0x0000000710e00000, 0x0000000710e00000, 0x0000000711000000|  0%| F|  |TAMS 0x0000000710e00000| PB 0x0000000710e00000| Untracked 
| 136|0x0000000711000000, 0x0000000711000000, 0x0000000711200000|  0%| F|  |TAMS 0x0000000711000000| PB 0x0000000711000000| Untracked 
| 137|0x0000000711200000, 0x0000000711300800, 0x0000000711400000| 50%| E|  |TAMS 0x0000000711200000| PB 0x0000000711200000| Complete 
| 138|0x0000000711400000, 0x0000000711600000, 0x0000000711600000|100%| E|CS|TAMS 0x0000000711400000| PB 0x0000000711400000| Complete 
| 139|0x0000000711600000, 0x0000000711800000, 0x0000000711800000|100%| E|CS|TAMS 0x0000000711600000| PB 0x0000000711600000| Complete 
| 140|0x0000000711800000, 0x0000000711a00000, 0x0000000711a00000|100%| E|CS|TAMS 0x0000000711800000| PB 0x0000000711800000| Complete 
| 141|0x0000000711a00000, 0x0000000711c00000, 0x0000000711c00000|100%| E|CS|TAMS 0x0000000711a00000| PB 0x0000000711a00000| Complete 
| 142|0x0000000711c00000, 0x0000000711e00000, 0x0000000711e00000|100%| E|CS|TAMS 0x0000000711c00000| PB 0x0000000711c00000| Complete 
| 143|0x0000000711e00000, 0x0000000712000000, 0x0000000712000000|100%| E|CS|TAMS 0x0000000711e00000| PB 0x0000000711e00000| Complete 
| 144|0x0000000712000000, 0x0000000712200000, 0x0000000712200000|100%| E|CS|TAMS 0x0000000712000000| PB 0x0000000712000000| Complete 
| 145|0x0000000712200000, 0x0000000712400000, 0x0000000712400000|100%| E|CS|TAMS 0x0000000712200000| PB 0x0000000712200000| Complete 
| 146|0x0000000712400000, 0x0000000712600000, 0x0000000712600000|100%| E|CS|TAMS 0x0000000712400000| PB 0x0000000712400000| Complete 
| 147|0x0000000712600000, 0x0000000712800000, 0x0000000712800000|100%| E|CS|TAMS 0x0000000712600000| PB 0x0000000712600000| Complete 
| 148|0x0000000712800000, 0x0000000712a00000, 0x0000000712a00000|100%| E|CS|TAMS 0x0000000712800000| PB 0x0000000712800000| Complete 
| 149|0x0000000712a00000, 0x0000000712c00000, 0x0000000712c00000|100%| E|CS|TAMS 0x0000000712a00000| PB 0x0000000712a00000| Complete 
| 150|0x0000000712c00000, 0x0000000712e00000, 0x0000000712e00000|100%| E|CS|TAMS 0x0000000712c00000| PB 0x0000000712c00000| Complete 
| 151|0x0000000712e00000, 0x0000000713000000, 0x0000000713000000|100%| E|CS|TAMS 0x0000000712e00000| PB 0x0000000712e00000| Complete 
| 152|0x0000000713000000, 0x0000000713200000, 0x0000000713200000|100%| E|CS|TAMS 0x0000000713000000| PB 0x0000000713000000| Complete 
| 153|0x0000000713200000, 0x0000000713400000, 0x0000000713400000|100%| E|CS|TAMS 0x0000000713200000| PB 0x0000000713200000| Complete 
| 154|0x0000000713400000, 0x0000000713600000, 0x0000000713600000|100%| E|CS|TAMS 0x0000000713400000| PB 0x0000000713400000| Complete 
| 155|0x0000000713600000, 0x0000000713800000, 0x0000000713800000|100%| E|CS|TAMS 0x0000000713600000| PB 0x0000000713600000| Complete 
| 156|0x0000000713800000, 0x0000000713a00000, 0x0000000713a00000|100%| E|CS|TAMS 0x0000000713800000| PB 0x0000000713800000| Complete 
| 157|0x0000000713a00000, 0x0000000713c00000, 0x0000000713c00000|100%| E|CS|TAMS 0x0000000713a00000| PB 0x0000000713a00000| Complete 
| 158|0x0000000713c00000, 0x0000000713e00000, 0x0000000713e00000|100%| E|CS|TAMS 0x0000000713c00000| PB 0x0000000713c00000| Complete 
| 159|0x0000000713e00000, 0x0000000714000000, 0x0000000714000000|100%| E|  |TAMS 0x0000000713e00000| PB 0x0000000713e00000| Complete 
| 160|0x0000000714000000, 0x0000000714200000, 0x0000000714200000|100%| E|CS|TAMS 0x0000000714000000| PB 0x0000000714000000| Complete 
|2047|0x00000007ffe00000, 0x0000000800000000, 0x0000000800000000|100%| E|CS|TAMS 0x00000007ffe00000| PB 0x00000007ffe00000| Complete 

Card table byte_map: [0x00000185e7000000,0x00000185e7800000] _byte_map_base: 0x00000185e3800000

Marking Bits: (CMBitMap*) 0x00000185cf0e8ae0
 Bits: [0x00000185e7800000, 0x00000185eb800000)

Polling page: 0x00000185ccff0000

Metaspace:

Usage:
  Non-class:     79.89 MB used.
      Class:     12.75 MB used.
       Both:     92.63 MB used.

Virtual space:
  Non-class space:      128.00 MB reserved,      81.00 MB ( 63%) committed,  2 nodes.
      Class space:        1.00 GB reserved,      13.81 MB (  1%) committed,  1 nodes.
             Both:        1.12 GB reserved,      94.81 MB (  8%) committed. 

Chunk freelists:
   Non-Class:  14.23 MB
       Class:  2.14 MB
        Both:  16.36 MB

MaxMetaspaceSize: 2.00 GB
CompressedClassSpaceSize: 1.00 GB
Initial GC threshold: 21.00 MB
Current GC threshold: 145.44 MB
CDS: on
 - commit_granule_bytes: 65536.
 - commit_granule_words: 8192.
 - virtual_space_node_default_size: 8388608.
 - enlarge_chunks_in_place: 1.
 - use_allocation_guard: 0.


Internal statistics:

num_allocs_failed_limit: 6.
num_arena_births: 3784.
num_arena_deaths: 2.
num_vsnodes_births: 3.
num_vsnodes_deaths: 0.
num_space_committed: 1517.
num_space_uncommitted: 0.
num_chunks_returned_to_freelist: 10.
num_chunks_taken_from_freelist: 7922.
num_chunk_merges: 6.
num_chunk_splits: 5141.
num_chunks_enlarged: 3186.
num_inconsistent_stats: 0.

CodeHeap 'non-profiled nmethods': size=120000Kb used=8400Kb max_used=8400Kb free=111599Kb
 bounds [0x00000185def90000, 0x00000185df7d0000, 0x00000185e64c0000]
CodeHeap 'profiled nmethods': size=120000Kb used=21670Kb max_used=22909Kb free=98329Kb
 bounds [0x00000185d74c0000, 0x00000185d8bd0000, 0x00000185de9f0000]
CodeHeap 'non-nmethods': size=5760Kb used=3202Kb max_used=3267Kb free=2557Kb
 bounds [0x00000185de9f0000, 0x00000185ded30000, 0x00000185def90000]
 total_blobs=12418 nmethods=11416 adapters=905
 compilation: enabled
              stopped_count=0, restarted_count=0
 full_count=0

Compilation events (20 events):
Event: 106.782 Thread 0x00000185ee246960 nmethod 14457 0x00000185d7bea010 code [0x00000185d7bea1a0, 0x00000185d7bea2b8]
Event: 106.782 Thread 0x00000185f6d1a480 14451       4       java.util.ArrayList$ArrayListSpliterator::tryAdvance (79 bytes)
Event: 106.784 Thread 0x00000185ee246960 14458       3       org.gradle.internal.instantiation.generator.AsmBackedClassGenerator$ClassBuilderImpl$38::<init> (64 bytes)
Event: 106.785 Thread 0x00000185f6d1a480 nmethod 14451 0x00000185df7c0510 code [0x00000185df7c06c0, 0x00000185df7c0890]
Event: 106.785 Thread 0x00000185f6d1a480 14448       4       java.lang.StringConcatHelper::stringOf (20 bytes)
Event: 106.785 Thread 0x00000185ee246960 nmethod 14458 0x00000185d8375590 code [0x00000185d83757e0, 0x00000185d8376320]
Event: 106.786 Thread 0x00000185f6d1a480 nmethod 14448 0x00000185df7c0a90 code [0x00000185df7c0c20, 0x00000185df7c0ce8]
Event: 106.786 Thread 0x00000185f6d1a480 14459       4       java.lang.Class::getAnnotation (22 bytes)
Event: 106.788 Thread 0x00000185ee246960 14460       3       org.objectweb.asm.Type::getReturnType (13 bytes)
Event: 106.788 Thread 0x00000185ee246960 nmethod 14460 0x00000185d85c7d10 code [0x00000185d85c7ee0, 0x00000185d85c8158]
Event: 106.788 Thread 0x00000185ee246960 14461       3       org.objectweb.asm.ByteVector::<init> (13 bytes)
Event: 106.788 Thread 0x00000185ee246960 nmethod 14461 0x00000185d8a74590 code [0x00000185d8a74740, 0x00000185d8a749b0]
Event: 106.788 Thread 0x00000185ee246960 14462       3       org.objectweb.asm.ByteVector::putByteArray (49 bytes)
Event: 106.789 Thread 0x00000185ee246960 nmethod 14462 0x00000185d8aca690 code [0x00000185d8aca860, 0x00000185d8acab48]
Event: 106.789 Thread 0x00000185ee246960 14463       3       org.gradle.internal.instantiation.generator.AsmBackedClassGenerator$ClassBuilderImpl::<init> (118 bytes)
Event: 106.791 Thread 0x00000185ee246960 nmethod 14463 0x00000185d8a6c710 code [0x00000185d8a6c920, 0x00000185d8a6d150]
Event: 106.791 Thread 0x00000185ee246960 14464       3       org.gradle.internal.instantiation.generator.AsmBackedClassGenerator$ClassBuilderImpl::includeNotInheritedAnnotations (121 bytes)
Event: 106.792 Thread 0x00000185ee246960 nmethod 14464 0x00000185d8674310 code [0x00000185d8674680, 0x00000185d8675b08]
Event: 106.792 Thread 0x00000185ee246960 14465       3       org.gradle.internal.instantiation.generator.AsmBackedClassGenerator$ClassBuilderImpl::generateInitMethod (67 bytes)
Event: 106.794 Thread 0x00000185ee246960 nmethod 14465 0x00000185d8ada810 code [0x00000185d8adab40, 0x00000185d8adbeb0]

GC Heap History (20 events):
Event: 97.887 GC heap before
{Heap before GC invocations=42 (full 0):
 garbage-first heap   total 225280K, used 202141K [0x0000000700000000, 0x0000000800000000)
  region size 2048K, 51 young (104448K), 3 survivors (6144K)
 Metaspace       used 87279K, committed 89408K, reserved 1179648K
  class space    used 12130K, committed 13184K, reserved 1048576K
}
Event: 97.896 GC heap after
{Heap after GC invocations=43 (full 0):
 garbage-first heap   total 225280K, used 105736K [0x0000000700000000, 0x0000000800000000)
  region size 2048K, 3 young (6144K), 3 survivors (6144K)
 Metaspace       used 87279K, committed 89408K, reserved 1179648K
  class space    used 12130K, committed 13184K, reserved 1048576K
}
Event: 98.545 GC heap before
{Heap before GC invocations=43 (full 0):
 garbage-first heap   total 225280K, used 204040K [0x0000000700000000, 0x0000000800000000)
  region size 2048K, 52 young (106496K), 3 survivors (6144K)
 Metaspace       used 87291K, committed 89408K, reserved 1179648K
  class space    used 12130K, committed 13184K, reserved 1048576K
}
Event: 98.552 GC heap after
{Heap after GC invocations=44 (full 0):
 garbage-first heap   total 270336K, used 106345K [0x0000000700000000, 0x0000000800000000)
  region size 2048K, 3 young (6144K), 3 survivors (6144K)
 Metaspace       used 87291K, committed 89408K, reserved 1179648K
  class space    used 12130K, committed 13184K, reserved 1048576K
}
Event: 99.171 GC heap before
{Heap before GC invocations=45 (full 0):
 garbage-first heap   total 270336K, used 245609K [0x0000000700000000, 0x0000000800000000)
  region size 2048K, 72 young (147456K), 3 survivors (6144K)
 Metaspace       used 87292K, committed 89408K, reserved 1179648K
  class space    used 12130K, committed 13184K, reserved 1048576K
}
Event: 99.177 GC heap after
{Heap after GC invocations=46 (full 0):
 garbage-first heap   total 270336K, used 106065K [0x0000000700000000, 0x0000000800000000)
  region size 2048K, 3 young (6144K), 3 survivors (6144K)
 Metaspace       used 87292K, committed 89408K, reserved 1179648K
  class space    used 12130K, committed 13184K, reserved 1048576K
}
Event: 99.626 GC heap before
{Heap before GC invocations=46 (full 0):
 garbage-first heap   total 270336K, used 245329K [0x0000000700000000, 0x0000000800000000)
  region size 2048K, 72 young (147456K), 3 survivors (6144K)
 Metaspace       used 87292K, committed 89408K, reserved 1179648K
  class space    used 12130K, committed 13184K, reserved 1048576K
}
Event: 99.634 GC heap after
{Heap after GC invocations=47 (full 0):
 garbage-first heap   total 270336K, used 107615K [0x0000000700000000, 0x0000000800000000)
  region size 2048K, 4 young (8192K), 4 survivors (8192K)
 Metaspace       used 87292K, committed 89408K, reserved 1179648K
  class space    used 12130K, committed 13184K, reserved 1048576K
}
Event: 99.913 GC heap before
{Heap before GC invocations=47 (full 0):
 garbage-first heap   total 270336K, used 244831K [0x0000000700000000, 0x0000000800000000)
  region size 2048K, 71 young (145408K), 4 survivors (8192K)
 Metaspace       used 87292K, committed 89408K, reserved 1179648K
  class space    used 12130K, committed 13184K, reserved 1048576K
}
Event: 99.919 GC heap after
{Heap after GC invocations=48 (full 0):
 garbage-first heap   total 270336K, used 107962K [0x0000000700000000, 0x0000000800000000)
  region size 2048K, 4 young (8192K), 4 survivors (8192K)
 Metaspace       used 87292K, committed 89408K, reserved 1179648K
  class space    used 12130K, committed 13184K, reserved 1048576K
}
Event: 100.415 GC heap before
{Heap before GC invocations=49 (full 0):
 garbage-first heap   total 276480K, used 245178K [0x0000000700000000, 0x0000000800000000)
  region size 2048K, 71 young (145408K), 4 survivors (8192K)
 Metaspace       used 87293K, committed 89408K, reserved 1179648K
  class space    used 12130K, committed 13184K, reserved 1048576K
}
Event: 100.423 GC heap after
{Heap after GC invocations=50 (full 0):
 garbage-first heap   total 276480K, used 109032K [0x0000000700000000, 0x0000000800000000)
  region size 2048K, 5 young (10240K), 5 survivors (10240K)
 Metaspace       used 87293K, committed 89408K, reserved 1179648K
  class space    used 12130K, committed 13184K, reserved 1048576K
}
Event: 100.749 GC heap before
{Heap before GC invocations=50 (full 0):
 garbage-first heap   total 276480K, used 248296K [0x0000000700000000, 0x0000000800000000)
  region size 2048K, 73 young (149504K), 5 survivors (10240K)
 Metaspace       used 87294K, committed 89408K, reserved 1179648K
  class space    used 12130K, committed 13184K, reserved 1048576K
}
Event: 100.760 GC heap after
{Heap after GC invocations=51 (full 0):
 garbage-first heap   total 276480K, used 109218K [0x0000000700000000, 0x0000000800000000)
  region size 2048K, 5 young (10240K), 5 survivors (10240K)
 Metaspace       used 87294K, committed 89408K, reserved 1179648K
  class space    used 12130K, committed 13184K, reserved 1048576K
}
Event: 101.165 GC heap before
{Heap before GC invocations=51 (full 0):
 garbage-first heap   total 276480K, used 248482K [0x0000000700000000, 0x0000000800000000)
  region size 2048K, 73 young (149504K), 5 survivors (10240K)
 Metaspace       used 87294K, committed 89408K, reserved 1179648K
  class space    used 12130K, committed 13184K, reserved 1048576K
}
Event: 101.169 GC heap after
{Heap after GC invocations=52 (full 0):
 garbage-first heap   total 331776K, used 102824K [0x0000000700000000, 0x0000000800000000)
  region size 2048K, 2 young (4096K), 2 survivors (4096K)
 Metaspace       used 87294K, committed 89408K, reserved 1179648K
  class space    used 12130K, committed 13184K, reserved 1048576K
}
Event: 102.958 GC heap before
{Heap before GC invocations=53 (full 0):
 garbage-first heap   total 331776K, used 295336K [0x0000000700000000, 0x0000000800000000)
  region size 2048K, 97 young (198656K), 2 survivors (4096K)
 Metaspace       used 87346K, committed 89472K, reserved 1179648K
  class space    used 12138K, committed 13184K, reserved 1048576K
}
Event: 102.961 GC heap after
{Heap after GC invocations=54 (full 0):
 garbage-first heap   total 331776K, used 102229K [0x0000000700000000, 0x0000000800000000)
  region size 2048K, 1 young (2048K), 1 survivors (2048K)
 Metaspace       used 87346K, committed 89472K, reserved 1179648K
  class space    used 12138K, committed 13184K, reserved 1048576K
}
Event: 105.997 GC heap before
{Heap before GC invocations=54 (full 0):
 garbage-first heap   total 331776K, used 304981K [0x0000000700000000, 0x0000000800000000)
  region size 2048K, 97 young (198656K), 1 survivors (2048K)
 Metaspace       used 92493K, committed 94720K, reserved 1179648K
  class space    used 12744K, committed 13824K, reserved 1048576K
}
Event: 106.011 GC heap after
{Heap after GC invocations=55 (full 0):
 garbage-first heap   total 331776K, used 123447K [0x0000000700000000, 0x0000000800000000)
  region size 2048K, 8 young (16384K), 8 survivors (16384K)
 Metaspace       used 92493K, committed 94720K, reserved 1179648K
  class space    used 12744K, committed 13824K, reserved 1048576K
}

Dll operation events (15 events):
Event: 0.018 Loaded shared library C:\Program Files (x86)\Java\jdk-21\bin\java.dll
Event: 0.099 Loaded shared library C:\Program Files (x86)\Java\jdk-21\bin\jsvml.dll
Event: 0.201 Loaded shared library C:\Program Files (x86)\Java\jdk-21\bin\zip.dll
Event: 0.211 Loaded shared library C:\Program Files (x86)\Java\jdk-21\bin\instrument.dll
Event: 0.222 Loaded shared library C:\Program Files (x86)\Java\jdk-21\bin\net.dll
Event: 0.225 Loaded shared library C:\Program Files (x86)\Java\jdk-21\bin\nio.dll
Event: 0.238 Loaded shared library C:\Program Files (x86)\Java\jdk-21\bin\zip.dll
Event: 0.953 Loaded shared library C:\Program Files (x86)\Java\jdk-21\bin\jimage.dll
Event: 1.348 Loaded shared library C:\Program Files (x86)\Java\jdk-21\bin\verify.dll
Event: 1.779 Loaded shared library C:\Users\ftour\.gradle\native\68d5fa5c4cc2d200863cafc0d521ce42e7d3e7ee720ec0a83991735586a16f82\windows-amd64\native-platform.dll
Event: 1.824 Loaded shared library C:\Users\ftour\.gradle\native\e376f236ea51e6404a007f0833ffe2c6e607c4080706a723a18a27aeea778392\windows-amd64\native-platform-file-events.dll
Event: 4.555 Loaded shared library C:\Program Files (x86)\Java\jdk-21\bin\management.dll
Event: 4.564 Loaded shared library C:\Program Files (x86)\Java\jdk-21\bin\management_ext.dll
Event: 5.135 Loaded shared library C:\Program Files (x86)\Java\jdk-21\bin\extnet.dll
Event: 5.469 Loaded shared library C:\Program Files (x86)\Java\jdk-21\bin\sunmscapi.dll

Deoptimization events (20 events):
Event: 106.121 Thread 0x00000185ee793e00 DEOPT PACKING pc=0x00000185df361230 sp=0x000000134f1eec00
Event: 106.121 Thread 0x00000185ee793e00 DEOPT UNPACKING pc=0x00000185dea47da2 sp=0x000000134f1eea98 mode 2
Event: 106.126 Thread 0x00000185ee793e00 Uncommon trap: trap_request=0xffffff45 fr.pc=0x00000185df233a88 relative=0x0000000000000868
Event: 106.126 Thread 0x00000185ee793e00 Uncommon trap: reason=unstable_if action=reinterpret pc=0x00000185df233a88 method=java.util.jar.JarFile.getEntry(Ljava/lang/String;)Ljava/util/zip/ZipEntry; @ 15 c2
Event: 106.126 Thread 0x00000185ee793e00 DEOPT PACKING pc=0x00000185df233a88 sp=0x000000134f1ed380
Event: 106.126 Thread 0x00000185ee793e00 DEOPT UNPACKING pc=0x00000185dea47da2 sp=0x000000134f1ed378 mode 2
Event: 106.130 Thread 0x00000185ee793e00 Uncommon trap: trap_request=0xffffff45 fr.pc=0x00000185df36c6b0 relative=0x0000000000004950
Event: 106.130 Thread 0x00000185ee793e00 Uncommon trap: reason=unstable_if action=reinterpret pc=0x00000185df36c6b0 method=java.util.jar.JarFile$JarFileEntry.getCodeSigners()[Ljava/security/CodeSigner; @ 34 c2
Event: 106.130 Thread 0x00000185ee793e00 DEOPT PACKING pc=0x00000185df36c6b0 sp=0x000000134f1ed120
Event: 106.130 Thread 0x00000185ee793e00 DEOPT UNPACKING pc=0x00000185dea47da2 sp=0x000000134f1ed020 mode 2
Event: 106.338 Thread 0x00000185ee793e00 Uncommon trap: trap_request=0xffffff45 fr.pc=0x00000185df2f8654 relative=0x0000000000002394
Event: 106.338 Thread 0x00000185ee793e00 Uncommon trap: reason=unstable_if action=reinterpret pc=0x00000185df2f8654 method=java.util.regex.Pattern.compile()V @ 133 c2
Event: 106.338 Thread 0x00000185ee793e00 DEOPT PACKING pc=0x00000185df2f8654 sp=0x000000134f1f1b60
Event: 106.338 Thread 0x00000185ee793e00 DEOPT UNPACKING pc=0x00000185dea47da2 sp=0x000000134f1f1b48 mode 2
Event: 106.671 Thread 0x00000185ee793e00 Uncommon trap: trap_request=0xffffff45 fr.pc=0x00000185df41bfe0 relative=0x00000000000000c0
Event: 106.671 Thread 0x00000185ee793e00 Uncommon trap: reason=unstable_if action=reinterpret pc=0x00000185df41bfe0 method=java.lang.CharacterDataLatin1.isUpperCase(I)Z @ 7 c2
Event: 106.671 Thread 0x00000185ee793e00 DEOPT PACKING pc=0x00000185df41bfe0 sp=0x000000134f1f2520
Event: 106.672 Thread 0x00000185ee793e00 DEOPT UNPACKING pc=0x00000185dea47da2 sp=0x000000134f1f23f0 mode 2
Event: 106.745 Thread 0x00000185ee793e00 DEOPT PACKING pc=0x00000185d80e2470 sp=0x000000134f1f2200
Event: 106.745 Thread 0x00000185ee793e00 DEOPT UNPACKING pc=0x00000185dea488e2 sp=0x000000134f1f1720 mode 0

Classes loaded (20 events):
Event: 105.940 Loading class sun/security/provider/DSA$SHA1withDSA
Event: 105.941 Loading class sun/security/provider/DSA$SHA1withDSA done
Event: 105.941 Loading class java/security/interfaces/DSAParams
Event: 105.941 Loading class java/security/interfaces/DSAParams done
Event: 105.941 Loading class java/security/spec/DSAParameterSpec
Event: 105.942 Loading class java/security/spec/DSAParameterSpec done
Event: 105.942 Loading class java/math/SignedMutableBigInteger
Event: 105.943 Loading class java/math/SignedMutableBigInteger done
Event: 105.955 Loading class java/security/cert/CertPathValidatorException
Event: 105.956 Loading class java/security/cert/CertPathValidatorException done
Event: 105.957 Loading class java/time/Instant$1
Event: 105.958 Loading class java/time/Instant$1 done
Event: 105.958 Loading class java/security/cert/CertPathValidatorException$BasicReason
Event: 105.958 Loading class java/security/cert/CertPathValidatorException$Reason
Event: 105.958 Loading class java/security/cert/CertPathValidatorException$Reason done
Event: 105.958 Loading class java/security/cert/CertPathValidatorException$BasicReason done
Event: 106.394 Loading class java/lang/foreign/ValueLayout
Event: 106.395 Loading class java/lang/foreign/MemoryLayout
Event: 106.396 Loading class java/lang/foreign/MemoryLayout done
Event: 106.396 Loading class java/lang/foreign/ValueLayout done

Classes unloaded (4 events):
Event: 76.537 Thread 0x00000185ee20cda0 Unloading class 0x0000018581c09000 '_BuildScript_$_run_closure1$_closure3'
Event: 76.537 Thread 0x00000185ee20cda0 Unloading class 0x0000018581c08920 '_BuildScript_$_run_closure1$_closure2'
Event: 76.537 Thread 0x00000185ee20cda0 Unloading class 0x0000018581c08538 '_BuildScript_$_run_closure1'
Event: 76.537 Thread 0x00000185ee20cda0 Unloading class 0x0000018581c08000 '_BuildScript_'

Classes redefined (0 events):
No events

Internal exceptions (20 events):
Event: 97.672 Thread 0x00000185f3e6c2c0 Exception <a 'sun/nio/fs/WindowsException'{0x000000070ab7f8d0}> (0x000000070ab7f8d0) 
thrown [s\open\src\hotspot\share\prims\jni.cpp, line 520]
Event: 97.912 Thread 0x00000185f3e687b0 Implicit null exception at 0x00000185df6ecf63 to 0x00000185df6ed964
Event: 97.915 Thread 0x00000185f3e687b0 Exception <a 'sun/nio/fs/WindowsException'{0x000000070d647790}> (0x000000070d647790) 
thrown [s\open\src\hotspot\share\prims\jni.cpp, line 520]
Event: 97.917 Thread 0x00000185f3e687b0 Exception <a 'sun/nio/fs/WindowsException'{0x000000070d647918}> (0x000000070d647918) 
thrown [s\open\src\hotspot\share\prims\jni.cpp, line 520]
Event: 98.369 Thread 0x00000185f3e67a90 Exception <a 'sun/nio/fs/WindowsException'{0x0000000709fbdbf0}> (0x0000000709fbdbf0) 
thrown [s\open\src\hotspot\share\prims\jni.cpp, line 520]
Event: 98.385 Thread 0x00000185f3e67a90 Exception <a 'sun/nio/fs/WindowsException'{0x0000000709fbdda8}> (0x0000000709fbdda8) 
thrown [s\open\src\hotspot\share\prims\jni.cpp, line 520]
Event: 98.738 Thread 0x00000185f3e666e0 Exception <a 'sun/nio/fs/WindowsException'{0x000000070ee18cf8}> (0x000000070ee18cf8) 
thrown [s\open\src\hotspot\share\prims\jni.cpp, line 520]
Event: 98.767 Thread 0x00000185f3e666e0 Exception <a 'sun/nio/fs/WindowsException'{0x000000070ee18ed0}> (0x000000070ee18ed0) 
thrown [s\open\src\hotspot\share\prims\jni.cpp, line 520]
Event: 100.845 Thread 0x00000185f3e6bc30 Exception <a 'sun/nio/fs/WindowsException'{0x000000070e4b2958}> (0x000000070e4b2958) 
thrown [s\open\src\hotspot\share\prims\jni.cpp, line 520]
Event: 100.847 Thread 0x00000185f3e6bc30 Exception <a 'sun/nio/fs/WindowsException'{0x000000070e4b2ae0}> (0x000000070e4b2ae0) 
thrown [s\open\src\hotspot\share\prims\jni.cpp, line 520]
Event: 101.015 Thread 0x00000185f3e69b60 Exception <a 'sun/nio/fs/WindowsException'{0x000000070aac4350}> (0x000000070aac4350) 
thrown [s\open\src\hotspot\share\prims\jni.cpp, line 520]
Event: 101.016 Thread 0x00000185f3e69b60 Exception <a 'sun/nio/fs/WindowsException'{0x000000070aac44e0}> (0x000000070aac44e0) 
thrown [s\open\src\hotspot\share\prims\jni.cpp, line 520]
Event: 101.377 Thread 0x00000185f3e6af10 Exception <a 'sun/nio/fs/WindowsException'{0x00000007122fcbe0}> (0x00000007122fcbe0) 
thrown [s\open\src\hotspot\share\prims\jni.cpp, line 520]
Event: 101.379 Thread 0x00000185f3e6af10 Exception <a 'sun/nio/fs/WindowsException'{0x00000007122fcd68}> (0x00000007122fcd68) 
thrown [s\open\src\hotspot\share\prims\jni.cpp, line 520]
Event: 104.367 Thread 0x00000185ee793e00 Exception <a 'java/lang/ClassNotFoundException'{0x000000070c4e2dd8}: build_auge4nozgyspc5s97w3n8q6a4BeanInfo> (0x000000070c4e2dd8) 
thrown [s\open\src\hotspot\share\classfile\systemDictionary.cpp, line 312]
Event: 104.369 Thread 0x00000185ee793e00 Exception <a 'java/lang/ClassNotFoundException'{0x000000070c4e9350}: build_auge4nozgyspc5s97w3n8q6a4Customizer> (0x000000070c4e9350) 
thrown [s\open\src\hotspot\share\classfile\systemDictionary.cpp, line 312]
Event: 104.384 Thread 0x00000185ee793e00 Implicit null exception at 0x00000185df6317f4 to 0x00000185df632a00
Event: 104.493 Thread 0x00000185ee793e00 Exception <a 'java/lang/ClassNotFoundException'{0x000000070c298be8}: build_bzkumcck8mgnh838amk2quzjkBeanInfo> (0x000000070c298be8) 
thrown [s\open\src\hotspot\share\classfile\systemDictionary.cpp, line 312]
Event: 104.496 Thread 0x00000185ee793e00 Exception <a 'java/lang/ClassNotFoundException'{0x000000070c2a6ad0}: build_bzkumcck8mgnh838amk2quzjkCustomizer> (0x000000070c2a6ad0) 
thrown [s\open\src\hotspot\share\classfile\systemDictionary.cpp, line 312]
Event: 105.932 Thread 0x00000185ee793e00 Implicit null exception at 0x00000185df0bc55d to 0x00000185df0bc7a0

ZGC Phase Switch (0 events):
No events

VM Operations (20 events):
Event: 101.340 Executing VM operation: G1PauseCleanup
Event: 101.340 Executing VM operation: G1PauseCleanup done
Event: 101.401 Executing VM operation: HandshakeAllThreads (Deoptimize)
Event: 101.401 Executing VM operation: HandshakeAllThreads (Deoptimize) done
Event: 102.410 Executing VM operation: Cleanup
Event: 102.412 Executing VM operation: Cleanup done
Event: 102.958 Executing VM operation: G1CollectForAllocation (G1 Evacuation Pause)
Event: 102.961 Executing VM operation: G1CollectForAllocation (G1 Evacuation Pause) done
Event: 103.965 Executing VM operation: Cleanup
Event: 103.966 Executing VM operation: Cleanup done
Event: 104.253 Executing VM operation: HandshakeAllThreads (Deoptimize)
Event: 104.254 Executing VM operation: HandshakeAllThreads (Deoptimize) done
Event: 105.269 Executing VM operation: Cleanup
Event: 105.269 Executing VM operation: Cleanup done
Event: 105.947 Executing VM operation: HandshakeAllThreads (Deoptimize)
Event: 105.947 Executing VM operation: HandshakeAllThreads (Deoptimize) done
Event: 105.996 Executing VM operation: G1CollectForAllocation (G1 Evacuation Pause)
Event: 106.011 Executing VM operation: G1CollectForAllocation (G1 Evacuation Pause) done
Event: 107.014 Executing VM operation: Cleanup
Event: 107.014 Executing VM operation: Cleanup done

Events (20 events):
Event: 101.287 Thread 0x00000185ee20cda0 flushing nmethod 0x00000185d7aa9890
Event: 101.287 Thread 0x00000185ee20cda0 flushing nmethod 0x00000185d797c590
Event: 101.287 Thread 0x00000185ee20cda0 flushing nmethod 0x00000185d78a1490
Event: 101.287 Thread 0x00000185ee20cda0 flushing nmethod 0x00000185d7843110
Event: 101.287 Thread 0x00000185ee20cda0 flushing nmethod 0x00000185df6ca390
Event: 101.287 Thread 0x00000185ee20cda0 flushing nmethod 0x00000185d755d290
Event: 101.287 Thread 0x00000185ee20cda0 flushing nmethod 0x00000185df6a7c90
Event: 101.287 Thread 0x00000185ee20cda0 flushing nmethod 0x00000185d7505390
Event: 101.287 Thread 0x00000185ee20cda0 flushing nmethod 0x00000185d74dea10
Event: 101.287 Thread 0x00000185ee20cda0 flushing nmethod 0x00000185d74dd190
Event: 101.287 Thread 0x00000185ee20cda0 flushing nmethod 0x00000185df50f790
Event: 101.287 Thread 0x00000185ee20cda0 flushing nmethod 0x00000185df26a590
Event: 101.900 Thread 0x00000185f6d16060 Thread added: 0x00000185f6d16060
Event: 103.130 Thread 0x00000185f6d16060 Thread exited: 0x00000185f6d16060
Event: 103.426 Thread 0x00000185f6d16060 Thread added: 0x00000185f6d16060
Event: 103.862 Thread 0x00000185f6d16060 Thread exited: 0x00000185f6d16060
Event: 104.158 Thread 0x00000185f6d18270 Thread added: 0x00000185f6d18270
Event: 104.960 Thread 0x00000185f6d18270 Thread exited: 0x00000185f6d18270
Event: 105.703 Thread 0x00000185f6d16e00 Thread added: 0x00000185f6d16e00
Event: 106.644 Thread 0x00000185f6d1a480 Thread added: 0x00000185f6d1a480


Dynamic libraries:
0x00007ff68fdd0000 - 0x00007ff68fde0000 	C:\Program Files (x86)\Java\jdk-21\bin\java.exe
0x00007ffb38820000 - 0x00007ffb38a83000 	C:\WINDOWS\SYSTEM32\ntdll.dll
0x00007ffb37900000 - 0x00007ffb379c7000 	C:\WINDOWS\System32\KERNEL32.DLL
0x00007ffb36100000 - 0x00007ffb364c9000 	C:\WINDOWS\System32\KERNELBASE.dll
0x00007ffb316e0000 - 0x00007ffb3177c000 	C:\WINDOWS\SYSTEM32\apphelp.dll
0x00007ffb35c50000 - 0x00007ffb35d9c000 	C:\WINDOWS\System32\ucrtbase.dll
0x00007ffb2b3c0000 - 0x00007ffb2b3db000 	C:\Program Files (x86)\Java\jdk-21\bin\VCRUNTIME140.dll
0x00007ffb2b380000 - 0x00007ffb2b399000 	C:\Program Files (x86)\Java\jdk-21\bin\jli.dll
0x00007ffb36650000 - 0x00007ffb36702000 	C:\WINDOWS\System32\ADVAPI32.dll
0x00007ffb38190000 - 0x00007ffb38239000 	C:\WINDOWS\System32\msvcrt.dll
0x00007ffb380e0000 - 0x00007ffb38186000 	C:\WINDOWS\System32\sechost.dll
0x00007ffb36ad0000 - 0x00007ffb36be6000 	C:\WINDOWS\System32\RPCRT4.dll
0x00007ffb383d0000 - 0x00007ffb3859a000 	C:\WINDOWS\System32\USER32.dll
0x00007ffb36610000 - 0x00007ffb36637000 	C:\WINDOWS\System32\win32u.dll
0x00007ffb36aa0000 - 0x00007ffb36aca000 	C:\WINDOWS\System32\GDI32.dll
0x00007ffb0c8d0000 - 0x00007ffb0cb60000 	C:\WINDOWS\WinSxS\amd64_microsoft.windows.common-controls_6595b64144ccf1df_6.0.26100.3323_none_3e088096e3344490\COMCTL32.dll
0x00007ffb364d0000 - 0x00007ffb36601000 	C:\WINDOWS\System32\gdi32full.dll
0x00007ffb35a20000 - 0x00007ffb35ac3000 	C:\WINDOWS\System32\msvcp_win.dll
0x00007ffb2bab0000 - 0x00007ffb2babb000 	C:\WINDOWS\SYSTEM32\VERSION.dll
0x00007ffb379d0000 - 0x00007ffb379ff000 	C:\WINDOWS\System32\IMM32.DLL
0x00007ffb2b290000 - 0x00007ffb2b29c000 	C:\Program Files (x86)\Java\jdk-21\bin\vcruntime140_1.dll
0x00007ffaee2c0000 - 0x00007ffaee34e000 	C:\Program Files (x86)\Java\jdk-21\bin\msvcp140.dll
0x00007ffaaf5e0000 - 0x00007ffab02f5000 	C:\Program Files (x86)\Java\jdk-21\bin\server\jvm.dll
0x00007ffb382d0000 - 0x00007ffb38344000 	C:\WINDOWS\System32\WS2_32.dll
0x00007ffb35420000 - 0x00007ffb3546e000 	C:\WINDOWS\SYSTEM32\POWRPROF.dll
0x00007ffb13f00000 - 0x00007ffb13f36000 	C:\WINDOWS\SYSTEM32\WINMM.dll
0x00007ffb35400000 - 0x00007ffb35414000 	C:\WINDOWS\SYSTEM32\UMPDC.dll
0x00007ffb34820000 - 0x00007ffb3483a000 	C:\WINDOWS\SYSTEM32\kernel.appcore.dll
0x00007ffb29c30000 - 0x00007ffb29c3a000 	C:\Program Files (x86)\Java\jdk-21\bin\jimage.dll
0x00007ffb332f0000 - 0x00007ffb33531000 	C:\WINDOWS\SYSTEM32\DBGHELP.DLL
0x00007ffb36710000 - 0x00007ffb36a92000 	C:\WINDOWS\System32\combase.dll
0x00007ffb37820000 - 0x00007ffb378f6000 	C:\WINDOWS\System32\OLEAUT32.dll
0x00007ffb116b0000 - 0x00007ffb116e9000 	C:\WINDOWS\SYSTEM32\dbgcore.DLL
0x00007ffb35ef0000 - 0x00007ffb35f89000 	C:\WINDOWS\System32\bcryptPrimitives.dll
0x00007ffb29c20000 - 0x00007ffb29c2f000 	C:\Program Files (x86)\Java\jdk-21\bin\instrument.dll
0x00007ffb11780000 - 0x00007ffb1179f000 	C:\Program Files (x86)\Java\jdk-21\bin\java.dll
0x00007ffb37100000 - 0x00007ffb37815000 	C:\WINDOWS\System32\SHELL32.dll
0x00007ffb35f90000 - 0x00007ffb360f8000 	C:\WINDOWS\System32\wintypes.dll
0x00007ffb336d0000 - 0x00007ffb33f15000 	C:\WINDOWS\SYSTEM32\windows.storage.dll
0x00007ffb37010000 - 0x00007ffb370fb000 	C:\WINDOWS\System32\SHCORE.dll
0x00007ffb38270000 - 0x00007ffb382cd000 	C:\WINDOWS\System32\shlwapi.dll
0x00007ffb35930000 - 0x00007ffb3595f000 	C:\WINDOWS\SYSTEM32\profapi.dll
0x00007ffaecb30000 - 0x00007ffaecc07000 	C:\Program Files (x86)\Java\jdk-21\bin\jsvml.dll
0x00007ffb11740000 - 0x00007ffb11758000 	C:\Program Files (x86)\Java\jdk-21\bin\zip.dll
0x00007ffb28a10000 - 0x00007ffb28a20000 	C:\Program Files (x86)\Java\jdk-21\bin\net.dll
0x00007ffb2b820000 - 0x00007ffb2b93e000 	C:\WINDOWS\SYSTEM32\WINHTTP.dll
0x00007ffb34d60000 - 0x00007ffb34dca000 	C:\WINDOWS\system32\mswsock.dll
0x00007ffb07c10000 - 0x00007ffb07c26000 	C:\Program Files (x86)\Java\jdk-21\bin\nio.dll
0x00007ffb28480000 - 0x00007ffb28490000 	C:\Program Files (x86)\Java\jdk-21\bin\verify.dll
0x00007ffb02ad0000 - 0x00007ffb02af7000 	C:\Users\ftour\.gradle\native\68d5fa5c4cc2d200863cafc0d521ce42e7d3e7ee720ec0a83991735586a16f82\windows-amd64\native-platform.dll
0x00007ffa65ef0000 - 0x00007ffa66034000 	C:\Users\ftour\.gradle\native\e376f236ea51e6404a007f0833ffe2c6e607c4080706a723a18a27aeea778392\windows-amd64\native-platform-file-events.dll
0x00007ffb11700000 - 0x00007ffb1170a000 	C:\Program Files (x86)\Java\jdk-21\bin\management.dll
0x00007ffb114b0000 - 0x00007ffb114bb000 	C:\Program Files (x86)\Java\jdk-21\bin\management_ext.dll
0x00007ffb37bb0000 - 0x00007ffb37bb8000 	C:\WINDOWS\System32\PSAPI.DLL
0x00007ffb35000000 - 0x00007ffb3501c000 	C:\WINDOWS\SYSTEM32\CRYPTSP.dll
0x00007ffb34780000 - 0x00007ffb347ba000 	C:\WINDOWS\system32\rsaenh.dll
0x00007ffb34e00000 - 0x00007ffb34e2b000 	C:\WINDOWS\SYSTEM32\USERENV.dll
0x00007ffb352b0000 - 0x00007ffb352d6000 	C:\WINDOWS\SYSTEM32\bcrypt.dll
0x00007ffb35020000 - 0x00007ffb3502c000 	C:\WINDOWS\SYSTEM32\CRYPTBASE.dll
0x00007ffb34230000 - 0x00007ffb34263000 	C:\WINDOWS\SYSTEM32\IPHLPAPI.DLL
0x00007ffb36f30000 - 0x00007ffb36f3a000 	C:\WINDOWS\System32\NSI.dll
0x00007ffb0f0d0000 - 0x00007ffb0f0d7000 	C:\Program Files (x86)\Java\jdk-21\bin\extnet.dll
0x00007ffb12050000 - 0x00007ffb1205e000 	C:\Program Files (x86)\Java\jdk-21\bin\sunmscapi.dll
0x00007ffb35ad0000 - 0x00007ffb35c47000 	C:\WINDOWS\System32\CRYPT32.dll
0x00007ffb35270000 - 0x00007ffb352a0000 	C:\WINDOWS\SYSTEM32\ncrypt.dll
0x00007ffb35220000 - 0x00007ffb3525f000 	C:\WINDOWS\SYSTEM32\NTASN1.dll
0x00007ffaa30c0000 - 0x00007ffaa30c8000 	C:\WINDOWS\system32\wshunix.dll
0x00007ffb0d570000 - 0x00007ffb0d588000 	C:\WINDOWS\system32\napinsp.dll
0x00007ffb342c0000 - 0x00007ffb343e5000 	C:\WINDOWS\SYSTEM32\DNSAPI.dll
0x00007ffb0d200000 - 0x00007ffb0d212000 	C:\WINDOWS\System32\winrnr.dll
0x00007ffb0d1d0000 - 0x00007ffb0d1f2000 	C:\WINDOWS\system32\nlansp_c.dll
0x00007ffb2a910000 - 0x00007ffb2a926000 	C:\WINDOWS\system32\wshbth.dll
0x00007ffb2c9f0000 - 0x00007ffb2c9fb000 	C:\Windows\System32\rasadhlp.dll
0x00007ffb30340000 - 0x00007ffb303c5000 	C:\WINDOWS\System32\fwpuclnt.dll

dbghelp: loaded successfully - version: 4.0.5 - missing functions: none
symbol engine: initialized successfully - sym options: 0x614 - pdb path: .;C:\Program Files (x86)\Java\jdk-21\bin;C:\WINDOWS\SYSTEM32;C:\WINDOWS\WinSxS\amd64_microsoft.windows.common-controls_6595b64144ccf1df_6.0.26100.3323_none_3e088096e3344490;C:\Program Files (x86)\Java\jdk-21\bin\server;C:\Users\ftour\.gradle\native\68d5fa5c4cc2d200863cafc0d521ce42e7d3e7ee720ec0a83991735586a16f82\windows-amd64;C:\Users\ftour\.gradle\native\e376f236ea51e6404a007f0833ffe2c6e607c4080706a723a18a27aeea778392\windows-amd64

VM Arguments:
jvm_args: -XX:MaxMetaspaceSize=2G -XX:+HeapDumpOnOutOfMemoryError --add-opens=java.base/java.util=ALL-UNNAMED --add-opens=java.base/java.lang=ALL-UNNAMED --add-opens=java.base/java.lang.invoke=ALL-UNNAMED --add-opens=java.prefs/java.util.prefs=ALL-UNNAMED --add-opens=java.base/java.nio.charset=ALL-UNNAMED --add-opens=java.base/java.net=ALL-UNNAMED --add-opens=java.base/java.util.concurrent.atomic=ALL-UNNAMED -Xmx4G -Dfile.encoding=utf8 -Duser.country=IE -Duser.language=en -Duser.variant -javaagent:C:\Users\ftour\.gradle\wrapper\dists\gradle-8.3-all\6en3ugtfdg5xnpx44z4qbwgas\gradle-8.3\lib\agents\gradle-instrumentation-agent-8.3.jar 
java_command: org.gradle.launcher.daemon.bootstrap.GradleDaemon 8.3
java_class_path (initial): C:\Users\ftour\.gradle\wrapper\dists\gradle-8.3-all\6en3ugtfdg5xnpx44z4qbwgas\gradle-8.3\lib\gradle-launcher-8.3.jar
Launcher Type: SUN_STANDARD

[Global flags]
     intx CICompilerCount                          = 4                                         {product} {ergonomic}
     uint ConcGCThreads                            = 2                                         {product} {ergonomic}
     uint G1ConcRefinementThreads                  = 8                                         {product} {ergonomic}
   size_t G1HeapRegionSize                         = 2097152                                   {product} {ergonomic}
    uintx GCDrainStackTargetSize                   = 64                                        {product} {ergonomic}
     bool HeapDumpOnOutOfMemoryError               = true                                   {manageable} {command line}
   size_t InitialHeapSize                          = 132120576                                 {product} {ergonomic}
   size_t MarkStackSize                            = 4194304                                   {product} {ergonomic}
   size_t MaxHeapSize                              = 4294967296                                {product} {command line}
   size_t MaxMetaspaceSize                         = 2147483648                                {product} {command line}
   size_t MaxNewSize                               = 2575302656                                {product} {ergonomic}
   size_t MinHeapDeltaBytes                        = 2097152                                   {product} {ergonomic}
   size_t MinHeapSize                              = 8388608                                   {product} {ergonomic}
    uintx NonNMethodCodeHeapSize                   = 5839372                                {pd product} {ergonomic}
    uintx NonProfiledCodeHeapSize                  = 122909434                              {pd product} {ergonomic}
    uintx ProfiledCodeHeapSize                     = 122909434                              {pd product} {ergonomic}
    uintx ReservedCodeCacheSize                    = 251658240                              {pd product} {ergonomic}
     bool SegmentedCodeCache                       = true                                      {product} {ergonomic}
   size_t SoftMaxHeapSize                          = 4294967296                             {manageable} {ergonomic}
     bool UseCompressedOops                        = true                           {product lp64_product} {ergonomic}
     bool UseG1GC                                  = true                                      {product} {ergonomic}
     bool UseLargePagesIndividualAllocation        = false                                  {pd product} {ergonomic}

Logging:
Log output configuration:
 #0: stdout all=warning uptime,level,tags foldmultilines=false
 #1: stderr all=off uptime,level,tags foldmultilines=false

Environment Variables:
JAVA_HOME=C:\Program Files (x86)\Java\jdk-21
PATH=C:\Program Files\Common Files\Oracle\Java\javapath;C:\Program Files (x86)\Common Files\Oracle\Java\javapath;C:\WINDOWS\system32;C:\WINDOWS;C:\WINDOWS\System32\Wbem;C:\WINDOWS\System32\WindowsPowerShell\v1.0\;C:\WINDOWS\System32\OpenSSH\;C:\ProgramData\chocolatey\bin;C:\Program Files\nodejs\bin\;C:\Program Files\MySQL\MySQL Server 8.0\bin;C:\Program Files (x86)\Java\jdk-21\bin;C:\Program Files\HP\HP One Agent;C:\Program Files\Git\cmd;C:\Flutter\bin;C:\AndroidSDK\platform-tools;C:\apache-maven-3.9.9\bin;C:\ngrok;;%SystemRoot%\system32;%SystemRoot%;%SystemRoot%\System32\Wbem;%SYSTEMROOT%\System32\WindowsPowerShell\v1.0\;%SYSTEMROOT%\System32\OpenSSH\;C:\Program Files\MySQL\MySQL Shell 8.0\bin\;C:\Python311\Scripts\;C:\Python311\;C:\Users\ftour\AppData\Local\Programs\Python\Python311\Scripts\;C:\Users\ftour\AppData\Local\Programs\Python\Python311\;C:\Users\ftour\AppData\Local\Programs\Python\Launcher\;C:\Users\ftour\AppData\Local\Microsoft\WindowsApps;C:\Program Files\JetBrains\PyCharm Community Edition 2022.2.3\bin;;C:\Users\ftour\AppData\Local\Programs\Microsoft VS Code\bin;C:\Program Files\nodejs\bin\;C:\Program Files (x86)\Java\jdk-21\bin;C:\Flutter\bin;C:\AndroidSDK\platform-tools;C:\apache-maven-3.9.9\bin;C:\ngrok;
USERNAME=ftour
OS=Windows_NT
PROCESSOR_IDENTIFIER=Intel64 Family 6 Model 140 Stepping 1, GenuineIntel
TMP=C:\Users\ftour\AppData\Local\Temp
TEMP=C:\Users\ftour\AppData\Local\Temp




Periodic native trim disabled

---------------  S Y S T E M  ---------------

OS:
 Windows 11 , 64 bit Build 26100 (10.0.26100.3323)
OS uptime: 9 days 2:59 hours
Hyper-V role detected

CPU: total 8 (initial active 8) (4 cores per cpu, 2 threads per core) family 6 model 140 stepping 1 microcode 0x9a, cx8, cmov, fxsr, ht, mmx, 3dnowpref, sse, sse2, sse3, ssse3, sse4.1, sse4.2, popcnt, lzcnt, tsc, tscinvbit, avx, avx2, aes, erms, clmul, bmi1, bmi2, adx, avx512f, avx512dq, avx512cd, avx512bw, avx512vl, sha, fma, vzeroupper, avx512_vpopcntdq, avx512_vpclmulqdq, avx512_vaes, avx512_vnni, clflush, clflushopt, clwb, avx512_vbmi2, avx512_vbmi, hv, rdtscp, rdpid, fsrm, gfni, avx512_bitalg, f16c, cet_ibt, cet_ss, avx512_ifma
Processor Information for all 8 processors :
  Max Mhz: 2419, Current Mhz: 2419, Mhz Limit: 2419

Memory: 4k page, system-wide physical 7937M (574M free)
TotalPageFile size 32513M (AvailPageFile size 2M)
current process WorkingSet (physical memory assigned to process): 513M, peak: 513M
current process commit charge ("private bytes"): 661M, peak: 663M

vm_info: Java HotSpot(TM) 64-Bit Server VM (21.0.1+12-LTS-29) for windows-amd64 JRE (21.0.1+12-LTS-29), built on 2023-10-05T13:27:09Z by "mach5one" with MS VC++ 17.1 (VS2022)

END.
