#
# There is insufficient memory for the Java Runtime Environment to continue.
# Native memory allocation (mmap) failed to map 16777216 bytes for G1 virtual space
# Possible reasons:
#   The system is out of physical RAM or swap space
#   The process is running with CompressedOops enabled, and the Java Heap may be blocking the growth of the native heap
# Possible solutions:
#   Reduce memory load on the system
#   Increase physical memory or swap space
#   Check if swap backing store is full
#   Decrease Java heap size (-Xmx/-Xms)
#   Decrease number of Java threads
#   Decrease Java thread stack sizes (-Xss)
#   Set larger code cache with -XX:ReservedCodeCacheSize=
#   JVM is running with Zero Based Compressed Oops mode in which the Java heap is
#     placed in the first 32GB address space. The Java Heap base address is the
#     maximum limit for the native heap growth. Please use -XX:HeapBaseMinAddress
#     to set the Java Heap base and to place the Java Heap above 32GB virtual address.
# This output file may be truncated or incomplete.
#
#  Out of Memory Error (os_windows.cpp:3600), pid=24388, tid=30980
#
# JRE version: Java(TM) SE Runtime Environment (21.0.1+12) (build 21.0.1+12-LTS-29)
# Java VM: Java HotSpot(TM) 64-Bit Server VM (21.0.1+12-LTS-29, mixed mode, sharing, tiered, compressed oops, compressed class ptrs, g1 gc, windows-amd64)
# No core dump will be written. Minidumps are not enabled by default on client versions of Windows
#

---------------  S U M M A R Y ------------

Command Line: -XX:MaxMetaspaceSize=2G -XX:+HeapDumpOnOutOfMemoryError --add-opens=java.base/java.util=ALL-UNNAMED --add-opens=java.base/java.lang=ALL-UNNAMED --add-opens=java.base/java.lang.invoke=ALL-UNNAMED --add-opens=java.prefs/java.util.prefs=ALL-UNNAMED --add-opens=java.base/java.nio.charset=ALL-UNNAMED --add-opens=java.base/java.net=ALL-UNNAMED --add-opens=java.base/java.util.concurrent.atomic=ALL-UNNAMED -Xmx4G -Dfile.encoding=utf8 -Duser.country=IE -Duser.language=en -Duser.variant -javaagent:C:\Users\ftour\.gradle\wrapper\dists\gradle-8.5-bin\5t9huq95ubn472n8rpzujfbqh\gradle-8.5\lib\agents\gradle-instrumentation-agent-8.5.jar org.gradle.launcher.daemon.bootstrap.GradleDaemon 8.5

Host: 11th Gen Intel(R) Core(TM) i5-1135G7 @ 2.40GHz, 8 cores, 7G,  Windows 11 , 64 bit Build 26100 (10.0.26100.3323)
Time: Sun Mar 16 16:38:28 2025 GMT Standard Time elapsed time: 25.432264 seconds (0d 0h 0m 25s)

---------------  T H R E A D  ---------------

Current thread (0x000002723665b4e0):  VMThread "VM Thread"          [id=30980, stack(0x0000007765000000,0x0000007765100000) (1024K)]

Stack: [0x0000007765000000,0x0000007765100000]
Native frames: (J=compiled Java code, j=interpreted, Vv=VM code, C=native code)
V  [jvm.dll+0x6c9029]
V  [jvm.dll+0x854b81]
V  [jvm.dll+0x856e5e]
V  [jvm.dll+0x857543]
V  [jvm.dll+0x280c06]
V  [jvm.dll+0x6c5715]
V  [jvm.dll+0x6ba10a]
V  [jvm.dll+0x3557ea]
V  [jvm.dll+0x35d436]
V  [jvm.dll+0x3ae1be]
V  [jvm.dll+0x3ae468]
V  [jvm.dll+0x3291fc]
V  [jvm.dll+0x329287]
V  [jvm.dll+0x36db3c]
V  [jvm.dll+0x36c33d]
V  [jvm.dll+0x328971]
V  [jvm.dll+0x36ba4a]
V  [jvm.dll+0x85d048]
V  [jvm.dll+0x85e144]
V  [jvm.dll+0x85e680]
V  [jvm.dll+0x85e923]
V  [jvm.dll+0x7fd728]
V  [jvm.dll+0x6c777d]
C  [ucrtbase.dll+0x37b0]
C  [KERNEL32.DLL+0x2e8d7]
C  [ntdll.dll+0xbbf6c]

VM_Operation (0x0000007768ef6970): G1CollectForAllocation, mode: safepoint, requested by thread 0x00000272010d0d90


---------------  P R O C E S S  ---------------

Threads class SMR info:
_java_thread_list=0x0000027201038170, length=87, elements={
0x0000027216cc0f40, 0x000002723667a190, 0x000002723667b910, 0x0000027236680570,
0x0000027236681590, 0x0000027236681ff0, 0x0000027236682a50, 0x00000272366857f0,
0x00000272366be250, 0x00000272368a9950, 0x0000027236a1df90, 0x000002727d643040,
0x000002727ce7f290, 0x000002727cf345c0, 0x000002727d7927d0, 0x000002727d792e40,
0x000002727d8c35a0, 0x000002727d8ef2e0, 0x000002727d8e8010, 0x000002727d8e7980,
0x000002727d8e86a0, 0x000002727d8e8d30, 0x000002727d8e9a50, 0x000002727d8e93c0,
0x000002727d8ea0e0, 0x000002727d8ea770, 0x000002727f4d51b0, 0x000002727f4d30e0,
0x000002727f4d3e00, 0x000002727f4d5ed0, 0x000002727f4d6560, 0x000002727f4d6bf0,
0x000002727f4d3770, 0x000002727f4d7280, 0x000002727f4d7910, 0x000002727f4d5840,
0x000002727f4d7fa0, 0x000002727f4d4b20, 0x000002727f4da700, 0x000002727f4d8630,
0x000002727f4d8cc0, 0x000002727f4da070, 0x000002727f9a0340, 0x000002727f9a1d80,
0x000002727f99e900, 0x000002727f9a2410, 0x000002727f99ef90, 0x000002727f9a2aa0,
0x000002727f99f620, 0x000002727f9a3e50, 0x000002727f9a5f20, 0x000002727f9a3130,
0x000002727f9a5200, 0x00000272010d0d90, 0x00000272010cecc0, 0x00000272010d0070,
0x00000272010d0700, 0x00000272010cf350, 0x00000272010cf9e0, 0x00000272010d1420,
0x00000272010cdfa0, 0x00000272010d2e60, 0x00000272010d4f30, 0x00000272010d3b80,
0x00000272010d4210, 0x00000272010d48a0, 0x00000272010d34f0, 0x00000272010d1ab0,
0x00000272010d55c0, 0x00000272010d27d0, 0x00000272010d2140, 0x00000272011e7aa0,
0x00000272011e8130, 0x00000272011e7410, 0x00000272011e94e0, 0x00000272011e87c0,
0x00000272011e6060, 0x00000272011e8e50, 0x00000272011e9b70, 0x00000272011e66f0,
0x00000272011ea200, 0x00000272011e6d80, 0x00000272011eaf20, 0x00000272011ec2d0,
0x00000272011ebc40, 0x00000272011ea890, 0x00000272011ec960
}

Java Threads: ( => current thread )
  0x0000027216cc0f40 JavaThread "main"                              [_thread_blocked, id=31984, stack(0x0000007764900000,0x0000007764a00000) (1024K)]
  0x000002723667a190 JavaThread "Reference Handler"          daemon [_thread_blocked, id=12532, stack(0x0000007765100000,0x0000007765200000) (1024K)]
  0x000002723667b910 JavaThread "Finalizer"                  daemon [_thread_blocked, id=7576, stack(0x0000007765200000,0x0000007765300000) (1024K)]
  0x0000027236680570 JavaThread "Signal Dispatcher"          daemon [_thread_blocked, id=32448, stack(0x0000007765300000,0x0000007765400000) (1024K)]
  0x0000027236681590 JavaThread "Attach Listener"            daemon [_thread_blocked, id=21380, stack(0x0000007765400000,0x0000007765500000) (1024K)]
  0x0000027236681ff0 JavaThread "Service Thread"             daemon [_thread_blocked, id=6544, stack(0x0000007765500000,0x0000007765600000) (1024K)]
  0x0000027236682a50 JavaThread "Monitor Deflation Thread"   daemon [_thread_blocked, id=32372, stack(0x0000007765600000,0x0000007765700000) (1024K)]
  0x00000272366857f0 JavaThread "C2 CompilerThread0"         daemon [_thread_blocked, id=21224, stack(0x0000007765700000,0x0000007765800000) (1024K)]
  0x00000272366be250 JavaThread "C1 CompilerThread0"         daemon [_thread_blocked, id=31900, stack(0x0000007765800000,0x0000007765900000) (1024K)]
  0x00000272368a9950 JavaThread "Common-Cleaner"             daemon [_thread_blocked, id=33352, stack(0x0000007765900000,0x0000007765a00000) (1024K)]
  0x0000027236a1df90 JavaThread "Notification Thread"        daemon [_thread_blocked, id=20232, stack(0x0000007765a00000,0x0000007765b00000) (1024K)]
  0x000002727d643040 JavaThread "Daemon health stats"               [_thread_blocked, id=3572, stack(0x0000007766000000,0x0000007766100000) (1024K)]
  0x000002727ce7f290 JavaThread "Incoming local TCP Connector on port 62449"        [_thread_in_native, id=21184, stack(0x0000007766100000,0x0000007766200000) (1024K)]
  0x000002727cf345c0 JavaThread "Daemon periodic checks"            [_thread_blocked, id=33492, stack(0x0000007766200000,0x0000007766300000) (1024K)]
  0x000002727d7927d0 JavaThread "Daemon"                            [_thread_blocked, id=12776, stack(0x0000007766300000,0x0000007766400000) (1024K)]
  0x000002727d792e40 JavaThread "Handler for socket connection from /127.0.0.1:62449 to /127.0.0.1:62451"        [_thread_in_native, id=27704, stack(0x0000007766400000,0x0000007766500000) (1024K)]
  0x000002727d8c35a0 JavaThread "Cancel handler"                    [_thread_blocked, id=19652, stack(0x0000007766500000,0x0000007766600000) (1024K)]
  0x000002727d8ef2e0 JavaThread "Daemon worker"                     [_thread_blocked, id=17428, stack(0x0000007766600000,0x0000007766700000) (1024K)]
  0x000002727d8e8010 JavaThread "Asynchronous log dispatcher for DefaultDaemonConnection: socket connection from /127.0.0.1:62449 to /127.0.0.1:62451"        [_thread_blocked, id=33772, stack(0x0000007766700000,0x0000007766800000) (1024K)]
  0x000002727d8e7980 JavaThread "Stdin handler"                     [_thread_blocked, id=23704, stack(0x0000007766800000,0x0000007766900000) (1024K)]
  0x000002727d8e86a0 JavaThread "Daemon client event forwarder"        [_thread_blocked, id=11444, stack(0x0000007766900000,0x0000007766a00000) (1024K)]
  0x000002727d8e8d30 JavaThread "Cache worker for journal cache (C:\Users\ftour\.gradle\caches\journal-1)"        [_thread_blocked, id=1508, stack(0x0000007766a00000,0x0000007766b00000) (1024K)]
  0x000002727d8e9a50 JavaThread "File lock request listener"        [_thread_blocked, id=34732, stack(0x0000007766b00000,0x0000007766c00000) (1024K)]
  0x000002727d8e93c0 JavaThread "Cache worker for file hash cache (C:\Users\ftour\.gradle\caches\8.5\fileHashes)"        [_thread_blocked, id=17748, stack(0x0000007766e00000,0x0000007766f00000) (1024K)]
  0x000002727d8ea0e0 JavaThread "File lock release action executor"        [_thread_blocked, id=30812, stack(0x0000007766f00000,0x0000007767000000) (1024K)]
  0x000002727d8ea770 JavaThread "File watcher server"        daemon [_thread_in_native, id=3036, stack(0x0000007767200000,0x0000007767300000) (1024K)]
  0x000002727f4d51b0 JavaThread "File watcher consumer"      daemon [_thread_blocked, id=25288, stack(0x0000007767300000,0x0000007767400000) (1024K)]
  0x000002727f4d30e0 JavaThread "jar transforms"                    [_thread_blocked, id=34284, stack(0x0000007767400000,0x0000007767500000) (1024K)]
  0x000002727f4d3e00 JavaThread "jar transforms Thread 2"           [_thread_blocked, id=32396, stack(0x0000007767500000,0x0000007767600000) (1024K)]
  0x000002727f4d5ed0 JavaThread "jar transforms Thread 3"           [_thread_blocked, id=18268, stack(0x0000007767600000,0x0000007767700000) (1024K)]
  0x000002727f4d6560 JavaThread "Cache worker for checksums cache (C:\FYP\glycologapp\glycolog_flutter\android\.gradle\8.5\checksums)"        [_thread_blocked, id=25432, stack(0x0000007767700000,0x0000007767800000) (1024K)]
  0x000002727f4d6bf0 JavaThread "Cache worker for file hash cache (C:\FYP\glycologapp\glycolog_flutter\android\.gradle\8.5\fileHashes)"        [_thread_blocked, id=14536, stack(0x0000007767800000,0x0000007767900000) (1024K)]
  0x000002727f4d3770 JavaThread "Cache worker for cache directory md-supplier (C:\Users\ftour\.gradle\caches\8.5\md-supplier)"        [_thread_blocked, id=32688, stack(0x0000007767900000,0x0000007767a00000) (1024K)]
  0x000002727f4d7280 JavaThread "Cache worker for cache directory md-rule (C:\Users\ftour\.gradle\caches\8.5\md-rule)"        [_thread_blocked, id=14636, stack(0x0000007767a00000,0x0000007767b00000) (1024K)]
  0x000002727f4d7910 JavaThread "Cache worker for file content cache (C:\Users\ftour\.gradle\caches\8.5\fileContent)"        [_thread_blocked, id=14708, stack(0x0000007767b00000,0x0000007767c00000) (1024K)]
  0x000002727f4d5840 JavaThread "Cache worker for execution history cache (C:\Users\ftour\.gradle\caches\8.5\executionHistory)"        [_thread_blocked, id=23344, stack(0x0000007767c00000,0x0000007767d00000) (1024K)]
  0x000002727f4d7fa0 JavaThread "jar transforms Thread 4"           [_thread_blocked, id=15320, stack(0x0000007767d00000,0x0000007767e00000) (1024K)]
  0x000002727f4d4b20 JavaThread "jar transforms Thread 5"           [_thread_blocked, id=18584, stack(0x0000007767e00000,0x0000007767f00000) (1024K)]
  0x000002727f4da700 JavaThread "jar transforms Thread 6"           [_thread_blocked, id=33428, stack(0x0000007768000000,0x0000007768100000) (1024K)]
  0x000002727f4d8630 JavaThread "jar transforms Thread 7"           [_thread_blocked, id=15568, stack(0x0000007768100000,0x0000007768200000) (1024K)]
  0x000002727f4d8cc0 JavaThread "jar transforms Thread 8"           [_thread_blocked, id=9480, stack(0x0000007767000000,0x0000007767100000) (1024K)]
  0x000002727f4da070 JavaThread "Cache worker for kotlin-dsl (C:\Users\ftour\.gradle\caches\8.5\kotlin-dsl)"        [_thread_blocked, id=27056, stack(0x0000007768200000,0x0000007768300000) (1024K)]
  0x000002727f9a0340 JavaThread "Cache worker for dependencies-accessors (C:\FYP\glycologapp\glycolog_flutter\android\.gradle\8.5\dependencies-accessors)"        [_thread_blocked, id=32664, stack(0x0000007767f00000,0x0000007768000000) (1024K)]
  0x000002727f9a1d80 JavaThread "Cache worker for Build Output Cleanup Cache (C:\flutter\packages\flutter_tools\gradle\.gradle\buildOutputCleanup)"        [_thread_blocked, id=17120, stack(0x0000007768500000,0x0000007768600000) (1024K)]
  0x000002727f99e900 JavaThread "Unconstrained build operations"        [_thread_blocked, id=10180, stack(0x0000007768300000,0x0000007768400000) (1024K)]
  0x000002727f9a2410 JavaThread "Unconstrained build operations Thread 2"        [_thread_blocked, id=29928, stack(0x0000007768400000,0x0000007768500000) (1024K)]
  0x000002727f99ef90 JavaThread "Unconstrained build operations Thread 3"        [_thread_blocked, id=28164, stack(0x0000007768600000,0x0000007768700000) (1024K)]
  0x000002727f9a2aa0 JavaThread "Unconstrained build operations Thread 4"        [_thread_blocked, id=27100, stack(0x0000007768700000,0x0000007768800000) (1024K)]
  0x000002727f99f620 JavaThread "Unconstrained build operations Thread 5"        [_thread_blocked, id=21480, stack(0x0000007768800000,0x0000007768900000) (1024K)]
  0x000002727f9a3e50 JavaThread "Unconstrained build operations Thread 6"        [_thread_blocked, id=28812, stack(0x0000007768900000,0x0000007768a00000) (1024K)]
  0x000002727f9a5f20 JavaThread "Unconstrained build operations Thread 7"        [_thread_blocked, id=27196, stack(0x0000007768a00000,0x0000007768b00000) (1024K)]
  0x000002727f9a3130 JavaThread "Memory manager"                    [_thread_blocked, id=26296, stack(0x0000007768c00000,0x0000007768d00000) (1024K)]
  0x000002727f9a5200 JavaThread "build event listener"              [_thread_blocked, id=26180, stack(0x0000007768b00000,0x0000007768c00000) (1024K)]
  0x00000272010d0d90 JavaThread "included builds"                   [_thread_blocked, id=31916, stack(0x0000007768e00000,0x0000007768f00000) (1024K)]
  0x00000272010cecc0 JavaThread "Execution worker"                  [_thread_blocked, id=19100, stack(0x0000007768f00000,0x0000007769000000) (1024K)]
  0x00000272010d0070 JavaThread "Execution worker Thread 2"         [_thread_blocked, id=33128, stack(0x0000007769000000,0x0000007769100000) (1024K)]
  0x00000272010d0700 JavaThread "Execution worker Thread 3"         [_thread_blocked, id=34200, stack(0x0000007769100000,0x0000007769200000) (1024K)]
  0x00000272010cf350 JavaThread "Execution worker Thread 4"         [_thread_blocked, id=33560, stack(0x0000007769200000,0x0000007769300000) (1024K)]
  0x00000272010cf9e0 JavaThread "Execution worker Thread 5"         [_thread_blocked, id=13904, stack(0x0000007769300000,0x0000007769400000) (1024K)]
  0x00000272010d1420 JavaThread "Execution worker Thread 6"         [_thread_blocked, id=14804, stack(0x0000007769400000,0x0000007769500000) (1024K)]
  0x00000272010cdfa0 JavaThread "Execution worker Thread 7"         [_thread_blocked, id=13236, stack(0x0000007769500000,0x0000007769600000) (1024K)]
  0x00000272010d2e60 JavaThread "Cache worker for execution history cache (C:\flutter\packages\flutter_tools\gradle\.gradle\8.5\executionHistory)"        [_thread_blocked, id=32324, stack(0x0000007769600000,0x0000007769700000) (1024K)]
  0x00000272010d4f30 JavaThread "Unconstrained build operations Thread 8"        [_thread_blocked, id=28728, stack(0x0000007769700000,0x0000007769800000) (1024K)]
  0x00000272010d3b80 JavaThread "Unconstrained build operations Thread 9"        [_thread_blocked, id=26792, stack(0x0000007769800000,0x0000007769900000) (1024K)]
  0x00000272010d4210 JavaThread "Unconstrained build operations Thread 10"        [_thread_blocked, id=10860, stack(0x0000007769900000,0x0000007769a00000) (1024K)]
  0x00000272010d48a0 JavaThread "Unconstrained build operations Thread 11"        [_thread_blocked, id=32240, stack(0x0000007769a00000,0x0000007769b00000) (1024K)]
  0x00000272010d34f0 JavaThread "Unconstrained build operations Thread 12"        [_thread_blocked, id=21536, stack(0x0000007769b00000,0x0000007769c00000) (1024K)]
  0x00000272010d1ab0 JavaThread "Unconstrained build operations Thread 13"        [_thread_blocked, id=26680, stack(0x0000007769c00000,0x0000007769d00000) (1024K)]
  0x00000272010d55c0 JavaThread "Unconstrained build operations Thread 14"        [_thread_blocked, id=21824, stack(0x0000007769d00000,0x0000007769e00000) (1024K)]
  0x00000272010d27d0 JavaThread "Unconstrained build operations Thread 15"        [_thread_blocked, id=26364, stack(0x0000007769e00000,0x0000007769f00000) (1024K)]
  0x00000272010d2140 JavaThread "Unconstrained build operations Thread 16"        [_thread_blocked, id=33548, stack(0x0000007769f00000,0x000000776a000000) (1024K)]
  0x00000272011e7aa0 JavaThread "Unconstrained build operations Thread 17"        [_thread_blocked, id=8760, stack(0x000000776a000000,0x000000776a100000) (1024K)]
  0x00000272011e8130 JavaThread "Unconstrained build operations Thread 18"        [_thread_blocked, id=10656, stack(0x000000776a100000,0x000000776a200000) (1024K)]
  0x00000272011e7410 JavaThread "Unconstrained build operations Thread 19"        [_thread_blocked, id=31204, stack(0x000000776a200000,0x000000776a300000) (1024K)]
  0x00000272011e94e0 JavaThread "Unconstrained build operations Thread 20"        [_thread_blocked, id=5488, stack(0x000000776a300000,0x000000776a400000) (1024K)]
  0x00000272011e87c0 JavaThread "Unconstrained build operations Thread 21"        [_thread_blocked, id=25720, stack(0x000000776a400000,0x000000776a500000) (1024K)]
  0x00000272011e6060 JavaThread "Unconstrained build operations Thread 22"        [_thread_blocked, id=31260, stack(0x000000776a500000,0x000000776a600000) (1024K)]
  0x00000272011e8e50 JavaThread "Unconstrained build operations Thread 23"        [_thread_blocked, id=34332, stack(0x000000776a600000,0x000000776a700000) (1024K)]
  0x00000272011e9b70 JavaThread "Unconstrained build operations Thread 24"        [_thread_blocked, id=10152, stack(0x000000776a700000,0x000000776a800000) (1024K)]
  0x00000272011e66f0 JavaThread "Unconstrained build operations Thread 25"        [_thread_blocked, id=28640, stack(0x000000776a800000,0x000000776a900000) (1024K)]
  0x00000272011ea200 JavaThread "Unconstrained build operations Thread 26"        [_thread_blocked, id=26924, stack(0x000000776a900000,0x000000776aa00000) (1024K)]
  0x00000272011e6d80 JavaThread "Unconstrained build operations Thread 27"        [_thread_blocked, id=18056, stack(0x000000776aa00000,0x000000776ab00000) (1024K)]
  0x00000272011eaf20 JavaThread "Unconstrained build operations Thread 28"        [_thread_blocked, id=34244, stack(0x000000776ab00000,0x000000776ac00000) (1024K)]
  0x00000272011ec2d0 JavaThread "Unconstrained build operations Thread 29"        [_thread_blocked, id=11076, stack(0x000000776ac00000,0x000000776ad00000) (1024K)]
  0x00000272011ebc40 JavaThread "Unconstrained build operations Thread 30"        [_thread_blocked, id=31652, stack(0x000000776ad00000,0x000000776ae00000) (1024K)]
  0x00000272011ea890 JavaThread "Unconstrained build operations Thread 31"        [_thread_blocked, id=24268, stack(0x000000776ae00000,0x000000776af00000) (1024K)]
  0x00000272011ec960 JavaThread "Unconstrained build operations Thread 32"        [_thread_blocked, id=17416, stack(0x000000776af00000,0x000000776b000000) (1024K)]
Total: 87

Other Threads:
=>0x000002723665b4e0 VMThread "VM Thread"                           [id=30980, stack(0x0000007765000000,0x0000007765100000) (1024K)]
  0x00000272366432a0 WatcherThread "VM Periodic Task Thread"        [id=23544, stack(0x0000007764f00000,0x0000007765000000) (1024K)]
  0x0000027216d286a0 WorkerThread "GC Thread#0"                     [id=34232, stack(0x0000007764a00000,0x0000007764b00000) (1024K)]
  0x000002727c849a40 WorkerThread "GC Thread#1"                     [id=13216, stack(0x0000007765b00000,0x0000007765c00000) (1024K)]
  0x000002727c70d100 WorkerThread "GC Thread#2"                     [id=32704, stack(0x0000007765c00000,0x0000007765d00000) (1024K)]
  0x000002727c70cb90 WorkerThread "GC Thread#3"                     [id=29076, stack(0x0000007765d00000,0x0000007765e00000) (1024K)]
  0x000002727c8fbee0 WorkerThread "GC Thread#4"                     [id=5028, stack(0x0000007765e00000,0x0000007765f00000) (1024K)]
  0x000002727df89a60 WorkerThread "GC Thread#5"                     [id=33876, stack(0x0000007765f00000,0x0000007766000000) (1024K)]
  0x000002727de3abd0 WorkerThread "GC Thread#6"                     [id=18940, stack(0x0000007766c00000,0x0000007766d00000) (1024K)]
  0x000002727df78d10 WorkerThread "GC Thread#7"                     [id=24332, stack(0x0000007766d00000,0x0000007766e00000) (1024K)]
  0x0000027216d39590 ConcurrentGCThread "G1 Main Marker"            [id=6340, stack(0x0000007764b00000,0x0000007764c00000) (1024K)]
  0x0000027216d39fa0 WorkerThread "G1 Conc#0"                       [id=34540, stack(0x0000007764c00000,0x0000007764d00000) (1024K)]
  0x000002727df79f30 WorkerThread "G1 Conc#1"                       [id=4360, stack(0x0000007767100000,0x0000007767200000) (1024K)]
  0x0000027216d6ea80 ConcurrentGCThread "G1 Refine#0"               [id=20308, stack(0x0000007764d00000,0x0000007764e00000) (1024K)]
  0x000002723651a4b0 ConcurrentGCThread "G1 Service"                [id=1472, stack(0x0000007764e00000,0x0000007764f00000) (1024K)]
Total: 15

Threads with active compile tasks:
Total: 0

VM state: at safepoint (normal execution)

VM Mutex/Monitor currently owned by a thread:  ([mutex/lock_event])
[0x00007ffaa4d7a5f8] Threads_lock - owner thread: 0x000002723665b4e0
[0x00007ffaa4d7a6f8] Heap_lock - owner thread: 0x00000272010d0d90

Heap address: 0x0000000700000000, size: 4096 MB, Compressed Oops mode: Zero based, Oop shift amount: 3

CDS archive(s) mapped at: [0x0000027237000000-0x0000027237c90000-0x0000027237c90000), size 13172736, SharedBaseAddress: 0x0000027237000000, ArchiveRelocationMode: 1.
Compressed class space mapped at: 0x0000027238000000-0x0000027278000000, reserved size: 1073741824
Narrow klass base: 0x0000027237000000, Narrow klass shift: 0, Narrow klass range: 0x100000000

GC Precious Log:
 CardTable entry size: 512
 Card Set container configuration: InlinePtr #cards 4 size 8 Array Of Cards #cards 16 size 48 Howl #buckets 8 coarsen threshold 3686 Howl Bitmap #cards 512 size 80 coarsen threshold 460 Card regions per heap region 1 cards per card region 4096
 CPUs: 8 total, 8 available
 Memory: 7937M
 Large Page Support: Disabled
 NUMA Support: Disabled
 Compressed Oops: Enabled (Zero based)
 Heap Region Size: 2M
 Heap Min Capacity: 8M
 Heap Initial Capacity: 126M
 Heap Max Capacity: 4G
 Pre-touch: Disabled
 Parallel Workers: 8
 Concurrent Workers: 2
 Concurrent Refinement Workers: 8
 Periodic GC: Disabled

Heap:
 garbage-first heap   total 129024K, used 73728K [0x0000000700000000, 0x0000000800000000)
  region size 2048K, 3 young (6144K), 3 survivors (6144K)
 Metaspace       used 72353K, committed 74432K, reserved 1114112K
  class space    used 10417K, committed 11456K, reserved 1048576K

Heap Regions: E=young(eden), S=young(survivor), O=old, HS=humongous(starts), HC=humongous(continues), CS=collection set, F=free, TAMS=top-at-mark-start, PB=parsable bottom
|   0|0x0000000700000000, 0x0000000700200000, 0x0000000700200000|100%|HS|  |TAMS 0x0000000700200000| PB 0x0000000700000000| Complete 
|   1|0x0000000700200000, 0x0000000700400000, 0x0000000700400000|100%|HC|  |TAMS 0x0000000700400000| PB 0x0000000700200000| Complete 
|   2|0x0000000700400000, 0x0000000700600000, 0x0000000700600000|100%| O|  |TAMS 0x0000000700600000| PB 0x0000000700400000| Untracked 
|   3|0x0000000700600000, 0x0000000700800000, 0x0000000700800000|100%| O|  |TAMS 0x0000000700800000| PB 0x0000000700600000| Untracked 
|   4|0x0000000700800000, 0x0000000700a00000, 0x0000000700a00000|100%| O|  |TAMS 0x0000000700a00000| PB 0x0000000700800000| Untracked 
|   5|0x0000000700a00000, 0x0000000700c00000, 0x0000000700c00000|100%| O|  |TAMS 0x0000000700c00000| PB 0x0000000700a00000| Untracked 
|   6|0x0000000700c00000, 0x0000000700e00000, 0x0000000700e00000|100%| O|  |TAMS 0x0000000700e00000| PB 0x0000000700c00000| Untracked 
|   7|0x0000000700e00000, 0x0000000701000000, 0x0000000701000000|100%| O|  |TAMS 0x0000000701000000| PB 0x0000000700e00000| Untracked 
|   8|0x0000000701000000, 0x0000000701200000, 0x0000000701200000|100%| O|  |TAMS 0x0000000701200000| PB 0x0000000701000000| Untracked 
|   9|0x0000000701200000, 0x0000000701400000, 0x0000000701400000|100%| O|  |TAMS 0x0000000701200000| PB 0x0000000701200000| Untracked 
|  10|0x0000000701400000, 0x0000000701600000, 0x0000000701600000|100%| O|  |TAMS 0x0000000701600000| PB 0x0000000701400000| Untracked 
|  11|0x0000000701600000, 0x0000000701800000, 0x0000000701800000|100%| O|  |TAMS 0x0000000701800000| PB 0x0000000701600000| Untracked 
|  12|0x0000000701800000, 0x0000000701a00000, 0x0000000701a00000|100%| O|  |TAMS 0x0000000701a00000| PB 0x0000000701800000| Untracked 
|  13|0x0000000701a00000, 0x0000000701c00000, 0x0000000701c00000|100%| O|  |TAMS 0x0000000701c00000| PB 0x0000000701a00000| Untracked 
|  14|0x0000000701c00000, 0x0000000701e00000, 0x0000000701e00000|100%| O|  |TAMS 0x0000000701e00000| PB 0x0000000701c00000| Untracked 
|  15|0x0000000701e00000, 0x0000000702000000, 0x0000000702000000|100%| O|  |TAMS 0x0000000702000000| PB 0x0000000701e00000| Untracked 
|  16|0x0000000702000000, 0x0000000702200000, 0x0000000702200000|100%| O|  |TAMS 0x0000000702200000| PB 0x0000000702000000| Untracked 
|  17|0x0000000702200000, 0x0000000702400000, 0x0000000702400000|100%| O|  |TAMS 0x0000000702400000| PB 0x0000000702200000| Untracked 
|  18|0x0000000702400000, 0x0000000702600000, 0x0000000702600000|100%| O|  |TAMS 0x0000000702600000| PB 0x0000000702400000| Untracked 
|  19|0x0000000702600000, 0x0000000702800000, 0x0000000702800000|100%| O|  |TAMS 0x0000000702800000| PB 0x0000000702600000| Untracked 
|  20|0x0000000702800000, 0x0000000702a00000, 0x0000000702a00000|100%|HS|  |TAMS 0x0000000702a00000| PB 0x0000000702800000| Complete 
|  21|0x0000000702a00000, 0x0000000702c00000, 0x0000000702c00000|100%|HS|  |TAMS 0x0000000702c00000| PB 0x0000000702a00000| Complete 
|  22|0x0000000702c00000, 0x0000000702e00000, 0x0000000702e00000|100%| O|  |TAMS 0x0000000702e00000| PB 0x0000000702c00000| Untracked 
|  23|0x0000000702e00000, 0x0000000703000000, 0x0000000703000000|100%| O|  |TAMS 0x0000000703000000| PB 0x0000000702e00000| Untracked 
|  24|0x0000000703000000, 0x0000000703200000, 0x0000000703200000|100%| O|  |TAMS 0x0000000703200000| PB 0x0000000703000000| Untracked 
|  25|0x0000000703200000, 0x0000000703400000, 0x0000000703400000|100%|HS|  |TAMS 0x0000000703400000| PB 0x0000000703200000| Complete 
|  26|0x0000000703400000, 0x0000000703600000, 0x0000000703600000|100%|HC|  |TAMS 0x0000000703600000| PB 0x0000000703400000| Complete 
|  27|0x0000000703600000, 0x0000000703800000, 0x0000000703800000|100%|HS|  |TAMS 0x0000000703800000| PB 0x0000000703600000| Complete 
|  28|0x0000000703800000, 0x0000000703a00000, 0x0000000703a00000|100%|HC|  |TAMS 0x0000000703a00000| PB 0x0000000703800000| Complete 
|  29|0x0000000703a00000, 0x0000000703c00000, 0x0000000703c00000|100%| O|  |TAMS 0x0000000703c00000| PB 0x0000000703a00000| Untracked 
|  30|0x0000000703c00000, 0x0000000703e00000, 0x0000000703e00000|100%| O|  |TAMS 0x0000000703e00000| PB 0x0000000703c00000| Untracked 
|  31|0x0000000703e00000, 0x0000000704000000, 0x0000000704000000|100%| O|  |TAMS 0x0000000704000000| PB 0x0000000703e00000| Untracked 
|  32|0x0000000704000000, 0x0000000704200000, 0x0000000704200000|100%| O|  |TAMS 0x0000000704101530| PB 0x0000000704000000| Untracked 
|  33|0x0000000704200000, 0x0000000704200000, 0x0000000704400000|  0%| F|  |TAMS 0x0000000704200000| PB 0x0000000704200000| Untracked 
|  34|0x0000000704400000, 0x0000000704400000, 0x0000000704600000|  0%| F|  |TAMS 0x0000000704400000| PB 0x0000000704400000| Untracked 
|  35|0x0000000704600000, 0x0000000704600000, 0x0000000704800000|  0%| F|  |TAMS 0x0000000704600000| PB 0x0000000704600000| Untracked 
|  36|0x0000000704800000, 0x0000000704800000, 0x0000000704a00000|  0%| F|  |TAMS 0x0000000704800000| PB 0x0000000704800000| Untracked 
|  37|0x0000000704a00000, 0x0000000704a00000, 0x0000000704c00000|  0%| F|  |TAMS 0x0000000704a00000| PB 0x0000000704a00000| Untracked 
|  38|0x0000000704c00000, 0x0000000704c00000, 0x0000000704e00000|  0%| F|  |TAMS 0x0000000704c00000| PB 0x0000000704c00000| Untracked 
|  39|0x0000000704e00000, 0x0000000705000000, 0x0000000705000000|100%| S|CS|TAMS 0x0000000704e00000| PB 0x0000000704e00000| Complete 
|  40|0x0000000705000000, 0x0000000705200000, 0x0000000705200000|100%| S|CS|TAMS 0x0000000705000000| PB 0x0000000705000000| Complete 
|  41|0x0000000705200000, 0x0000000705400000, 0x0000000705400000|100%| S|CS|TAMS 0x0000000705200000| PB 0x0000000705200000| Complete 
|  42|0x0000000705400000, 0x0000000705400000, 0x0000000705600000|  0%| F|  |TAMS 0x0000000705400000| PB 0x0000000705400000| Untracked 
|  43|0x0000000705600000, 0x0000000705600000, 0x0000000705800000|  0%| F|  |TAMS 0x0000000705600000| PB 0x0000000705600000| Untracked 
|  44|0x0000000705800000, 0x0000000705800000, 0x0000000705a00000|  0%| F|  |TAMS 0x0000000705800000| PB 0x0000000705800000| Untracked 
|  45|0x0000000705a00000, 0x0000000705a00000, 0x0000000705c00000|  0%| F|  |TAMS 0x0000000705a00000| PB 0x0000000705a00000| Untracked 
|  46|0x0000000705c00000, 0x0000000705c00000, 0x0000000705e00000|  0%| F|  |TAMS 0x0000000705c00000| PB 0x0000000705c00000| Untracked 
|  47|0x0000000705e00000, 0x0000000705e00000, 0x0000000706000000|  0%| F|  |TAMS 0x0000000705e00000| PB 0x0000000705e00000| Untracked 
|  48|0x0000000706000000, 0x0000000706000000, 0x0000000706200000|  0%| F|  |TAMS 0x0000000706000000| PB 0x0000000706000000| Untracked 
|  49|0x0000000706200000, 0x0000000706200000, 0x0000000706400000|  0%| F|  |TAMS 0x0000000706200000| PB 0x0000000706200000| Untracked 
|  50|0x0000000706400000, 0x0000000706400000, 0x0000000706600000|  0%| F|  |TAMS 0x0000000706400000| PB 0x0000000706400000| Untracked 
|  51|0x0000000706600000, 0x0000000706600000, 0x0000000706800000|  0%| F|  |TAMS 0x0000000706600000| PB 0x0000000706600000| Untracked 
|  52|0x0000000706800000, 0x0000000706800000, 0x0000000706a00000|  0%| F|  |TAMS 0x0000000706800000| PB 0x0000000706800000| Untracked 
|  53|0x0000000706a00000, 0x0000000706a00000, 0x0000000706c00000|  0%| F|  |TAMS 0x0000000706a00000| PB 0x0000000706a00000| Untracked 
|  54|0x0000000706c00000, 0x0000000706c00000, 0x0000000706e00000|  0%| F|  |TAMS 0x0000000706c00000| PB 0x0000000706c00000| Untracked 
|  55|0x0000000706e00000, 0x0000000706e00000, 0x0000000707000000|  0%| F|  |TAMS 0x0000000706e00000| PB 0x0000000706e00000| Untracked 
|  56|0x0000000707000000, 0x0000000707000000, 0x0000000707200000|  0%| F|  |TAMS 0x0000000707000000| PB 0x0000000707000000| Untracked 
|  57|0x0000000707200000, 0x0000000707200000, 0x0000000707400000|  0%| F|  |TAMS 0x0000000707200000| PB 0x0000000707200000| Untracked 
|  58|0x0000000707400000, 0x0000000707400000, 0x0000000707600000|  0%| F|  |TAMS 0x0000000707400000| PB 0x0000000707400000| Untracked 
|  59|0x0000000707600000, 0x0000000707600000, 0x0000000707800000|  0%| F|  |TAMS 0x0000000707600000| PB 0x0000000707600000| Untracked 
|  60|0x0000000707800000, 0x0000000707800000, 0x0000000707a00000|  0%| F|  |TAMS 0x0000000707800000| PB 0x0000000707800000| Untracked 
|  61|0x0000000707a00000, 0x0000000707a00000, 0x0000000707c00000|  0%| F|  |TAMS 0x0000000707a00000| PB 0x0000000707a00000| Untracked 
|  62|0x0000000707c00000, 0x0000000707c00000, 0x0000000707e00000|  0%| F|  |TAMS 0x0000000707c00000| PB 0x0000000707c00000| Untracked 

Card table byte_map: [0x000002722f460000,0x000002722fc60000] _byte_map_base: 0x000002722bc60000

Marking Bits: (CMBitMap*) 0x0000027216d28cb0
 Bits: [0x000002722fc60000, 0x0000027233c60000)

Polling page: 0x0000027216d70000

Metaspace:

Usage:
  Non-class:     60.48 MB used.
      Class:     10.17 MB used.
       Both:     70.66 MB used.

Virtual space:
  Non-class space:       64.00 MB reserved,      61.50 MB ( 96%) committed,  1 nodes.
      Class space:        1.00 GB reserved,      11.19 MB (  1%) committed,  1 nodes.
             Both:        1.06 GB reserved,      72.69 MB (  7%) committed. 

Chunk freelists:
   Non-Class:  2.44 MB
       Class:  4.67 MB
        Both:  7.11 MB

MaxMetaspaceSize: 2.00 GB
CompressedClassSpaceSize: 1.00 GB
Initial GC threshold: 21.00 MB
Current GC threshold: 109.50 MB
CDS: on
 - commit_granule_bytes: 65536.
 - commit_granule_words: 8192.
 - virtual_space_node_default_size: 8388608.
 - enlarge_chunks_in_place: 1.
 - use_allocation_guard: 0.


Internal statistics:

num_allocs_failed_limit: 8.
num_arena_births: 3688.
num_arena_deaths: 0.
num_vsnodes_births: 2.
num_vsnodes_deaths: 0.
num_space_committed: 1163.
num_space_uncommitted: 0.
num_chunks_returned_to_freelist: 8.
num_chunks_taken_from_freelist: 7065.
num_chunk_merges: 8.
num_chunk_splits: 4578.
num_chunks_enlarged: 2777.
num_inconsistent_stats: 0.

CodeHeap 'non-profiled nmethods': size=120000Kb used=4505Kb max_used=4505Kb free=115495Kb
 bounds [0x0000027226cc0000, 0x0000027227130000, 0x000002722e1f0000]
CodeHeap 'profiled nmethods': size=120000Kb used=14935Kb max_used=14935Kb free=105065Kb
 bounds [0x000002721f1f0000, 0x0000027220090000, 0x0000027226720000]
CodeHeap 'non-nmethods': size=5760Kb used=3075Kb max_used=3125Kb free=2684Kb
 bounds [0x0000027226720000, 0x0000027226a50000, 0x0000027226cc0000]
 total_blobs=8716 nmethods=7790 adapters=830
 compilation: enabled
              stopped_count=0, restarted_count=0
 full_count=0

Compilation events (20 events):
Event: 23.388 Thread 0x00000272366be250 nmethod 9000 0x0000027220080810 code [0x0000027220080b80, 0x0000027220082218]
Event: 23.388 Thread 0x00000272366be250 8987       3       kotlin.reflect.jvm.internal.impl.protobuf.SmallSortedMap::entrySet (25 bytes)
Event: 23.389 Thread 0x00000272366be250 nmethod 8987 0x0000027220082890 code [0x0000027220082a60, 0x0000027220082ec0]
Event: 23.389 Thread 0x00000272366be250 8988       3       kotlin.reflect.jvm.internal.impl.protobuf.SmallSortedMap$EntrySet::<init> (6 bytes)
Event: 23.389 Thread 0x00000272366be250 nmethod 8988 0x0000027220083090 code [0x0000027220083240, 0x0000027220083528]
Event: 23.389 Thread 0x00000272366be250 8989       3       kotlin.reflect.jvm.internal.impl.protobuf.SmallSortedMap$EntrySet::<init> (10 bytes)
Event: 23.389 Thread 0x00000272366be250 nmethod 8989 0x0000027220083690 code [0x0000027220083840, 0x0000027220083ad0]
Event: 23.390 Thread 0x00000272366be250 8990       3       kotlin.reflect.jvm.internal.impl.protobuf.SmallSortedMap$EntrySet::iterator (13 bytes)
Event: 23.390 Thread 0x00000272366857f0 nmethod 8998 0x0000027227125290 code [0x0000027227125420, 0x0000027227125648]
Event: 23.390 Thread 0x00000272366be250 nmethod 8990 0x0000027220083c10 code [0x0000027220083dc0, 0x00000272200840c0]
Event: 23.390 Thread 0x00000272366857f0 9001       4       kotlin.reflect.jvm.internal.impl.protobuf.CodedOutputStream::computeRawVarint32Size (39 bytes)
Event: 23.390 Thread 0x00000272366be250 9002       3       kotlin.reflect.jvm.internal.impl.metadata.ProtoBuf$ValueParameter::getSerializedSize (171 bytes)
Event: 23.391 Thread 0x00000272366857f0 nmethod 9001 0x0000027227125810 code [0x0000027227125980, 0x0000027227125a28]
Event: 23.392 Thread 0x00000272366be250 nmethod 9002 0x0000027220084210 code [0x0000027220084560, 0x00000272200857d0]
Event: 23.392 Thread 0x00000272366be250 8995       1       kotlin.reflect.jvm.internal.impl.metadata.ProtoBuf$Property::getName (5 bytes)
Event: 23.392 Thread 0x00000272366be250 nmethod 8995 0x0000027227125b10 code [0x0000027227125ca0, 0x0000027227125d68]
Event: 23.392 Thread 0x00000272366be250 8999       1       kotlin.reflect.jvm.internal.impl.metadata.ProtoBuf$Property::getVersionRequirementList (5 bytes)
Event: 23.392 Thread 0x00000272366be250 nmethod 8999 0x0000027227125e10 code [0x0000027227125fa0, 0x0000027227126070]
Event: 23.392 Thread 0x00000272366be250 8993       1       kotlin.reflect.jvm.internal.impl.metadata.ProtoBuf$Function::getContextReceiverTypeIdList (5 bytes)
Event: 23.392 Thread 0x00000272366be250 nmethod 8993 0x0000027227126110 code [0x00000272271262a0, 0x0000027227126370]

GC Heap History (20 events):
Event: 12.169 GC heap after
{Heap after GC invocations=10 (full 0):
 garbage-first heap   total 98304K, used 37715K [0x0000000700000000, 0x0000000800000000)
  region size 2048K, 2 young (4096K), 2 survivors (4096K)
 Metaspace       used 42233K, committed 43584K, reserved 1114112K
  class space    used 5875K, committed 6528K, reserved 1048576K
}
Event: 13.206 GC heap before
{Heap before GC invocations=10 (full 0):
 garbage-first heap   total 98304K, used 82771K [0x0000000700000000, 0x0000000800000000)
  region size 2048K, 24 young (49152K), 2 survivors (4096K)
 Metaspace       used 46287K, committed 47872K, reserved 1114112K
  class space    used 6553K, committed 7360K, reserved 1048576K
}
Event: 13.213 GC heap after
{Heap after GC invocations=11 (full 0):
 garbage-first heap   total 98304K, used 40159K [0x0000000700000000, 0x0000000800000000)
  region size 2048K, 2 young (4096K), 2 survivors (4096K)
 Metaspace       used 46287K, committed 47872K, reserved 1114112K
  class space    used 6553K, committed 7360K, reserved 1048576K
}
Event: 14.767 GC heap before
{Heap before GC invocations=11 (full 0):
 garbage-first heap   total 98304K, used 83167K [0x0000000700000000, 0x0000000800000000)
  region size 2048K, 23 young (47104K), 2 survivors (4096K)
 Metaspace       used 50286K, committed 51968K, reserved 1114112K
  class space    used 7160K, committed 8000K, reserved 1048576K
}
Event: 14.779 GC heap after
{Heap after GC invocations=12 (full 0):
 garbage-first heap   total 98304K, used 43062K [0x0000000700000000, 0x0000000800000000)
  region size 2048K, 3 young (6144K), 3 survivors (6144K)
 Metaspace       used 50286K, committed 51968K, reserved 1114112K
  class space    used 7160K, committed 8000K, reserved 1048576K
}
Event: 16.755 GC heap before
{Heap before GC invocations=12 (full 0):
 garbage-first heap   total 98304K, used 84022K [0x0000000700000000, 0x0000000800000000)
  region size 2048K, 23 young (47104K), 3 survivors (6144K)
 Metaspace       used 54012K, committed 55872K, reserved 1114112K
  class space    used 7811K, committed 8768K, reserved 1048576K
}
Event: 16.765 GC heap after
{Heap after GC invocations=13 (full 0):
 garbage-first heap   total 98304K, used 45690K [0x0000000700000000, 0x0000000800000000)
  region size 2048K, 3 young (6144K), 3 survivors (6144K)
 Metaspace       used 54012K, committed 55872K, reserved 1114112K
  class space    used 7811K, committed 8768K, reserved 1048576K
}
Event: 17.527 GC heap before
{Heap before GC invocations=13 (full 0):
 garbage-first heap   total 98304K, used 74362K [0x0000000700000000, 0x0000000800000000)
  region size 2048K, 16 young (32768K), 3 survivors (6144K)
 Metaspace       used 57047K, committed 58944K, reserved 1114112K
  class space    used 8183K, committed 9152K, reserved 1048576K
}
Event: 17.536 GC heap after
{Heap after GC invocations=14 (full 0):
 garbage-first heap   total 98304K, used 51877K [0x0000000700000000, 0x0000000800000000)
  region size 2048K, 3 young (6144K), 3 survivors (6144K)
 Metaspace       used 57047K, committed 58944K, reserved 1114112K
  class space    used 8183K, committed 9152K, reserved 1048576K
}
Event: 18.132 GC heap before
{Heap before GC invocations=15 (full 0):
 garbage-first heap   total 112640K, used 88741K [0x0000000700000000, 0x0000000800000000)
  region size 2048K, 17 young (34816K), 3 survivors (6144K)
 Metaspace       used 59533K, committed 61504K, reserved 1114112K
  class space    used 8549K, committed 9536K, reserved 1048576K
}
Event: 18.137 GC heap after
{Heap after GC invocations=16 (full 0):
 garbage-first heap   total 112640K, used 61829K [0x0000000700000000, 0x0000000800000000)
  region size 2048K, 2 young (4096K), 2 survivors (4096K)
 Metaspace       used 59533K, committed 61504K, reserved 1114112K
  class space    used 8549K, committed 9536K, reserved 1048576K
}
Event: 18.816 GC heap before
{Heap before GC invocations=16 (full 0):
 garbage-first heap   total 112640K, used 96645K [0x0000000700000000, 0x0000000800000000)
  region size 2048K, 19 young (38912K), 2 survivors (4096K)
 Metaspace       used 62830K, committed 64768K, reserved 1114112K
  class space    used 8975K, committed 9984K, reserved 1048576K
}
Event: 18.825 GC heap after
{Heap after GC invocations=17 (full 0):
 garbage-first heap   total 112640K, used 63627K [0x0000000700000000, 0x0000000800000000)
  region size 2048K, 2 young (4096K), 2 survivors (4096K)
 Metaspace       used 62830K, committed 64768K, reserved 1114112K
  class space    used 8975K, committed 9984K, reserved 1048576K
}
Event: 19.533 GC heap before
{Heap before GC invocations=17 (full 0):
 garbage-first heap   total 112640K, used 96395K [0x0000000700000000, 0x0000000800000000)
  region size 2048K, 19 young (38912K), 2 survivors (4096K)
 Metaspace       used 65089K, committed 67008K, reserved 1114112K
  class space    used 9257K, committed 10240K, reserved 1048576K
}
Event: 19.540 GC heap after
{Heap after GC invocations=18 (full 0):
 garbage-first heap   total 112640K, used 64997K [0x0000000700000000, 0x0000000800000000)
  region size 2048K, 2 young (4096K), 2 survivors (4096K)
 Metaspace       used 65089K, committed 67008K, reserved 1114112K
  class space    used 9257K, committed 10240K, reserved 1048576K
}
Event: 20.338 GC heap before
{Heap before GC invocations=19 (full 0):
 garbage-first heap   total 120832K, used 97765K [0x0000000700000000, 0x0000000800000000)
  region size 2048K, 18 young (36864K), 2 survivors (4096K)
 Metaspace       used 67003K, committed 68928K, reserved 1114112K
  class space    used 9523K, committed 10496K, reserved 1048576K
}
Event: 20.344 GC heap after
{Heap after GC invocations=20 (full 0):
 garbage-first heap   total 120832K, used 67519K [0x0000000700000000, 0x0000000800000000)
  region size 2048K, 3 young (6144K), 3 survivors (6144K)
 Metaspace       used 67003K, committed 68928K, reserved 1114112K
  class space    used 9523K, committed 10496K, reserved 1048576K
}
Event: 21.374 GC heap before
{Heap before GC invocations=20 (full 0):
 garbage-first heap   total 120832K, used 104383K [0x0000000700000000, 0x0000000800000000)
  region size 2048K, 21 young (43008K), 3 survivors (6144K)
 Metaspace       used 69697K, committed 71744K, reserved 1114112K
  class space    used 9951K, committed 10944K, reserved 1048576K
}
Event: 21.388 GC heap after
{Heap after GC invocations=21 (full 0):
 garbage-first heap   total 120832K, used 69863K [0x0000000700000000, 0x0000000800000000)
  region size 2048K, 3 young (6144K), 3 survivors (6144K)
 Metaspace       used 69697K, committed 71744K, reserved 1114112K
  class space    used 9951K, committed 10944K, reserved 1048576K
}
Event: 23.395 GC heap before
{Heap before GC invocations=21 (full 0):
 garbage-first heap   total 120832K, used 104679K [0x0000000700000000, 0x0000000800000000)
  region size 2048K, 20 young (40960K), 3 survivors (6144K)
 Metaspace       used 72353K, committed 74432K, reserved 1114112K
  class space    used 10417K, committed 11456K, reserved 1048576K
}

Dll operation events (15 events):
Event: 0.018 Loaded shared library C:\Program Files (x86)\Java\jdk-21\bin\java.dll
Event: 0.095 Loaded shared library C:\Program Files (x86)\Java\jdk-21\bin\jsvml.dll
Event: 0.213 Loaded shared library C:\Program Files (x86)\Java\jdk-21\bin\zip.dll
Event: 0.221 Loaded shared library C:\Program Files (x86)\Java\jdk-21\bin\instrument.dll
Event: 0.231 Loaded shared library C:\Program Files (x86)\Java\jdk-21\bin\net.dll
Event: 0.236 Loaded shared library C:\Program Files (x86)\Java\jdk-21\bin\nio.dll
Event: 0.244 Loaded shared library C:\Program Files (x86)\Java\jdk-21\bin\zip.dll
Event: 0.762 Loaded shared library C:\Program Files (x86)\Java\jdk-21\bin\jimage.dll
Event: 0.874 Loaded shared library C:\Program Files (x86)\Java\jdk-21\bin\verify.dll
Event: 1.245 Loaded shared library C:\Users\ftour\.gradle\native\c067742578af261105cb4f569cf0c3c89f3d7b1fecec35dd04571415982c5e48\windows-amd64\native-platform.dll
Event: 1.258 Loaded shared library C:\Users\ftour\.gradle\native\38dada09dfb8b06ba9b0570ebf7e218e3eb74d4ef43ca46872605cf95ebc2f47\windows-amd64\native-platform-file-events.dll
Event: 2.617 Loaded shared library C:\Program Files (x86)\Java\jdk-21\bin\management.dll
Event: 2.622 Loaded shared library C:\Program Files (x86)\Java\jdk-21\bin\management_ext.dll
Event: 2.954 Loaded shared library C:\Program Files (x86)\Java\jdk-21\bin\extnet.dll
Event: 3.257 Loaded shared library C:\Program Files (x86)\Java\jdk-21\bin\sunmscapi.dll

Deoptimization events (20 events):
Event: 22.401 Thread 0x00000272011e8130 Uncommon trap: trap_request=0xffffff45 fr.pc=0x0000027226fee5e8 relative=0x0000000000001268
Event: 22.401 Thread 0x00000272011e8130 Uncommon trap: reason=unstable_if action=reinterpret pc=0x0000027226fee5e8 method=java.util.concurrent.ConcurrentHashMap.computeIfAbsent(Ljava/lang/Object;Ljava/util/function/Function;)Ljava/lang/Object; @ 279 c2
Event: 22.401 Thread 0x00000272011e8130 DEOPT PACKING pc=0x0000027226fee5e8 sp=0x000000776a1fe000
Event: 22.401 Thread 0x00000272011e8130 DEOPT UNPACKING pc=0x0000027226777da2 sp=0x000000776a1fdf88 mode 2
Event: 22.625 Thread 0x00000272010d0d90 DEOPT PACKING pc=0x000002721f7df104 sp=0x0000007768efa560
Event: 22.625 Thread 0x00000272010d0d90 DEOPT UNPACKING pc=0x00000272267788e2 sp=0x0000007768ef9a50 mode 0
Event: 22.705 Thread 0x00000272010d0d90 Uncommon trap: trap_request=0xffffffc6 fr.pc=0x0000027226d6f23c relative=0x0000000000001d7c
Event: 22.705 Thread 0x00000272010d0d90 Uncommon trap: reason=bimorphic_or_optimized_type_check action=maybe_recompile pc=0x0000027226d6f23c method=java.util.HashMap.putVal(ILjava/lang/Object;Ljava/lang/Object;ZZ)Ljava/lang/Object; @ 203 c2
Event: 22.705 Thread 0x00000272010d0d90 DEOPT PACKING pc=0x0000027226d6f23c sp=0x0000007768ef8c70
Event: 22.705 Thread 0x00000272010d0d90 DEOPT UNPACKING pc=0x0000027226777da2 sp=0x0000007768ef8b28 mode 2
Event: 22.705 Thread 0x00000272010d0d90 Uncommon trap: trap_request=0xffffffc6 fr.pc=0x0000027226d6f23c relative=0x0000000000001d7c
Event: 22.705 Thread 0x00000272010d0d90 Uncommon trap: reason=bimorphic_or_optimized_type_check action=maybe_recompile pc=0x0000027226d6f23c method=java.util.HashMap.putVal(ILjava/lang/Object;Ljava/lang/Object;ZZ)Ljava/lang/Object; @ 203 c2
Event: 22.706 Thread 0x00000272010d0d90 DEOPT PACKING pc=0x0000027226d6f23c sp=0x0000007768ef8c70
Event: 22.706 Thread 0x00000272010d0d90 DEOPT UNPACKING pc=0x0000027226777da2 sp=0x0000007768ef8b28 mode 2
Event: 22.789 Thread 0x00000272010d0d90 Uncommon trap: trap_request=0xffffff45 fr.pc=0x00000272270775d4 relative=0x0000000000000254
Event: 22.789 Thread 0x00000272010d0d90 Uncommon trap: reason=unstable_if action=reinterpret pc=0x00000272270775d4 method=java.util.concurrent.ConcurrentHashMap.addCount(JI)V @ 97 c2
Event: 22.789 Thread 0x00000272010d0d90 DEOPT PACKING pc=0x00000272270775d4 sp=0x0000007768ef9320
Event: 22.789 Thread 0x00000272010d0d90 DEOPT UNPACKING pc=0x0000027226777da2 sp=0x0000007768ef9260 mode 2
Event: 22.799 Thread 0x00000272010d0d90 DEOPT PACKING pc=0x000002721f7df104 sp=0x0000007768efbcf0
Event: 22.799 Thread 0x00000272010d0d90 DEOPT UNPACKING pc=0x00000272267788e2 sp=0x0000007768efb1e0 mode 0

Classes loaded (20 events):
Event: 20.751 Loading class java/util/stream/SortedOps
Event: 20.751 Loading class java/util/stream/SortedOps done
Event: 20.751 Loading class java/util/stream/SortedOps$OfRef
Event: 20.752 Loading class java/util/stream/ReferencePipeline$StatefulOp
Event: 20.752 Loading class java/util/stream/ReferencePipeline$StatefulOp done
Event: 20.752 Loading class java/util/stream/SortedOps$OfRef done
Event: 20.755 Loading class java/util/stream/SortedOps$RefSortingSink
Event: 20.755 Loading class java/util/stream/SortedOps$AbstractRefSortingSink
Event: 20.756 Loading class java/util/stream/SortedOps$AbstractRefSortingSink done
Event: 20.756 Loading class java/util/stream/SortedOps$RefSortingSink done
Event: 20.764 Loading class java/time/Ser
Event: 20.764 Loading class java/time/Ser done
Event: 20.780 Loading class java/lang/AbstractMethodError
Event: 20.780 Loading class java/lang/AbstractMethodError done
Event: 21.277 Loading class sun/reflect/annotation/AnnotationInvocationHandler$1
Event: 21.278 Loading class sun/reflect/annotation/AnnotationInvocationHandler$1 done
Event: 21.600 Loading class java/util/TreeMap$KeySpliterator
Event: 21.601 Loading class java/util/TreeMap$TreeMapSpliterator
Event: 21.601 Loading class java/util/TreeMap$TreeMapSpliterator done
Event: 21.601 Loading class java/util/TreeMap$KeySpliterator done

Classes unloaded (0 events):
No events

Classes redefined (0 events):
No events

Internal exceptions (20 events):
Event: 20.760 Thread 0x000002727d8e86a0 Exception <a 'java/lang/NoSuchMethodError'{0x0000000706413d70}: static Lorg/gradle/internal/build/event/types/DefaultProjectConfigurationSuccessResult;.<clinit>()V> (0x0000000706413d70) 
thrown [s\open\src\hotspot\share\prims\jni.cpp, line 1106]
Event: 20.760 Thread 0x000002727d8e86a0 Exception <a 'java/lang/NoSuchMethodError'{0x0000000706415110}: static Lorg/gradle/internal/build/event/types/AbstractProjectConfigurationResult;.<clinit>()V> (0x0000000706415110) 
thrown [s\open\src\hotspot\share\prims\jni.cpp, line 1106]
Event: 20.761 Thread 0x000002727d8e86a0 Exception <a 'java/lang/NoSuchMethodError'{0x00000007064203a0}: static Lorg/gradle/internal/build/event/types/DefaultPluginApplicationResult;.<clinit>()V> (0x00000007064203a0) 
thrown [s\open\src\hotspot\share\prims\jni.cpp, line 1106]
Event: 20.763 Thread 0x000002727d8e86a0 Exception <a 'java/lang/NoSuchMethodError'{0x000000070642c218}: static Lorg/gradle/internal/build/event/types/DefaultBinaryPluginIdentifier;.<clinit>()V> (0x000000070642c218) 
thrown [s\open\src\hotspot\share\prims\jni.cpp, line 1106]
Event: 20.766 Thread 0x000002727d8e86a0 Exception <a 'java/lang/NoSuchMethodError'{0x00000007064f0ee8}: static Lorg/gradle/internal/build/event/types/DefaultScriptPluginIdentifier;.<clinit>()V> (0x00000007064f0ee8) 
thrown [s\open\src\hotspot\share\prims\jni.cpp, line 1106]
Event: 21.224 Thread 0x000002727d8ef2e0 Exception <a 'java/lang/NoSuchMethodError'{0x0000000705614850}: 'java.lang.Object java.lang.invoke.DirectMethodHandle$Holder.newInvokeSpecial(java.lang.Object, java.lang.Object, java.lang.Object, java.lang.Object, java.lang.Object, java.lang.Object, int)'> (0x0000000705614850) 
thrown [s\open\src\hotspot\share\interpreter\linkResolver.cpp, line 773]
Event: 21.224 Thread 0x000002727d8ef2e0 Exception <a 'java/lang/NoSuchMethodError'{0x0000000705619d30}: 'java.lang.Object java.lang.invoke.DirectMethodHandle$Holder.invokeSpecial(java.lang.Object, java.lang.Object, java.lang.Object, java.lang.Object, java.lang.Object, java.lang.Object, java.lang.Object, int)'> (0x0000000705619d30) 
thrown [s\open\src\hotspot\share\interpreter\linkResolver.cpp, line 773]
Event: 21.224 Thread 0x000002727d8ef2e0 Exception <a 'java/lang/NoSuchMethodError'{0x000000070561ee00}: 'java.lang.Object java.lang.invoke.Invokers$Holder.linkToTargetMethod(java.lang.Object, java.lang.Object, java.lang.Object, java.lang.Object, java.lang.Object, int, java.lang.Object)'> (0x000000070561ee00) 
thrown [s\open\src\hotspot\share\interpreter\linkResolver.cpp, line 773]
Event: 21.583 Thread 0x00000272010d0d90 Exception <a 'java/lang/NoSuchMethodError'{0x000000070710e248}: 'java.lang.Object java.lang.invoke.DirectMethodHandle$Holder.invokeVirtual(java.lang.Object, java.lang.Object, java.lang.Object, java.lang.Object, java.lang.Object, java.lang.Object, java.lang.Object, java.lang.Object, java.lang.Object, java.lang.Object, java.lang.Object, java.lang.Object, java.lang.Object, java.lang.Object, java.lang.Object, java.lang.Object, java.lang.Object, java.lang.Object, java.lang.Object, java.lang.Object, java.lang.Ob
Event: 21.584 Thread 0x00000272010d0d90 Exception <a 'java/lang/NoSuchMethodError'{0x0000000707113790}: 'java.lang.Object java.lang.invoke.DelegatingMethodHandle$Holder.reinvoke_L(java.lang.Object, java.lang.Object, java.lang.Object, java.lang.Object, java.lang.Object, java.lang.Object, java.lang.Object, java.lang.Object, java.lang.Object, java.lang.Object, java.lang.Object, java.lang.Object, java.lang.Object, java.lang.Object, java.lang.Object, java.lang.Object, java.lang.Object, java.lang.Object, java.lang.Object, java.lang.Object, java.lang.O
Event: 21.612 Thread 0x000002727d8e86a0 Exception <a 'java/lang/NoSuchMethodError'{0x0000000706e06af8}: static Lorg/gradle/internal/build/event/types/DefaultTaskStartedProgressEvent;.<clinit>()V> (0x0000000706e06af8) 
thrown [s\open\src\hotspot\share\prims\jni.cpp, line 1106]
Event: 21.614 Thread 0x000002727d8e86a0 Exception <a 'java/lang/NoSuchMethodError'{0x0000000706e10f10}: static Lorg/gradle/internal/build/event/types/DefaultTaskDescriptor;.<clinit>()V> (0x0000000706e10f10) 
thrown [s\open\src\hotspot\share\prims\jni.cpp, line 1106]
Event: 21.688 Thread 0x000002727d8e86a0 Exception <a 'java/lang/NoSuchMethodError'{0x0000000706f81680}: static Lorg/gradle/internal/build/event/types/DefaultTaskFinishedProgressEvent;.<clinit>()V> (0x0000000706f81680) 
thrown [s\open\src\hotspot\share\prims\jni.cpp, line 1106]
Event: 21.691 Thread 0x000002727d8e86a0 Exception <a 'java/lang/NoSuchMethodError'{0x0000000706fb85b0}: static Lorg/gradle/internal/build/event/types/DefaultTaskSuccessResult;.<clinit>()V> (0x0000000706fb85b0) 
thrown [s\open\src\hotspot\share\prims\jni.cpp, line 1106]
Event: 21.691 Thread 0x000002727d8e86a0 Exception <a 'java/lang/NoSuchMethodError'{0x0000000706fb9918}: static Lorg/gradle/internal/build/event/types/AbstractTaskResult;.<clinit>()V> (0x0000000706fb9918) 
thrown [s\open\src\hotspot\share\prims\jni.cpp, line 1106]
Event: 21.695 Thread 0x000002727d8e86a0 Exception <a 'java/lang/NoSuchMethodError'{0x0000000706c145a0}: static [Ljava/lang/Object;.<clinit>()V> (0x0000000706c145a0) 
thrown [s\open\src\hotspot\share\prims\jni.cpp, line 1106]
Event: 21.696 Thread 0x00000272010d0d90 Exception <a 'java/lang/NoSuchMethodError'{0x0000000706c06738}: 'java.lang.Object java.lang.invoke.DirectMethodHandle$Holder.newInvokeSpecial(java.lang.Object, java.lang.Object, java.lang.Object, java.lang.Object, int, java.lang.Object)'> (0x0000000706c06738) 
thrown [s\open\src\hotspot\share\interpreter\linkResolver.cpp, line 773]
Event: 21.696 Thread 0x00000272010d0d90 Exception <a 'java/lang/NoSuchMethodError'{0x0000000706c0a9f8}: 'java.lang.Object java.lang.invoke.Invokers$Holder.linkToTargetMethod(java.lang.Object, java.lang.Object, java.lang.Object, int, java.lang.Object, java.lang.Object)'> (0x0000000706c0a9f8) 
thrown [s\open\src\hotspot\share\interpreter\linkResolver.cpp, line 773]
Event: 21.841 Thread 0x00000272010d0d90 Exception <a 'java/lang/NoSuchMethodError'{0x0000000706daa6a8}: 'int java.lang.invoke.DirectMethodHandle$Holder.invokeSpecial(java.lang.Object, java.lang.Object, java.lang.Object, java.lang.Object, java.lang.Object)'> (0x0000000706daa6a8) 
thrown [s\open\src\hotspot\share\interpreter\linkResolver.cpp, line 773]
Event: 22.134 Thread 0x00000272010d0d90 Exception <a 'java/lang/NoSuchMethodError'{0x0000000706781ce0}: 'void java.lang.invoke.DirectMethodHandle$Holder.invokeStatic(java.lang.Object, java.lang.Object, java.lang.Object, java.lang.Object, int, java.lang.Object, java.lang.Object)'> (0x0000000706781ce0) 
thrown [s\open\src\hotspot\share\interpreter\linkResolver.cpp, line 773]

ZGC Phase Switch (0 events):
No events

VM Operations (20 events):
Event: 21.390 Executing VM operation: G1CollectForAllocation (G1 Evacuation Pause) done
Event: 21.607 Executing VM operation: HandshakeAllThreads (Deoptimize)
Event: 21.607 Executing VM operation: HandshakeAllThreads (Deoptimize) done
Event: 21.683 Executing VM operation: HandshakeAllThreads (Deoptimize)
Event: 21.684 Executing VM operation: HandshakeAllThreads (Deoptimize) done
Event: 21.714 Executing VM operation: HandshakeAllThreads (Deoptimize)
Event: 21.715 Executing VM operation: HandshakeAllThreads (Deoptimize) done
Event: 21.839 Executing VM operation: HandshakeAllThreads (Deoptimize)
Event: 21.839 Executing VM operation: HandshakeAllThreads (Deoptimize) done
Event: 22.166 Executing VM operation: ICBufferFull
Event: 22.168 Executing VM operation: ICBufferFull done
Event: 22.169 Executing VM operation: ICBufferFull
Event: 22.170 Executing VM operation: ICBufferFull done
Event: 22.230 Executing VM operation: HandshakeAllThreads (Deoptimize)
Event: 22.231 Executing VM operation: HandshakeAllThreads (Deoptimize) done
Event: 23.180 Executing VM operation: ICBufferFull
Event: 23.180 Executing VM operation: ICBufferFull done
Event: 23.180 Executing VM operation: ICBufferFull
Event: 23.180 Executing VM operation: ICBufferFull done
Event: 23.395 Executing VM operation: G1CollectForAllocation (G1 Evacuation Pause)

Events (20 events):
Event: 22.054 Thread 0x00000272010d55c0 Thread added: 0x00000272010d55c0
Event: 22.162 Thread 0x00000272010d27d0 Thread added: 0x00000272010d27d0
Event: 22.164 Thread 0x00000272010d2140 Thread added: 0x00000272010d2140
Event: 22.165 Thread 0x00000272011e7aa0 Thread added: 0x00000272011e7aa0
Event: 22.166 Thread 0x00000272011e8130 Thread added: 0x00000272011e8130
Event: 22.168 Thread 0x00000272011e7410 Thread added: 0x00000272011e7410
Event: 22.169 Thread 0x00000272011e94e0 Thread added: 0x00000272011e94e0
Event: 22.170 Thread 0x00000272011e87c0 Thread added: 0x00000272011e87c0
Event: 22.715 Thread 0x00000272011e6060 Thread added: 0x00000272011e6060
Event: 22.716 Thread 0x00000272011e8e50 Thread added: 0x00000272011e8e50
Event: 22.716 Thread 0x00000272011e9b70 Thread added: 0x00000272011e9b70
Event: 22.716 Thread 0x00000272011e66f0 Thread added: 0x00000272011e66f0
Event: 22.716 Thread 0x00000272011ea200 Thread added: 0x00000272011ea200
Event: 22.786 Thread 0x00000272011e6d80 Thread added: 0x00000272011e6d80
Event: 22.786 Thread 0x00000272011eaf20 Thread added: 0x00000272011eaf20
Event: 22.786 Thread 0x00000272011ec2d0 Thread added: 0x00000272011ec2d0
Event: 22.787 Thread 0x00000272011ebc40 Thread added: 0x00000272011ebc40
Event: 22.789 Thread 0x00000272011ea890 Thread added: 0x00000272011ea890
Event: 22.789 Thread 0x00000272011ec960 Thread added: 0x00000272011ec960
Event: 22.985 Thread 0x0000027202749010 Thread exited: 0x0000027202749010


Dynamic libraries:
0x00007ff7a7580000 - 0x00007ff7a7590000 	C:\Program Files (x86)\Java\jdk-21\bin\java.exe
0x00007ffb38820000 - 0x00007ffb38a83000 	C:\WINDOWS\SYSTEM32\ntdll.dll
0x00007ffb37900000 - 0x00007ffb379c7000 	C:\WINDOWS\System32\KERNEL32.DLL
0x00007ffb36100000 - 0x00007ffb364c9000 	C:\WINDOWS\System32\KERNELBASE.dll
0x00007ffb316e0000 - 0x00007ffb3177c000 	C:\WINDOWS\SYSTEM32\apphelp.dll
0x00007ffb35c50000 - 0x00007ffb35d9c000 	C:\WINDOWS\System32\ucrtbase.dll
0x00007ffaf4c40000 - 0x00007ffaf4c5b000 	C:\Program Files (x86)\Java\jdk-21\bin\VCRUNTIME140.dll
0x00007ffb12340000 - 0x00007ffb12359000 	C:\Program Files (x86)\Java\jdk-21\bin\jli.dll
0x00007ffb36650000 - 0x00007ffb36702000 	C:\WINDOWS\System32\ADVAPI32.dll
0x00007ffb38190000 - 0x00007ffb38239000 	C:\WINDOWS\System32\msvcrt.dll
0x00007ffb380e0000 - 0x00007ffb38186000 	C:\WINDOWS\System32\sechost.dll
0x00007ffb36ad0000 - 0x00007ffb36be6000 	C:\WINDOWS\System32\RPCRT4.dll
0x00007ffb383d0000 - 0x00007ffb3859a000 	C:\WINDOWS\System32\USER32.dll
0x00007ffb36610000 - 0x00007ffb36637000 	C:\WINDOWS\System32\win32u.dll
0x00007ffb36aa0000 - 0x00007ffb36aca000 	C:\WINDOWS\System32\GDI32.dll
0x00007ffb0c8d0000 - 0x00007ffb0cb60000 	C:\WINDOWS\WinSxS\amd64_microsoft.windows.common-controls_6595b64144ccf1df_6.0.26100.3323_none_3e088096e3344490\COMCTL32.dll
0x00007ffb364d0000 - 0x00007ffb36601000 	C:\WINDOWS\System32\gdi32full.dll
0x00007ffb35a20000 - 0x00007ffb35ac3000 	C:\WINDOWS\System32\msvcp_win.dll
0x00007ffb2bab0000 - 0x00007ffb2babb000 	C:\WINDOWS\SYSTEM32\VERSION.dll
0x00007ffb379d0000 - 0x00007ffb379ff000 	C:\WINDOWS\System32\IMM32.DLL
0x00007ffb1fc80000 - 0x00007ffb1fc8c000 	C:\Program Files (x86)\Java\jdk-21\bin\vcruntime140_1.dll
0x00007ffaaee10000 - 0x00007ffaaee9e000 	C:\Program Files (x86)\Java\jdk-21\bin\msvcp140.dll
0x00007ffaa4140000 - 0x00007ffaa4e55000 	C:\Program Files (x86)\Java\jdk-21\bin\server\jvm.dll
0x00007ffb382d0000 - 0x00007ffb38344000 	C:\WINDOWS\System32\WS2_32.dll
0x00007ffb35420000 - 0x00007ffb3546e000 	C:\WINDOWS\SYSTEM32\POWRPROF.dll
0x00007ffb13f00000 - 0x00007ffb13f36000 	C:\WINDOWS\SYSTEM32\WINMM.dll
0x00007ffb35400000 - 0x00007ffb35414000 	C:\WINDOWS\SYSTEM32\UMPDC.dll
0x00007ffb34820000 - 0x00007ffb3483a000 	C:\WINDOWS\SYSTEM32\kernel.appcore.dll
0x00007ffab20d0000 - 0x00007ffab20da000 	C:\Program Files (x86)\Java\jdk-21\bin\jimage.dll
0x00007ffb332f0000 - 0x00007ffb33531000 	C:\WINDOWS\SYSTEM32\DBGHELP.DLL
0x00007ffb36710000 - 0x00007ffb36a92000 	C:\WINDOWS\System32\combase.dll
0x00007ffb37820000 - 0x00007ffb378f6000 	C:\WINDOWS\System32\OLEAUT32.dll
0x00007ffb116b0000 - 0x00007ffb116e9000 	C:\WINDOWS\SYSTEM32\dbgcore.DLL
0x00007ffb35ef0000 - 0x00007ffb35f89000 	C:\WINDOWS\System32\bcryptPrimitives.dll
0x00007ffab20c0000 - 0x00007ffab20cf000 	C:\Program Files (x86)\Java\jdk-21\bin\instrument.dll
0x00007ffab20a0000 - 0x00007ffab20bf000 	C:\Program Files (x86)\Java\jdk-21\bin\java.dll
0x00007ffb37100000 - 0x00007ffb37815000 	C:\WINDOWS\System32\SHELL32.dll
0x00007ffb35f90000 - 0x00007ffb360f8000 	C:\WINDOWS\System32\wintypes.dll
0x00007ffb336d0000 - 0x00007ffb33f15000 	C:\WINDOWS\SYSTEM32\windows.storage.dll
0x00007ffb37010000 - 0x00007ffb370fb000 	C:\WINDOWS\System32\SHCORE.dll
0x00007ffb38270000 - 0x00007ffb382cd000 	C:\WINDOWS\System32\shlwapi.dll
0x00007ffb35930000 - 0x00007ffb3595f000 	C:\WINDOWS\SYSTEM32\profapi.dll
0x00007ffaaed30000 - 0x00007ffaaee07000 	C:\Program Files (x86)\Java\jdk-21\bin\jsvml.dll
0x00007ffaaf4a0000 - 0x00007ffaaf4b8000 	C:\Program Files (x86)\Java\jdk-21\bin\zip.dll
0x00007ffaaf490000 - 0x00007ffaaf4a0000 	C:\Program Files (x86)\Java\jdk-21\bin\net.dll
0x00007ffb2b820000 - 0x00007ffb2b93e000 	C:\WINDOWS\SYSTEM32\WINHTTP.dll
0x00007ffb34d60000 - 0x00007ffb34dca000 	C:\WINDOWS\system32\mswsock.dll
0x00007ffaaf470000 - 0x00007ffaaf486000 	C:\Program Files (x86)\Java\jdk-21\bin\nio.dll
0x00007ffaaf460000 - 0x00007ffaaf470000 	C:\Program Files (x86)\Java\jdk-21\bin\verify.dll
0x00007ffb29c50000 - 0x00007ffb29c77000 	C:\Users\ftour\.gradle\native\c067742578af261105cb4f569cf0c3c89f3d7b1fecec35dd04571415982c5e48\windows-amd64\native-platform.dll
0x00007ffa59e40000 - 0x00007ffa59f84000 	C:\Users\ftour\.gradle\native\38dada09dfb8b06ba9b0570ebf7e218e3eb74d4ef43ca46872605cf95ebc2f47\windows-amd64\native-platform-file-events.dll
0x00007ffaaf450000 - 0x00007ffaaf45a000 	C:\Program Files (x86)\Java\jdk-21\bin\management.dll
0x00007ffaaf440000 - 0x00007ffaaf44b000 	C:\Program Files (x86)\Java\jdk-21\bin\management_ext.dll
0x00007ffb37bb0000 - 0x00007ffb37bb8000 	C:\WINDOWS\System32\PSAPI.DLL
0x00007ffb35000000 - 0x00007ffb3501c000 	C:\WINDOWS\SYSTEM32\CRYPTSP.dll
0x00007ffb34780000 - 0x00007ffb347ba000 	C:\WINDOWS\system32\rsaenh.dll
0x00007ffb34e00000 - 0x00007ffb34e2b000 	C:\WINDOWS\SYSTEM32\USERENV.dll
0x00007ffb352b0000 - 0x00007ffb352d6000 	C:\WINDOWS\SYSTEM32\bcrypt.dll
0x00007ffb35020000 - 0x00007ffb3502c000 	C:\WINDOWS\SYSTEM32\CRYPTBASE.dll
0x00007ffb34230000 - 0x00007ffb34263000 	C:\WINDOWS\SYSTEM32\IPHLPAPI.DLL
0x00007ffb36f30000 - 0x00007ffb36f3a000 	C:\WINDOWS\System32\NSI.dll
0x00007ffaaf4c0000 - 0x00007ffaaf4c7000 	C:\Program Files (x86)\Java\jdk-21\bin\extnet.dll
0x00007ffaaf4d0000 - 0x00007ffaaf4de000 	C:\Program Files (x86)\Java\jdk-21\bin\sunmscapi.dll
0x00007ffb35ad0000 - 0x00007ffb35c47000 	C:\WINDOWS\System32\CRYPT32.dll
0x00007ffb35270000 - 0x00007ffb352a0000 	C:\WINDOWS\SYSTEM32\ncrypt.dll
0x00007ffb35220000 - 0x00007ffb3525f000 	C:\WINDOWS\SYSTEM32\NTASN1.dll
0x00007ffaa30c0000 - 0x00007ffaa30c8000 	C:\WINDOWS\system32\wshunix.dll
0x00007ffb0d570000 - 0x00007ffb0d588000 	C:\WINDOWS\system32\napinsp.dll
0x00007ffb342c0000 - 0x00007ffb343e5000 	C:\WINDOWS\SYSTEM32\DNSAPI.dll
0x00007ffb0d200000 - 0x00007ffb0d212000 	C:\WINDOWS\System32\winrnr.dll
0x00007ffb0d1d0000 - 0x00007ffb0d1f2000 	C:\WINDOWS\system32\nlansp_c.dll
0x00007ffb2a910000 - 0x00007ffb2a926000 	C:\WINDOWS\system32\wshbth.dll
0x00007ffb2c9f0000 - 0x00007ffb2c9fb000 	C:\Windows\System32\rasadhlp.dll
0x00007ffb30340000 - 0x00007ffb303c5000 	C:\WINDOWS\System32\fwpuclnt.dll

dbghelp: loaded successfully - version: 4.0.5 - missing functions: none
symbol engine: initialized successfully - sym options: 0x614 - pdb path: .;C:\Program Files (x86)\Java\jdk-21\bin;C:\WINDOWS\SYSTEM32;C:\WINDOWS\WinSxS\amd64_microsoft.windows.common-controls_6595b64144ccf1df_6.0.26100.3323_none_3e088096e3344490;C:\Program Files (x86)\Java\jdk-21\bin\server;C:\Users\ftour\.gradle\native\c067742578af261105cb4f569cf0c3c89f3d7b1fecec35dd04571415982c5e48\windows-amd64;C:\Users\ftour\.gradle\native\38dada09dfb8b06ba9b0570ebf7e218e3eb74d4ef43ca46872605cf95ebc2f47\windows-amd64

VM Arguments:
jvm_args: -XX:MaxMetaspaceSize=2G -XX:+HeapDumpOnOutOfMemoryError --add-opens=java.base/java.util=ALL-UNNAMED --add-opens=java.base/java.lang=ALL-UNNAMED --add-opens=java.base/java.lang.invoke=ALL-UNNAMED --add-opens=java.prefs/java.util.prefs=ALL-UNNAMED --add-opens=java.base/java.nio.charset=ALL-UNNAMED --add-opens=java.base/java.net=ALL-UNNAMED --add-opens=java.base/java.util.concurrent.atomic=ALL-UNNAMED -Xmx4G -Dfile.encoding=utf8 -Duser.country=IE -Duser.language=en -Duser.variant -javaagent:C:\Users\ftour\.gradle\wrapper\dists\gradle-8.5-bin\5t9huq95ubn472n8rpzujfbqh\gradle-8.5\lib\agents\gradle-instrumentation-agent-8.5.jar 
java_command: org.gradle.launcher.daemon.bootstrap.GradleDaemon 8.5
java_class_path (initial): C:\Users\ftour\.gradle\wrapper\dists\gradle-8.5-bin\5t9huq95ubn472n8rpzujfbqh\gradle-8.5\lib\gradle-launcher-8.5.jar
Launcher Type: SUN_STANDARD

[Global flags]
     intx CICompilerCount                          = 4                                         {product} {ergonomic}
     uint ConcGCThreads                            = 2                                         {product} {ergonomic}
     uint G1ConcRefinementThreads                  = 8                                         {product} {ergonomic}
   size_t G1HeapRegionSize                         = 2097152                                   {product} {ergonomic}
    uintx GCDrainStackTargetSize                   = 64                                        {product} {ergonomic}
     bool HeapDumpOnOutOfMemoryError               = true                                   {manageable} {command line}
   size_t InitialHeapSize                          = 132120576                                 {product} {ergonomic}
   size_t MarkStackSize                            = 4194304                                   {product} {ergonomic}
   size_t MaxHeapSize                              = 4294967296                                {product} {command line}
   size_t MaxMetaspaceSize                         = 2147483648                                {product} {command line}
   size_t MaxNewSize                               = 2575302656                                {product} {ergonomic}
   size_t MinHeapDeltaBytes                        = 2097152                                   {product} {ergonomic}
   size_t MinHeapSize                              = 8388608                                   {product} {ergonomic}
    uintx NonNMethodCodeHeapSize                   = 5839372                                {pd product} {ergonomic}
    uintx NonProfiledCodeHeapSize                  = 122909434                              {pd product} {ergonomic}
    uintx ProfiledCodeHeapSize                     = 122909434                              {pd product} {ergonomic}
    uintx ReservedCodeCacheSize                    = 251658240                              {pd product} {ergonomic}
     bool SegmentedCodeCache                       = true                                      {product} {ergonomic}
   size_t SoftMaxHeapSize                          = 4294967296                             {manageable} {ergonomic}
     bool UseCompressedOops                        = true                           {product lp64_product} {ergonomic}
     bool UseG1GC                                  = true                                      {product} {ergonomic}
     bool UseLargePagesIndividualAllocation        = false                                  {pd product} {ergonomic}

Logging:
Log output configuration:
 #0: stdout all=warning uptime,level,tags foldmultilines=false
 #1: stderr all=off uptime,level,tags foldmultilines=false

Environment Variables:
JAVA_HOME=C:\Program Files (x86)\Java\jdk-21
PATH=C:\Program Files\Common Files\Oracle\Java\javapath;C:\Program Files (x86)\Common Files\Oracle\Java\javapath;C:\WINDOWS\system32;C:\WINDOWS;C:\WINDOWS\System32\Wbem;C:\WINDOWS\System32\WindowsPowerShell\v1.0\;C:\WINDOWS\System32\OpenSSH\;C:\ProgramData\chocolatey\bin;C:\Program Files\nodejs\bin\;C:\Program Files\MySQL\MySQL Server 8.0\bin;C:\Program Files (x86)\Java\jdk-21\bin;C:\Program Files\HP\HP One Agent;C:\Program Files\Git\cmd;C:\Flutter\bin;C:\AndroidSDK\platform-tools;C:\apache-maven-3.9.9\bin;C:\ngrok;;%SystemRoot%\system32;%SystemRoot%;%SystemRoot%\System32\Wbem;%SYSTEMROOT%\System32\WindowsPowerShell\v1.0\;%SYSTEMROOT%\System32\OpenSSH\;C:\Program Files\MySQL\MySQL Shell 8.0\bin\;C:\Python311\Scripts\;C:\Python311\;C:\Users\ftour\AppData\Local\Programs\Python\Python311\Scripts\;C:\Users\ftour\AppData\Local\Programs\Python\Python311\;C:\Users\ftour\AppData\Local\Programs\Python\Launcher\;C:\Users\ftour\AppData\Local\Microsoft\WindowsApps;C:\Program Files\JetBrains\PyCharm Community Edition 2022.2.3\bin;;C:\Users\ftour\AppData\Local\Programs\Microsoft VS Code\bin;C:\Program Files\nodejs\bin\;C:\Program Files (x86)\Java\jdk-21\bin;C:\Flutter\bin;C:\AndroidSDK\platform-tools;C:\apache-maven-3.9.9\bin;C:\ngrok;
USERNAME=ftour
OS=Windows_NT
PROCESSOR_IDENTIFIER=Intel64 Family 6 Model 140 Stepping 1, GenuineIntel
TMP=C:\Users\ftour\AppData\Local\Temp
TEMP=C:\Users\ftour\AppData\Local\Temp




Periodic native trim disabled

---------------  S Y S T E M  ---------------

OS:
 Windows 11 , 64 bit Build 26100 (10.0.26100.3323)
OS uptime: 2 days 2:27 hours
Hyper-V role detected

CPU: total 8 (initial active 8) (4 cores per cpu, 2 threads per core) family 6 model 140 stepping 1 microcode 0x9a, cx8, cmov, fxsr, ht, mmx, 3dnowpref, sse, sse2, sse3, ssse3, sse4.1, sse4.2, popcnt, lzcnt, tsc, tscinvbit, avx, avx2, aes, erms, clmul, bmi1, bmi2, adx, avx512f, avx512dq, avx512cd, avx512bw, avx512vl, sha, fma, vzeroupper, avx512_vpopcntdq, avx512_vpclmulqdq, avx512_vaes, avx512_vnni, clflush, clflushopt, clwb, avx512_vbmi2, avx512_vbmi, hv, rdtscp, rdpid, fsrm, gfni, avx512_bitalg, f16c, cet_ibt, cet_ss, avx512_ifma
Processor Information for processor 0
  Max Mhz: 2419, Current Mhz: 2419, Mhz Limit: 2419
Processor Information for processor 1
  Max Mhz: 2419, Current Mhz: 2419, Mhz Limit: 2419
Processor Information for processor 2
  Max Mhz: 2419, Current Mhz: 2419, Mhz Limit: 2419
Processor Information for processor 3
  Max Mhz: 2419, Current Mhz: 2419, Mhz Limit: 2419
Processor Information for processor 4
  Max Mhz: 2419, Current Mhz: 1209, Mhz Limit: 2419
Processor Information for processor 5
  Max Mhz: 2419, Current Mhz: 2419, Mhz Limit: 2419
Processor Information for processor 6
  Max Mhz: 2419, Current Mhz: 2419, Mhz Limit: 2419
Processor Information for processor 7
  Max Mhz: 2419, Current Mhz: 2419, Mhz Limit: 2419

Memory: 4k page, system-wide physical 7937M (487M free)
TotalPageFile size 32513M (AvailPageFile size 68M)
current process WorkingSet (physical memory assigned to process): 347M, peak: 359M
current process commit charge ("private bytes"): 401M, peak: 416M

vm_info: Java HotSpot(TM) 64-Bit Server VM (21.0.1+12-LTS-29) for windows-amd64 JRE (21.0.1+12-LTS-29), built on 2023-10-05T13:27:09Z by "mach5one" with MS VC++ 17.1 (VS2022)

END.
