#
# There is insufficient memory for the Java Runtime Environment to continue.
# Native memory allocation (malloc) failed to allocate 2193776 bytes for Chunk::new
# Possible reasons:
#   The system is out of physical RAM or swap space
#   The process is running with CompressedOops enabled, and the Java Heap may be blocking the growth of the native heap
# Possible solutions:
#   Reduce memory load on the system
#   Increase physical memory or swap space
#   Check if swap backing store is full
#   Decrease Java heap size (-Xmx/-Xms)
#   Decrease number of Java threads
#   Decrease Java thread stack sizes (-Xss)
#   Set larger code cache with -XX:ReservedCodeCacheSize=
#   JVM is running with Zero Based Compressed Oops mode in which the Java heap is
#     placed in the first 32GB address space. The Java Heap base address is the
#     maximum limit for the native heap growth. Please use -XX:HeapBaseMinAddress
#     to set the Java Heap base and to place the Java Heap above 32GB virtual address.
# This output file may be truncated or incomplete.
#
#  Out of Memory Error (arena.cpp:168), pid=21008, tid=21760
#
# JRE version: Java(TM) SE Runtime Environment (21.0.1+12) (build 21.0.1+12-LTS-29)
# Java VM: Java HotSpot(TM) 64-Bit Server VM (21.0.1+12-LTS-29, mixed mode, tiered, compressed oops, compressed class ptrs, g1 gc, windows-amd64)
# No core dump will be written. Minidumps are not enabled by default on client versions of Windows
#

---------------  S U M M A R Y ------------

Command Line: -XX:MaxMetaspaceSize=2G -XX:+HeapDumpOnOutOfMemoryError --add-opens=java.base/java.util=ALL-UNNAMED --add-opens=java.base/java.lang=ALL-UNNAMED --add-opens=java.base/java.lang.invoke=ALL-UNNAMED --add-opens=java.prefs/java.util.prefs=ALL-UNNAMED --add-opens=java.base/java.nio.charset=ALL-UNNAMED --add-opens=java.base/java.net=ALL-UNNAMED --add-opens=java.base/java.util.concurrent.atomic=ALL-UNNAMED -Xmx4G -Dfile.encoding=utf8 -Duser.country=IE -Duser.language=en -Duser.variant -javaagent:C:\Users\ftour\.gradle\wrapper\dists\gradle-8.5-bin\5t9huq95ubn472n8rpzujfbqh\gradle-8.5\lib\agents\gradle-instrumentation-agent-8.5.jar org.gradle.launcher.daemon.bootstrap.GradleDaemon 8.5

Host: 11th Gen Intel(R) Core(TM) i5-1135G7 @ 2.40GHz, 8 cores, 7G,  Windows 11 , 64 bit Build 26100 (10.0.26100.3323)
Time: Sun Mar 16 16:39:07 2025 GMT Standard Time elapsed time: 16.243147 seconds (0d 0h 0m 16s)

---------------  T H R E A D  ---------------

Current thread (0x0000026ec2b9e8f0):  JavaThread "C2 CompilerThread2" daemon [_thread_in_native, id=21760, stack(0x000000705a600000,0x000000705a700000) (1024K)]


Current CompileTask:
C2:  16243 3344   !   4       java.lang.ClassLoader::loadClass (121 bytes)

Stack: [0x000000705a600000,0x000000705a700000]
Native frames: (J=compiled Java code, j=interpreted, Vv=VM code, C=native code)
V  [jvm.dll+0x6c9029]
V  [jvm.dll+0x854b81]
V  [jvm.dll+0x856e5e]
V  [jvm.dll+0x857543]
V  [jvm.dll+0x280c06]
V  [jvm.dll+0xc3ead]
V  [jvm.dll+0xc43c3]
V  [jvm.dll+0x3b5732]
V  [jvm.dll+0x382475]
V  [jvm.dll+0x3818ea]
V  [jvm.dll+0x249ad0]
V  [jvm.dll+0x2490b1]
V  [jvm.dll+0x1c9ca1]
V  [jvm.dll+0x2586b9]
V  [jvm.dll+0x256c9a]
V  [jvm.dll+0x3ef1b6]
V  [jvm.dll+0x7fd728]
V  [jvm.dll+0x6c777d]
C  [ucrtbase.dll+0x37b0]
C  [KERNEL32.DLL+0x2e8d7]
C  [ntdll.dll+0xbbf6c]


---------------  P R O C E S S  ---------------

Threads class SMR info:
_java_thread_list=0x0000026ec2023ba0, length=31, elements={
0x0000026e9c3a13c0, 0x0000026ec00802e0, 0x0000026ec00818b0, 0x0000026ec00874b0,
0x0000026ec0089f20, 0x0000026ec008b4f0, 0x0000026ec0096ee0, 0x0000026ec00b6920,
0x0000026ec009c410, 0x0000026ec0096850, 0x0000026ec0097570, 0x0000026ec0098fb0,
0x0000026ec0098920, 0x0000026ec0095b30, 0x0000026ec0097c00, 0x0000026ec0098290,
0x0000026ec2027510, 0x0000026ec2025440, 0x0000026ec205c810, 0x0000026ec2026e80,
0x0000026ec2027ba0, 0x0000026ec2028230, 0x0000026ec2024db0, 0x0000026ec20288c0,
0x0000026ec2b9e8f0, 0x0000026ec2025ad0, 0x0000026ec20295e0, 0x0000026ec2026160,
0x0000026ec2029c70, 0x0000026ec20267f0, 0x0000026ec202a300
}

Java Threads: ( => current thread )
  0x0000026e9c3a13c0 JavaThread "main"                              [_thread_blocked, id=24316, stack(0x0000007057f00000,0x0000007058000000) (1024K)]
  0x0000026ec00802e0 JavaThread "Reference Handler"          daemon [_thread_blocked, id=25568, stack(0x0000007058700000,0x0000007058800000) (1024K)]
  0x0000026ec00818b0 JavaThread "Finalizer"                  daemon [_thread_blocked, id=17708, stack(0x0000007058800000,0x0000007058900000) (1024K)]
  0x0000026ec00874b0 JavaThread "Signal Dispatcher"          daemon [_thread_blocked, id=21808, stack(0x0000007058900000,0x0000007058a00000) (1024K)]
  0x0000026ec0089f20 JavaThread "Attach Listener"            daemon [_thread_blocked, id=24192, stack(0x0000007058a00000,0x0000007058b00000) (1024K)]
  0x0000026ec008b4f0 JavaThread "Service Thread"             daemon [_thread_blocked, id=28292, stack(0x0000007058b00000,0x0000007058c00000) (1024K)]
  0x0000026ec0096ee0 JavaThread "Monitor Deflation Thread"   daemon [_thread_blocked, id=6664, stack(0x0000007058c00000,0x0000007058d00000) (1024K)]
  0x0000026ec00b6920 JavaThread "C2 CompilerThread0"         daemon [_thread_blocked, id=32784, stack(0x0000007058d00000,0x0000007058e00000) (1024K)]
  0x0000026ec009c410 JavaThread "C1 CompilerThread0"         daemon [_thread_blocked, id=20984, stack(0x0000007058e00000,0x0000007058f00000) (1024K)]
  0x0000026ec0096850 JavaThread "Common-Cleaner"             daemon [_thread_blocked, id=16992, stack(0x0000007058f00000,0x0000007059000000) (1024K)]
  0x0000026ec0097570 JavaThread "Notification Thread"        daemon [_thread_blocked, id=21596, stack(0x0000007059000000,0x0000007059100000) (1024K)]
  0x0000026ec0098fb0 JavaThread "Daemon health stats"               [_thread_blocked, id=26188, stack(0x0000007059600000,0x0000007059700000) (1024K)]
  0x0000026ec0098920 JavaThread "Incoming local TCP Connector on port 62496"        [_thread_in_native, id=22768, stack(0x0000007059700000,0x0000007059800000) (1024K)]
  0x0000026ec0095b30 JavaThread "Daemon periodic checks"            [_thread_blocked, id=24280, stack(0x0000007059800000,0x0000007059900000) (1024K)]
  0x0000026ec0097c00 JavaThread "Daemon"                            [_thread_blocked, id=23540, stack(0x0000007059900000,0x0000007059a00000) (1024K)]
  0x0000026ec0098290 JavaThread "Handler for socket connection from /127.0.0.1:62496 to /127.0.0.1:62497"        [_thread_in_native, id=27372, stack(0x0000007059a00000,0x0000007059b00000) (1024K)]
  0x0000026ec2027510 JavaThread "Cancel handler"                    [_thread_blocked, id=31440, stack(0x0000007059100000,0x0000007059200000) (1024K)]
  0x0000026ec2025440 JavaThread "Daemon worker"                     [_thread_in_Java, id=1536, stack(0x0000007059b00000,0x0000007059c00000) (1024K)]
  0x0000026ec205c810 JavaThread "C2 CompilerThread1"         daemon [_thread_in_native, id=5196, stack(0x0000007059c00000,0x0000007059d00000) (1024K)]
  0x0000026ec2026e80 JavaThread "Asynchronous log dispatcher for DefaultDaemonConnection: socket connection from /127.0.0.1:62496 to /127.0.0.1:62497"        [_thread_blocked, id=15768, stack(0x0000007059d00000,0x0000007059e00000) (1024K)]
  0x0000026ec2027ba0 JavaThread "Stdin handler"                     [_thread_blocked, id=26672, stack(0x0000007059e00000,0x0000007059f00000) (1024K)]
  0x0000026ec2028230 JavaThread "Daemon client event forwarder"        [_thread_blocked, id=22628, stack(0x0000007059f00000,0x000000705a000000) (1024K)]
  0x0000026ec2024db0 JavaThread "Cache worker for journal cache (C:\Users\ftour\.gradle\caches\journal-1)"        [_thread_blocked, id=29376, stack(0x000000705a400000,0x000000705a500000) (1024K)]
  0x0000026ec20288c0 JavaThread "File lock request listener"        [_thread_in_native, id=30076, stack(0x000000705a500000,0x000000705a600000) (1024K)]
=>0x0000026ec2b9e8f0 JavaThread "C2 CompilerThread2"         daemon [_thread_in_native, id=21760, stack(0x000000705a600000,0x000000705a700000) (1024K)]
  0x0000026ec2025ad0 JavaThread "Cache worker for file hash cache (C:\Users\ftour\.gradle\caches\8.5\fileHashes)"        [_thread_blocked, id=22144, stack(0x000000705a700000,0x000000705a800000) (1024K)]
  0x0000026ec20295e0 JavaThread "File watcher server"        daemon [_thread_in_native, id=33688, stack(0x000000705a800000,0x000000705a900000) (1024K)]
  0x0000026ec2026160 JavaThread "File watcher consumer"      daemon [_thread_blocked, id=12012, stack(0x000000705a900000,0x000000705aa00000) (1024K)]
  0x0000026ec2029c70 JavaThread "jar transforms"                    [_thread_blocked, id=32868, stack(0x000000705aa00000,0x000000705ab00000) (1024K)]
  0x0000026ec20267f0 JavaThread "jar transforms Thread 2"           [_thread_blocked, id=5756, stack(0x000000705ab00000,0x000000705ac00000) (1024K)]
  0x0000026ec202a300 JavaThread "jar transforms Thread 3"           [_thread_blocked, id=18104, stack(0x000000705ac00000,0x000000705ad00000) (1024K)]
Total: 31

Other Threads:
  0x0000026ec0028bf0 VMThread "VM Thread"                           [id=31428, stack(0x0000007058600000,0x0000007058700000) (1024K)]
  0x0000026ebb6bc690 WatcherThread "VM Periodic Task Thread"        [id=17104, stack(0x0000007058500000,0x0000007058600000) (1024K)]
  0x0000026e9c408980 WorkerThread "GC Thread#0"                     [id=21948, stack(0x0000007058000000,0x0000007058100000) (1024K)]
  0x0000026ec0e58c70 WorkerThread "GC Thread#1"                     [id=20968, stack(0x0000007059200000,0x0000007059300000) (1024K)]
  0x0000026ec0e1f760 WorkerThread "GC Thread#2"                     [id=33912, stack(0x0000007059300000,0x0000007059400000) (1024K)]
  0x0000026ec0f1ac40 WorkerThread "GC Thread#3"                     [id=33296, stack(0x0000007059400000,0x0000007059500000) (1024K)]
  0x0000026ec0d2e9e0 WorkerThread "GC Thread#4"                     [id=18984, stack(0x0000007059500000,0x0000007059600000) (1024K)]
  0x0000026ec20596d0 WorkerThread "GC Thread#5"                     [id=18484, stack(0x000000705a000000,0x000000705a100000) (1024K)]
  0x0000026ec20b8110 WorkerThread "GC Thread#6"                     [id=25592, stack(0x000000705a100000,0x000000705a200000) (1024K)]
  0x0000026ec1deb940 WorkerThread "GC Thread#7"                     [id=32004, stack(0x000000705a200000,0x000000705a300000) (1024K)]
  0x0000026e9c41a6f0 ConcurrentGCThread "G1 Main Marker"            [id=33536, stack(0x0000007058100000,0x0000007058200000) (1024K)]
  0x0000026e9c41b100 WorkerThread "G1 Conc#0"                       [id=32760, stack(0x0000007058200000,0x0000007058300000) (1024K)]
  0x0000026ec1deaac0 WorkerThread "G1 Conc#1"                       [id=27224, stack(0x000000705a300000,0x000000705a400000) (1024K)]
  0x0000026ebb5953e0 ConcurrentGCThread "G1 Refine#0"               [id=21276, stack(0x0000007058300000,0x0000007058400000) (1024K)]
  0x0000026e9c44a7a0 ConcurrentGCThread "G1 Service"                [id=27428, stack(0x0000007058400000,0x0000007058500000) (1024K)]
Total: 15

Threads with active compile tasks:
C2 CompilerThread0    16270 3449       4       java.lang.invoke.LambdaForm$Name::<init> (66 bytes)
C2 CompilerThread2    16270 3344   !   4       java.lang.ClassLoader::loadClass (121 bytes)
Total: 2

VM state: not at safepoint (normal execution)

VM Mutex/Monitor currently owned by a thread: None

Heap address: 0x0000000700000000, size: 4096 MB, Compressed Oops mode: Zero based, Oop shift amount: 3

CDS archive(s) not mapped
Compressed class space mapped at: 0x0000000800000000-0x0000000840000000, reserved size: 1073741824
Narrow klass base: 0x0000000800000000, Narrow klass shift: 0, Narrow klass range: 0x40000000

GC Precious Log:
 CardTable entry size: 512
 Card Set container configuration: InlinePtr #cards 4 size 8 Array Of Cards #cards 16 size 48 Howl #buckets 8 coarsen threshold 3686 Howl Bitmap #cards 512 size 80 coarsen threshold 460 Card regions per heap region 1 cards per card region 4096
 CPUs: 8 total, 8 available
 Memory: 7937M
 Large Page Support: Disabled
 NUMA Support: Disabled
 Compressed Oops: Enabled (Zero based)
 Heap Region Size: 2M
 Heap Min Capacity: 8M
 Heap Initial Capacity: 126M
 Heap Max Capacity: 4G
 Pre-touch: Disabled
 Parallel Workers: 8
 Concurrent Workers: 2
 Concurrent Refinement Workers: 8
 Periodic GC: Disabled

Heap:
 garbage-first heap   total 90112K, used 26311K [0x0000000700000000, 0x0000000800000000)
  region size 2048K, 3 young (6144K), 2 survivors (4096K)
 Metaspace       used 35320K, committed 36096K, reserved 1114112K
  class space    used 4536K, committed 4928K, reserved 1048576K

Heap Regions: E=young(eden), S=young(survivor), O=old, HS=humongous(starts), HC=humongous(continues), CS=collection set, F=free, TAMS=top-at-mark-start, PB=parsable bottom
|   0|0x0000000700000000, 0x0000000700200000, 0x0000000700200000|100%|HS|  |TAMS 0x0000000700000000| PB 0x0000000700000000| Complete 
|   1|0x0000000700200000, 0x0000000700400000, 0x0000000700400000|100%|HC|  |TAMS 0x0000000700200000| PB 0x0000000700200000| Complete 
|   2|0x0000000700400000, 0x0000000700600000, 0x0000000700600000|100%| O|  |TAMS 0x0000000700400000| PB 0x0000000700400000| Untracked 
|   3|0x0000000700600000, 0x0000000700800000, 0x0000000700800000|100%| O|  |TAMS 0x0000000700600000| PB 0x0000000700600000| Untracked 
|   4|0x0000000700800000, 0x0000000700a00000, 0x0000000700a00000|100%| O|  |TAMS 0x0000000700800000| PB 0x0000000700800000| Untracked 
|   5|0x0000000700a00000, 0x0000000700bcad30, 0x0000000700c00000| 89%| O|  |TAMS 0x0000000700a00000| PB 0x0000000700a00000| Untracked 
|   6|0x0000000700c00000, 0x0000000700c00000, 0x0000000700e00000|  0%| F|  |TAMS 0x0000000700c00000| PB 0x0000000700c00000| Untracked 
|   7|0x0000000700e00000, 0x0000000700e00000, 0x0000000701000000|  0%| F|  |TAMS 0x0000000700e00000| PB 0x0000000700e00000| Untracked 
|   8|0x0000000701000000, 0x0000000701000000, 0x0000000701200000|  0%| F|  |TAMS 0x0000000701000000| PB 0x0000000701000000| Untracked 
|   9|0x0000000701200000, 0x0000000701200000, 0x0000000701400000|  0%| F|  |TAMS 0x0000000701200000| PB 0x0000000701200000| Untracked 
|  10|0x0000000701400000, 0x0000000701400000, 0x0000000701600000|  0%| F|  |TAMS 0x0000000701400000| PB 0x0000000701400000| Untracked 
|  11|0x0000000701600000, 0x0000000701600000, 0x0000000701800000|  0%| F|  |TAMS 0x0000000701600000| PB 0x0000000701600000| Untracked 
|  12|0x0000000701800000, 0x0000000701800000, 0x0000000701a00000|  0%| F|  |TAMS 0x0000000701800000| PB 0x0000000701800000| Untracked 
|  13|0x0000000701a00000, 0x0000000701a00000, 0x0000000701c00000|  0%| F|  |TAMS 0x0000000701a00000| PB 0x0000000701a00000| Untracked 
|  14|0x0000000701c00000, 0x0000000701c00000, 0x0000000701e00000|  0%| F|  |TAMS 0x0000000701c00000| PB 0x0000000701c00000| Untracked 
|  15|0x0000000701e00000, 0x0000000701fe6f78, 0x0000000702000000| 95%| S|CS|TAMS 0x0000000701e00000| PB 0x0000000701e00000| Complete 
|  16|0x0000000702000000, 0x0000000702200000, 0x0000000702200000|100%| S|CS|TAMS 0x0000000702000000| PB 0x0000000702000000| Complete 
|  17|0x0000000702200000, 0x0000000702200000, 0x0000000702400000|  0%| F|  |TAMS 0x0000000702200000| PB 0x0000000702200000| Untracked 
|  18|0x0000000702400000, 0x0000000702400000, 0x0000000702600000|  0%| F|  |TAMS 0x0000000702400000| PB 0x0000000702400000| Untracked 
|  19|0x0000000702600000, 0x0000000702600000, 0x0000000702800000|  0%| F|  |TAMS 0x0000000702600000| PB 0x0000000702600000| Untracked 
|  20|0x0000000702800000, 0x0000000702800000, 0x0000000702a00000|  0%| F|  |TAMS 0x0000000702800000| PB 0x0000000702800000| Untracked 
|  21|0x0000000702a00000, 0x0000000702a00000, 0x0000000702c00000|  0%| F|  |TAMS 0x0000000702a00000| PB 0x0000000702a00000| Untracked 
|  22|0x0000000702c00000, 0x0000000702c00000, 0x0000000702e00000|  0%| F|  |TAMS 0x0000000702c00000| PB 0x0000000702c00000| Untracked 
|  23|0x0000000702e00000, 0x0000000702e00000, 0x0000000703000000|  0%| F|  |TAMS 0x0000000702e00000| PB 0x0000000702e00000| Untracked 
|  24|0x0000000703000000, 0x0000000703000000, 0x0000000703200000|  0%| F|  |TAMS 0x0000000703000000| PB 0x0000000703000000| Untracked 
|  25|0x0000000703200000, 0x0000000703200000, 0x0000000703400000|  0%| F|  |TAMS 0x0000000703200000| PB 0x0000000703200000| Untracked 
|  26|0x0000000703400000, 0x0000000703400000, 0x0000000703600000|  0%| F|  |TAMS 0x0000000703400000| PB 0x0000000703400000| Untracked 
|  27|0x0000000703600000, 0x0000000703600000, 0x0000000703800000|  0%| F|  |TAMS 0x0000000703600000| PB 0x0000000703600000| Untracked 
|  28|0x0000000703800000, 0x0000000703800000, 0x0000000703a00000|  0%| F|  |TAMS 0x0000000703800000| PB 0x0000000703800000| Untracked 
|  29|0x0000000703a00000, 0x0000000703a00000, 0x0000000703c00000|  0%| F|  |TAMS 0x0000000703a00000| PB 0x0000000703a00000| Untracked 
|  30|0x0000000703c00000, 0x0000000703c00000, 0x0000000703e00000|  0%| F|  |TAMS 0x0000000703c00000| PB 0x0000000703c00000| Untracked 
|  31|0x0000000703e00000, 0x0000000703e00000, 0x0000000704000000|  0%| F|  |TAMS 0x0000000703e00000| PB 0x0000000703e00000| Untracked 
|  32|0x0000000704000000, 0x0000000704000000, 0x0000000704200000|  0%| F|  |TAMS 0x0000000704000000| PB 0x0000000704000000| Untracked 
|  35|0x0000000704600000, 0x0000000704600000, 0x0000000704800000|  0%| F|  |TAMS 0x0000000704600000| PB 0x0000000704600000| Untracked 
|  36|0x0000000704800000, 0x0000000704800000, 0x0000000704a00000|  0%| F|  |TAMS 0x0000000704800000| PB 0x0000000704800000| Untracked 
|  37|0x0000000704a00000, 0x0000000704a00000, 0x0000000704c00000|  0%| F|  |TAMS 0x0000000704a00000| PB 0x0000000704a00000| Untracked 
|  38|0x0000000704c00000, 0x0000000704c00000, 0x0000000704e00000|  0%| F|  |TAMS 0x0000000704c00000| PB 0x0000000704c00000| Untracked 
|  39|0x0000000704e00000, 0x0000000704e00000, 0x0000000705000000|  0%| F|  |TAMS 0x0000000704e00000| PB 0x0000000704e00000| Untracked 
|  62|0x0000000707c00000, 0x0000000707db8668, 0x0000000707e00000| 86%| E|  |TAMS 0x0000000707c00000| PB 0x0000000707c00000| Complete 
|2043|0x00000007ff600000, 0x00000007ff800000, 0x00000007ff800000|100%| O|  |TAMS 0x00000007ff600000| PB 0x00000007ff600000| Untracked 
|2044|0x00000007ff800000, 0x00000007ffa00000, 0x00000007ffa00000|100%| O|  |TAMS 0x00000007ff800000| PB 0x00000007ff800000| Untracked 
|2045|0x00000007ffa00000, 0x00000007ffc00000, 0x00000007ffc00000|100%| O|  |TAMS 0x00000007ffa00000| PB 0x00000007ffa00000| Untracked 
|2046|0x00000007ffc00000, 0x00000007ffe00000, 0x00000007ffe00000|100%| O|  |TAMS 0x00000007ffc00000| PB 0x00000007ffc00000| Untracked 
|2047|0x00000007ffe00000, 0x0000000800000000, 0x0000000800000000|100%| O|  |TAMS 0x00000007ffe00000| PB 0x00000007ffe00000| Untracked 

Card table byte_map: [0x0000026eb4b10000,0x0000026eb5310000] _byte_map_base: 0x0000026eb1310000

Marking Bits: (CMBitMap*) 0x0000026e9c408f90
 Bits: [0x0000026eb5310000, 0x0000026eb9310000)

Polling page: 0x0000026e9ab80000

Metaspace:

Usage:
  Non-class:     30.07 MB used.
      Class:      4.43 MB used.
       Both:     34.50 MB used.

Virtual space:
  Non-class space:       64.00 MB reserved,      30.44 MB ( 48%) committed,  1 nodes.
      Class space:        1.00 GB reserved,       4.81 MB ( <1%) committed,  1 nodes.
             Both:        1.06 GB reserved,      35.25 MB (  3%) committed. 

Chunk freelists:
   Non-Class:  1.26 MB
       Class:  11.04 MB
        Both:  12.29 MB

MaxMetaspaceSize: 2.00 GB
CompressedClassSpaceSize: 1.00 GB
Initial GC threshold: 21.00 MB
Current GC threshold: 58.69 MB
CDS: off
 - commit_granule_bytes: 65536.
 - commit_granule_words: 8192.
 - virtual_space_node_default_size: 8388608.
 - enlarge_chunks_in_place: 1.
 - use_allocation_guard: 0.


Internal statistics:

num_allocs_failed_limit: 6.
num_arena_births: 1216.
num_arena_deaths: 0.
num_vsnodes_births: 2.
num_vsnodes_deaths: 0.
num_space_committed: 564.
num_space_uncommitted: 0.
num_chunks_returned_to_freelist: 6.
num_chunks_taken_from_freelist: 2259.
num_chunk_merges: 6.
num_chunk_splits: 1442.
num_chunks_enlarged: 908.
num_inconsistent_stats: 0.

CodeHeap 'non-profiled nmethods': size=120000Kb used=1802Kb max_used=2057Kb free=118197Kb
 bounds [0x0000026eac380000, 0x0000026eac5f0000, 0x0000026eb38b0000]
CodeHeap 'profiled nmethods': size=120000Kb used=6005Kb max_used=6889Kb free=113994Kb
 bounds [0x0000026ea48b0000, 0x0000026ea4f70000, 0x0000026eabde0000]
CodeHeap 'non-nmethods': size=5760Kb used=1677Kb max_used=1744Kb free=4082Kb
 bounds [0x0000026eabde0000, 0x0000026eac050000, 0x0000026eac380000]
 total_blobs=3670 nmethods=3086 adapters=488
 compilation: enabled
              stopped_count=0, restarted_count=0
 full_count=0

Compilation events (20 events):
Event: 15.207 Thread 0x0000026ec009c410 3421       3       java.util.concurrent.locks.AbstractQueuedSynchronizer$Node::setStatusRelaxed (12 bytes)
Event: 15.207 Thread 0x0000026ec009c410 nmethod 3421 0x0000026ea4f64f10 code [0x0000026ea4f650a0, 0x0000026ea4f651b8]
Event: 15.208 Thread 0x0000026ec009c410 3422       3       java.lang.Class::copyMethods (36 bytes)
Event: 15.208 Thread 0x0000026ec009c410 nmethod 3422 0x0000026ea4f65290 code [0x0000026ea4f65500, 0x0000026ea4f65fb0]
Event: 15.209 Thread 0x0000026ec009c410 3423       3       java.lang.invoke.BoundMethodHandle$Species_LLL::make (14 bytes)
Event: 15.209 Thread 0x0000026ec009c410 nmethod 3423 0x0000026ea4f66410 code [0x0000026ea4f665e0, 0x0000026ea4f66938]
Event: 15.209 Thread 0x0000026ec009c410 3424       3       java.lang.invoke.BoundMethodHandle$Species_LLL::<init> (24 bytes)
Event: 15.210 Thread 0x0000026ec009c410 nmethod 3424 0x0000026ea4f66a90 code [0x0000026ea4f66c60, 0x0000026ea4f66f70]
Event: 15.217 Thread 0x0000026ec205c810 3425       4       java.lang.ClassLoader::findLoadedClass (15 bytes)
Event: 15.225 Thread 0x0000026ec009c410 3426       3       java.util.concurrent.locks.ReentrantLock$NonfairSync::tryAcquire (27 bytes)
Event: 15.226 Thread 0x0000026ec009c410 nmethod 3426 0x0000026ea4f67090 code [0x0000026ea4f67260, 0x0000026ea4f67500]
Event: 15.226 Thread 0x0000026ec009c410 3427   !   3       java.lang.ref.ReferenceQueue::enqueue (32 bytes)
Event: 15.226 Thread 0x0000026ec009c410 nmethod 3427 0x0000026ea4f67590 code [0x0000026ea4f677e0, 0x0000026ea4f68168]
Event: 15.226 Thread 0x0000026ec009c410 3428       3       java.lang.ref.ReferenceQueue::signal (10 bytes)
Event: 15.227 Thread 0x0000026ec009c410 nmethod 3428 0x0000026ea4f68510 code [0x0000026ea4f68700, 0x0000026ea4f68b30]
Event: 15.227 Thread 0x0000026ec205c810 nmethod 3425 0x0000026eac581e10 code [0x0000026eac581fc0, 0x0000026eac582290]
Event: 15.228 Thread 0x0000026ec009c410 3429       3       java.lang.invoke.MethodHandles$Lookup::findVirtual (91 bytes)
Event: 15.229 Thread 0x0000026ec009c410 nmethod 3429 0x0000026ea4f68d10 code [0x0000026ea4f68fe0, 0x0000026ea4f69bf0]
Event: 15.231 Thread 0x0000026ec009c410 3430       3       java.util.TreeMap::leftOf (13 bytes)
Event: 15.231 Thread 0x0000026ec009c410 nmethod 3430 0x0000026ea4f6a110 code [0x0000026ea4f6a2c0, 0x0000026ea4f6a438]

GC Heap History (10 events):
Event: 7.160 GC heap before
{Heap before GC invocations=0 (full 0):
 garbage-first heap   total 129024K, used 24576K [0x0000000700000000, 0x0000000800000000)
  region size 2048K, 11 young (22528K), 0 survivors (0K)
 Metaspace       used 10800K, committed 10880K, reserved 1114112K
  class space    used 1057K, committed 1088K, reserved 1048576K
}
Event: 7.168 GC heap after
{Heap after GC invocations=1 (full 0):
 garbage-first heap   total 129024K, used 10104K [0x0000000700000000, 0x0000000800000000)
  region size 2048K, 2 young (4096K), 2 survivors (4096K)
 Metaspace       used 10800K, committed 10880K, reserved 1114112K
  class space    used 1057K, committed 1088K, reserved 1048576K
}
Event: 8.980 GC heap before
{Heap before GC invocations=1 (full 0):
 garbage-first heap   total 129024K, used 36728K [0x0000000700000000, 0x0000000800000000)
  region size 2048K, 16 young (32768K), 2 survivors (4096K)
 Metaspace       used 12023K, committed 12224K, reserved 1114112K
  class space    used 1190K, committed 1280K, reserved 1048576K
}
Event: 8.987 GC heap after
{Heap after GC invocations=2 (full 0):
 garbage-first heap   total 129024K, used 11121K [0x0000000700000000, 0x0000000800000000)
  region size 2048K, 1 young (2048K), 1 survivors (2048K)
 Metaspace       used 12023K, committed 12224K, reserved 1114112K
  class space    used 1190K, committed 1280K, reserved 1048576K
}
Event: 11.702 GC heap before
{Heap before GC invocations=2 (full 0):
 garbage-first heap   total 129024K, used 54129K [0x0000000700000000, 0x0000000800000000)
  region size 2048K, 23 young (47104K), 1 survivors (2048K)
 Metaspace       used 21151K, committed 21504K, reserved 1114112K
  class space    used 2335K, committed 2496K, reserved 1048576K
}
Event: 11.711 GC heap after
{Heap after GC invocations=3 (full 0):
 garbage-first heap   total 129024K, used 18886K [0x0000000700000000, 0x0000000800000000)
  region size 2048K, 5 young (10240K), 5 survivors (10240K)
 Metaspace       used 21151K, committed 21504K, reserved 1114112K
  class space    used 2335K, committed 2496K, reserved 1048576K
}
Event: 13.824 GC heap before
{Heap before GC invocations=4 (full 0):
 garbage-first heap   total 75776K, used 72134K [0x0000000700000000, 0x0000000800000000)
  region size 2048K, 32 young (65536K), 5 survivors (10240K)
 Metaspace       used 29676K, committed 30336K, reserved 1114112K
  class space    used 3702K, committed 4032K, reserved 1048576K
}
Event: 13.838 GC heap after
{Heap after GC invocations=5 (full 0):
 garbage-first heap   total 90112K, used 22386K [0x0000000700000000, 0x0000000800000000)
  region size 2048K, 2 young (4096K), 2 survivors (4096K)
 Metaspace       used 29676K, committed 30336K, reserved 1114112K
  class space    used 3702K, committed 4032K, reserved 1048576K
}
Event: 15.218 GC heap before
{Heap before GC invocations=5 (full 0):
 garbage-first heap   total 90112K, used 59250K [0x0000000700000000, 0x0000000800000000)
  region size 2048K, 22 young (45056K), 2 survivors (4096K)
 Metaspace       used 35207K, committed 35968K, reserved 1114112K
  class space    used 4516K, committed 4864K, reserved 1048576K
}
Event: 15.225 GC heap after
{Heap after GC invocations=6 (full 0):
 garbage-first heap   total 90112K, used 26311K [0x0000000700000000, 0x0000000800000000)
  region size 2048K, 2 young (4096K), 2 survivors (4096K)
 Metaspace       used 35207K, committed 35968K, reserved 1114112K
  class space    used 4516K, committed 4864K, reserved 1048576K
}

Dll operation events (15 events):
Event: 0.023 Loaded shared library C:\Program Files (x86)\Java\jdk-21\bin\java.dll
Event: 1.186 Loaded shared library C:\Program Files (x86)\Java\jdk-21\bin\jsvml.dll
Event: 3.381 Loaded shared library C:\Program Files (x86)\Java\jdk-21\bin\zip.dll
Event: 3.387 Loaded shared library C:\Program Files (x86)\Java\jdk-21\bin\instrument.dll
Event: 3.401 Loaded shared library C:\Program Files (x86)\Java\jdk-21\bin\net.dll
Event: 3.402 Loaded shared library C:\Program Files (x86)\Java\jdk-21\bin\nio.dll
Event: 3.414 Loaded shared library C:\Program Files (x86)\Java\jdk-21\bin\zip.dll
Event: 5.723 Loaded shared library C:\Program Files (x86)\Java\jdk-21\bin\jimage.dll
Event: 6.307 Loaded shared library C:\Program Files (x86)\Java\jdk-21\bin\verify.dll
Event: 6.967 Loaded shared library C:\Users\ftour\.gradle\native\c067742578af261105cb4f569cf0c3c89f3d7b1fecec35dd04571415982c5e48\windows-amd64\native-platform.dll
Event: 6.978 Loaded shared library C:\Users\ftour\.gradle\native\38dada09dfb8b06ba9b0570ebf7e218e3eb74d4ef43ca46872605cf95ebc2f47\windows-amd64\native-platform-file-events.dll
Event: 10.761 Loaded shared library C:\Program Files (x86)\Java\jdk-21\bin\management.dll
Event: 10.766 Loaded shared library C:\Program Files (x86)\Java\jdk-21\bin\management_ext.dll
Event: 11.115 Loaded shared library C:\Program Files (x86)\Java\jdk-21\bin\extnet.dll
Event: 11.340 Loaded shared library C:\Program Files (x86)\Java\jdk-21\bin\sunmscapi.dll

Deoptimization events (20 events):
Event: 14.945 Thread 0x0000026ec2025440 Uncommon trap: trap_request=0xffffff45 fr.pc=0x0000026eac532e30 relative=0x0000000000006250
Event: 14.945 Thread 0x0000026ec2025440 Uncommon trap: reason=unstable_if action=reinterpret pc=0x0000026eac532e30 method=java.util.jar.JarFile.maybeInstantiateVerifier()V @ 4 c2
Event: 14.945 Thread 0x0000026ec2025440 DEOPT PACKING pc=0x0000026eac532e30 sp=0x0000007059bfbb50
Event: 14.945 Thread 0x0000026ec2025440 DEOPT UNPACKING pc=0x0000026eabe37da2 sp=0x0000007059bfb910 mode 2
Event: 14.947 Thread 0x0000026ec2025440 Uncommon trap: trap_request=0xffffff45 fr.pc=0x0000026eac523cb4 relative=0x0000000000006254
Event: 14.947 Thread 0x0000026ec2025440 Uncommon trap: reason=unstable_if action=reinterpret pc=0x0000026eac523cb4 method=java.util.jar.JarFile.maybeInstantiateVerifier()V @ 4 c2
Event: 14.947 Thread 0x0000026ec2025440 DEOPT PACKING pc=0x0000026eac523cb4 sp=0x0000007059bf7e30
Event: 14.947 Thread 0x0000026ec2025440 DEOPT UNPACKING pc=0x0000026eabe37da2 sp=0x0000007059bf7c58 mode 2
Event: 14.959 Thread 0x0000026ec2025440 Uncommon trap: trap_request=0xffffff45 fr.pc=0x0000026eac405b5c relative=0x00000000000000bc
Event: 14.959 Thread 0x0000026ec2025440 Uncommon trap: reason=unstable_if action=reinterpret pc=0x0000026eac405b5c method=java.util.LinkedHashMap.afterNodeAccess(Ljava/util/HashMap$Node;)V @ 19 c2
Event: 14.959 Thread 0x0000026ec2025440 DEOPT PACKING pc=0x0000026eac405b5c sp=0x0000007059bfaf50
Event: 14.959 Thread 0x0000026ec2025440 DEOPT UNPACKING pc=0x0000026eabe37da2 sp=0x0000007059bfaeb8 mode 2
Event: 14.959 Thread 0x0000026ec2025440 Uncommon trap: trap_request=0xffffff45 fr.pc=0x0000026eac5678a8 relative=0x00000000000037e8
Event: 14.959 Thread 0x0000026ec2025440 Uncommon trap: reason=unstable_if action=reinterpret pc=0x0000026eac5678a8 method=java.util.jar.Attributes$Name.hash(Ljava/lang/String;)I @ 96 c2
Event: 14.959 Thread 0x0000026ec2025440 DEOPT PACKING pc=0x0000026eac5678a8 sp=0x0000007059bfb110
Event: 14.959 Thread 0x0000026ec2025440 DEOPT UNPACKING pc=0x0000026eabe37da2 sp=0x0000007059bfaf10 mode 2
Event: 14.969 Thread 0x0000026ec2025440 Uncommon trap: trap_request=0xffffff45 fr.pc=0x0000026eac56ee40 relative=0x0000000000000120
Event: 14.969 Thread 0x0000026ec2025440 Uncommon trap: reason=unstable_if action=reinterpret pc=0x0000026eac56ee40 method=java.math.BigInteger.addOne([IIII)I @ 55 c2
Event: 14.969 Thread 0x0000026ec2025440 DEOPT PACKING pc=0x0000026eac56ee40 sp=0x0000007059bfaba0
Event: 14.969 Thread 0x0000026ec2025440 DEOPT UNPACKING pc=0x0000026eabe37da2 sp=0x0000007059bfab40 mode 2

Classes loaded (20 events):
Event: 14.936 Loading class java/util/jar/JarVerifier$VerifierStream
Event: 14.936 Loading class java/util/jar/JarVerifier$VerifierStream done
Event: 14.936 Loading class sun/security/util/ManifestEntryVerifier$SunProviderHolder
Event: 14.937 Loading class sun/security/util/ManifestEntryVerifier$SunProviderHolder done
Event: 14.980 Loading class java/io/ObjectStreamClass$ExceptionInfo
Event: 14.980 Loading class java/io/ObjectStreamClass$ExceptionInfo done
Event: 15.030 Loading class java/util/concurrent/locks/ReentrantReadWriteLock
Event: 15.030 Loading class java/util/concurrent/locks/ReadWriteLock
Event: 15.030 Loading class java/util/concurrent/locks/ReadWriteLock done
Event: 15.030 Loading class java/util/concurrent/locks/ReentrantReadWriteLock done
Event: 15.030 Loading class java/util/concurrent/locks/ReentrantReadWriteLock$NonfairSync
Event: 15.030 Loading class java/util/concurrent/locks/ReentrantReadWriteLock$Sync
Event: 15.030 Loading class java/util/concurrent/locks/ReentrantReadWriteLock$Sync done
Event: 15.030 Loading class java/util/concurrent/locks/ReentrantReadWriteLock$NonfairSync done
Event: 15.030 Loading class java/util/concurrent/locks/ReentrantReadWriteLock$Sync$ThreadLocalHoldCounter
Event: 15.031 Loading class java/util/concurrent/locks/ReentrantReadWriteLock$Sync$ThreadLocalHoldCounter done
Event: 15.031 Loading class java/util/concurrent/locks/ReentrantReadWriteLock$ReadLock
Event: 15.031 Loading class java/util/concurrent/locks/ReentrantReadWriteLock$ReadLock done
Event: 15.031 Loading class java/util/concurrent/locks/ReentrantReadWriteLock$WriteLock
Event: 15.031 Loading class java/util/concurrent/locks/ReentrantReadWriteLock$WriteLock done

Classes unloaded (0 events):
No events

Classes redefined (0 events):
No events

Internal exceptions (20 events):
Event: 14.499 Thread 0x0000026ec2025440 Exception <a 'java/lang/NoSuchMethodError'{0x00000007038f1858}: 'java.lang.Object java.lang.invoke.DirectMethodHandle$Holder.newInvokeSpecial(java.lang.Object, java.lang.Object, long)'> (0x00000007038f1858) 
thrown [s\open\src\hotspot\share\interpreter\linkResolver.cpp, line 773]
Event: 14.500 Thread 0x0000026ec2025440 Exception <a 'java/lang/NoSuchMethodError'{0x00000007038f5960}: 'java.lang.Object java.lang.invoke.Invokers$Holder.linkToTargetMethod(java.lang.Object, long, java.lang.Object)'> (0x00000007038f5960) 
thrown [s\open\src\hotspot\share\interpreter\linkResolver.cpp, line 773]
Event: 14.563 Thread 0x0000026ec2025440 Exception <a 'java/lang/NoSuchMethodError'{0x0000000703647c10}: 'int java.lang.invoke.DirectMethodHandle$Holder.invokeInterface(java.lang.Object, java.lang.Object)'> (0x0000000703647c10) 
thrown [s\open\src\hotspot\share\interpreter\linkResolver.cpp, line 773]
Event: 14.573 Thread 0x0000026ec2025440 Exception <a 'java/lang/NoSuchMethodError'{0x00000007036744c0}: 'java.lang.Object java.lang.invoke.DirectMethodHandle$Holder.invokeStatic(java.lang.Object, java.lang.Object, int, java.lang.Object)'> (0x00000007036744c0) 
thrown [s\open\src\hotspot\share\interpreter\linkResolver.cpp, line 773]
Event: 14.574 Thread 0x0000026ec2025440 Exception <a 'java/lang/NoSuchMethodError'{0x000000070367b158}: 'java.lang.Object java.lang.invoke.DirectMethodHandle$Holder.newInvokeSpecial(java.lang.Object, java.lang.Object, int, java.lang.Object)'> (0x000000070367b158) 
thrown [s\open\src\hotspot\share\interpreter\linkResolver.cpp, line 773]
Event: 14.575 Thread 0x0000026ec2025440 Exception <a 'java/lang/NoSuchMethodError'{0x000000070367f278}: 'java.lang.Object java.lang.invoke.DirectMethodHandle$Holder.invokeSpecial(java.lang.Object, java.lang.Object, java.lang.Object, int, java.lang.Object)'> (0x000000070367f278) 
thrown [s\open\src\hotspot\share\interpreter\linkResolver.cpp, line 773]
Event: 14.684 Thread 0x0000026ec2025440 Exception <a 'java/lang/NoSuchMethodError'{0x00000007031f7870}: 'void java.lang.invoke.DirectMethodHandle$Holder.invokeVirtual(java.lang.Object, java.lang.Object)'> (0x00000007031f7870) 
thrown [s\open\src\hotspot\share\interpreter\linkResolver.cpp, line 773]
Event: 14.944 Thread 0x0000026ec2025440 Exception <a 'java/lang/NoSuchMethodError'{0x0000000702d45578}: static Lorg/gradle/tooling/internal/consumer/connection/InternalPhasedActionAdapter;.<clinit>()V> (0x0000000702d45578) 
thrown [s\open\src\hotspot\share\prims\jni.cpp, line 1106]
Event: 14.954 Thread 0x0000026ec2025440 Exception <a 'java/lang/NoSuchMethodError'{0x0000000702d73610}: static Lorg/gradle/tooling/internal/consumer/connection/InternalBuildActionAdapter;.<clinit>()V> (0x0000000702d73610) 
thrown [s\open\src\hotspot\share\prims\jni.cpp, line 1106]
Event: 15.004 Thread 0x0000026ec2025440 Exception <a 'java/lang/NoSuchMethodError'{0x0000000702adb2e0}: static Lorg/gradle/tooling/internal/consumer/versioning/VersionDetails;.<clinit>()V> (0x0000000702adb2e0) 
thrown [s\open\src\hotspot\share\prims\jni.cpp, line 1106]
Event: 15.005 Thread 0x0000026ec2025440 Exception <a 'java/lang/NoSuchMethodError'{0x0000000702addf68}: static Lorg/gradle/tooling/internal/consumer/versioning/VersionDetails$R26VersionDetails;.<clinit>()V> (0x0000000702addf68) 
thrown [s\open\src\hotspot\share\prims\jni.cpp, line 1106]
Event: 15.005 Thread 0x0000026ec2025440 Exception <a 'java/lang/NoSuchMethodError'{0x0000000702adf600}: static Lorg/gradle/tooling/internal/consumer/versioning/VersionDetails$R28VersionDetails;.<clinit>()V> (0x0000000702adf600) 
thrown [s\open\src\hotspot\share\prims\jni.cpp, line 1106]
Event: 15.005 Thread 0x0000026ec2025440 Exception <a 'java/lang/NoSuchMethodError'{0x0000000702ae0ba8}: static Lorg/gradle/tooling/internal/consumer/versioning/VersionDetails$R35VersionDetails;.<clinit>()V> (0x0000000702ae0ba8) 
thrown [s\open\src\hotspot\share\prims\jni.cpp, line 1106]
Event: 15.005 Thread 0x0000026ec2025440 Exception <a 'java/lang/NoSuchMethodError'{0x0000000702ae2318}: static Lorg/gradle/tooling/internal/consumer/versioning/VersionDetails$R44VersionDetails;.<clinit>()V> (0x0000000702ae2318) 
thrown [s\open\src\hotspot\share\prims\jni.cpp, line 1106]
Event: 15.005 Thread 0x0000026ec2025440 Exception <a 'java/lang/NoSuchMethodError'{0x0000000702ae39c0}: static Lorg/gradle/tooling/internal/consumer/versioning/VersionDetails$R48VersionDetails;.<clinit>()V> (0x0000000702ae39c0) 
thrown [s\open\src\hotspot\share\prims\jni.cpp, line 1106]
Event: 15.006 Thread 0x0000026ec2025440 Exception <a 'java/lang/NoSuchMethodError'{0x0000000702ae4f08}: static Lorg/gradle/tooling/internal/consumer/versioning/VersionDetails$R51VersionDetails;.<clinit>()V> (0x0000000702ae4f08) 
thrown [s\open\src\hotspot\share\prims\jni.cpp, line 1106]
Event: 15.008 Thread 0x0000026ec2025440 Exception <a 'java/lang/NoSuchMethodError'{0x0000000702af5670}: static [Lorg/gradle/tooling/BuildAction;.<clinit>()V> (0x0000000702af5670) 
thrown [s\open\src\hotspot\share\prims\jni.cpp, line 1106]
Event: 15.009 Thread 0x0000026ec2025440 Exception <a 'java/lang/NoSuchMethodError'{0x0000000702b04ce0}: static Lorg/eclipse/buildship/core/internal/workspace/TellGradleToRunSynchronizationTasks;.<clinit>()V> (0x0000000702b04ce0) 
thrown [s\open\src\hotspot\share\prims\jni.cpp, line 1106]
Event: 15.061 Thread 0x0000026ec2025440 Exception <a 'java/lang/NoSuchMethodError'{0x0000000702847050}: 'java.lang.Object java.lang.invoke.DirectMethodHandle$Holder.newInvokeSpecial(java.lang.Object, java.lang.Object, int)'> (0x0000000702847050) 
thrown [s\open\src\hotspot\share\interpreter\linkResolver.cpp, line 773]
Event: 15.179 Thread 0x0000026ec2025440 Exception <a 'java/lang/NoSuchMethodError'{0x000000070244e770}: 'void java.lang.invoke.DirectMethodHandle$Holder.invokeInterface(java.lang.Object, java.lang.Object, java.lang.Object, java.lang.Object, java.lang.Object)'> (0x000000070244e770) 
thrown [s\open\src\hotspot\share\interpreter\linkResolver.cpp, line 773]

ZGC Phase Switch (0 events):
No events

VM Operations (20 events):
Event: 12.549 Executing VM operation: HandshakeAllThreads (Deoptimize) done
Event: 13.558 Executing VM operation: Cleanup
Event: 13.558 Executing VM operation: Cleanup done
Event: 13.824 Executing VM operation: G1CollectForAllocation (G1 Evacuation Pause)
Event: 13.838 Executing VM operation: G1CollectForAllocation (G1 Evacuation Pause) done
Event: 14.526 Executing VM operation: HandshakeAllThreads (Deoptimize)
Event: 14.526 Executing VM operation: HandshakeAllThreads (Deoptimize) done
Event: 14.528 Executing VM operation: HandshakeAllThreads (Deoptimize)
Event: 14.528 Executing VM operation: HandshakeAllThreads (Deoptimize) done
Event: 14.673 Executing VM operation: HandshakeAllThreads (Deoptimize)
Event: 14.673 Executing VM operation: HandshakeAllThreads (Deoptimize) done
Event: 14.822 Executing VM operation: HandshakeAllThreads (Deoptimize)
Event: 14.822 Executing VM operation: HandshakeAllThreads (Deoptimize) done
Event: 15.139 Executing VM operation: ICBufferFull
Event: 15.139 Executing VM operation: ICBufferFull done
Event: 15.141 Executing VM operation: HandshakeAllThreads (Deoptimize)
Event: 15.141 Executing VM operation: HandshakeAllThreads (Deoptimize) done
Event: 15.218 Executing VM operation: CollectForMetadataAllocation (Metadata GC Threshold)
Event: 15.225 Executing VM operation: CollectForMetadataAllocation (Metadata GC Threshold) done
Event: 15.239 Executing VM operation: G1PauseRemark

Events (20 events):
Event: 11.181 Thread 0x0000026ec0098920 Thread added: 0x0000026ec0098920
Event: 11.319 Thread 0x0000026ec0095b30 Thread added: 0x0000026ec0095b30
Event: 11.422 Thread 0x0000026ec0097c00 Thread added: 0x0000026ec0097c00
Event: 11.431 Thread 0x0000026ec0098290 Thread added: 0x0000026ec0098290
Event: 11.512 Thread 0x0000026ec104de70 Thread exited: 0x0000026ec104de70
Event: 11.578 Thread 0x0000026ec2027510 Thread added: 0x0000026ec2027510
Event: 11.590 Thread 0x0000026ec2025440 Thread added: 0x0000026ec2025440
Event: 11.609 Thread 0x0000026ec205c810 Thread added: 0x0000026ec205c810
Event: 11.616 Thread 0x0000026ec2026e80 Thread added: 0x0000026ec2026e80
Event: 11.624 Thread 0x0000026ec2027ba0 Thread added: 0x0000026ec2027ba0
Event: 11.631 Thread 0x0000026ec2028230 Thread added: 0x0000026ec2028230
Event: 12.301 Thread 0x0000026ec2024db0 Thread added: 0x0000026ec2024db0
Event: 12.317 Thread 0x0000026ec20288c0 Thread added: 0x0000026ec20288c0
Event: 12.626 Thread 0x0000026ec2b9e8f0 Thread added: 0x0000026ec2b9e8f0
Event: 12.934 Thread 0x0000026ec2025ad0 Thread added: 0x0000026ec2025ad0
Event: 14.416 Thread 0x0000026ec20295e0 Thread added: 0x0000026ec20295e0
Event: 14.426 Thread 0x0000026ec2026160 Thread added: 0x0000026ec2026160
Event: 14.595 Thread 0x0000026ec2029c70 Thread added: 0x0000026ec2029c70
Event: 14.595 Thread 0x0000026ec20267f0 Thread added: 0x0000026ec20267f0
Event: 14.595 Thread 0x0000026ec202a300 Thread added: 0x0000026ec202a300


Dynamic libraries:
0x00007ff7a7580000 - 0x00007ff7a7590000 	C:\Program Files (x86)\Java\jdk-21\bin\java.exe
0x00007ffb38820000 - 0x00007ffb38a83000 	C:\WINDOWS\SYSTEM32\ntdll.dll
0x00007ffb37900000 - 0x00007ffb379c7000 	C:\WINDOWS\System32\KERNEL32.DLL
0x00007ffb36100000 - 0x00007ffb364c9000 	C:\WINDOWS\System32\KERNELBASE.dll
0x00007ffb316e0000 - 0x00007ffb3177c000 	C:\WINDOWS\SYSTEM32\apphelp.dll
0x00007ffb35c50000 - 0x00007ffb35d9c000 	C:\WINDOWS\System32\ucrtbase.dll
0x00007ffb12340000 - 0x00007ffb12359000 	C:\Program Files (x86)\Java\jdk-21\bin\jli.dll
0x00007ffaf4c40000 - 0x00007ffaf4c5b000 	C:\Program Files (x86)\Java\jdk-21\bin\VCRUNTIME140.dll
0x00007ffb36650000 - 0x00007ffb36702000 	C:\WINDOWS\System32\ADVAPI32.dll
0x00007ffb38190000 - 0x00007ffb38239000 	C:\WINDOWS\System32\msvcrt.dll
0x00007ffb380e0000 - 0x00007ffb38186000 	C:\WINDOWS\System32\sechost.dll
0x00007ffb36ad0000 - 0x00007ffb36be6000 	C:\WINDOWS\System32\RPCRT4.dll
0x00007ffb383d0000 - 0x00007ffb3859a000 	C:\WINDOWS\System32\USER32.dll
0x00007ffb36610000 - 0x00007ffb36637000 	C:\WINDOWS\System32\win32u.dll
0x00007ffb36aa0000 - 0x00007ffb36aca000 	C:\WINDOWS\System32\GDI32.dll
0x00007ffb364d0000 - 0x00007ffb36601000 	C:\WINDOWS\System32\gdi32full.dll
0x00007ffb35a20000 - 0x00007ffb35ac3000 	C:\WINDOWS\System32\msvcp_win.dll
0x00007ffb0c8d0000 - 0x00007ffb0cb60000 	C:\WINDOWS\WinSxS\amd64_microsoft.windows.common-controls_6595b64144ccf1df_6.0.26100.3323_none_3e088096e3344490\COMCTL32.dll
0x00007ffb2bab0000 - 0x00007ffb2babb000 	C:\WINDOWS\SYSTEM32\VERSION.dll
0x00007ffb379d0000 - 0x00007ffb379ff000 	C:\WINDOWS\System32\IMM32.DLL
0x00007ffb1fc80000 - 0x00007ffb1fc8c000 	C:\Program Files (x86)\Java\jdk-21\bin\vcruntime140_1.dll
0x00007ffaaee10000 - 0x00007ffaaee9e000 	C:\Program Files (x86)\Java\jdk-21\bin\msvcp140.dll
0x00007ffaa4140000 - 0x00007ffaa4e55000 	C:\Program Files (x86)\Java\jdk-21\bin\server\jvm.dll
0x00007ffb382d0000 - 0x00007ffb38344000 	C:\WINDOWS\System32\WS2_32.dll
0x00007ffb35420000 - 0x00007ffb3546e000 	C:\WINDOWS\SYSTEM32\POWRPROF.dll
0x00007ffb13f00000 - 0x00007ffb13f36000 	C:\WINDOWS\SYSTEM32\WINMM.dll
0x00007ffb35400000 - 0x00007ffb35414000 	C:\WINDOWS\SYSTEM32\UMPDC.dll
0x00007ffb34820000 - 0x00007ffb3483a000 	C:\WINDOWS\SYSTEM32\kernel.appcore.dll
0x00007ffab20d0000 - 0x00007ffab20da000 	C:\Program Files (x86)\Java\jdk-21\bin\jimage.dll
0x00007ffb332f0000 - 0x00007ffb33531000 	C:\WINDOWS\SYSTEM32\DBGHELP.DLL
0x00007ffb36710000 - 0x00007ffb36a92000 	C:\WINDOWS\System32\combase.dll
0x00007ffb37820000 - 0x00007ffb378f6000 	C:\WINDOWS\System32\OLEAUT32.dll
0x00007ffb116b0000 - 0x00007ffb116e9000 	C:\WINDOWS\SYSTEM32\dbgcore.DLL
0x00007ffb35ef0000 - 0x00007ffb35f89000 	C:\WINDOWS\System32\bcryptPrimitives.dll
0x00007ffab20c0000 - 0x00007ffab20cf000 	C:\Program Files (x86)\Java\jdk-21\bin\instrument.dll
0x00007ffab20a0000 - 0x00007ffab20bf000 	C:\Program Files (x86)\Java\jdk-21\bin\java.dll
0x00007ffb37100000 - 0x00007ffb37815000 	C:\WINDOWS\System32\SHELL32.dll
0x00007ffb35f90000 - 0x00007ffb360f8000 	C:\WINDOWS\System32\wintypes.dll
0x00007ffb336d0000 - 0x00007ffb33f15000 	C:\WINDOWS\SYSTEM32\windows.storage.dll
0x00007ffb37010000 - 0x00007ffb370fb000 	C:\WINDOWS\System32\SHCORE.dll
0x00007ffb38270000 - 0x00007ffb382cd000 	C:\WINDOWS\System32\shlwapi.dll
0x00007ffb35930000 - 0x00007ffb3595f000 	C:\WINDOWS\SYSTEM32\profapi.dll
0x00007ffaaed30000 - 0x00007ffaaee07000 	C:\Program Files (x86)\Java\jdk-21\bin\jsvml.dll
0x00007ffaaf4a0000 - 0x00007ffaaf4b8000 	C:\Program Files (x86)\Java\jdk-21\bin\zip.dll
0x00007ffaaf490000 - 0x00007ffaaf4a0000 	C:\Program Files (x86)\Java\jdk-21\bin\net.dll
0x00007ffb2b820000 - 0x00007ffb2b93e000 	C:\WINDOWS\SYSTEM32\WINHTTP.dll
0x00007ffb34d60000 - 0x00007ffb34dca000 	C:\WINDOWS\system32\mswsock.dll
0x00007ffaaf470000 - 0x00007ffaaf486000 	C:\Program Files (x86)\Java\jdk-21\bin\nio.dll
0x00007ffaaf460000 - 0x00007ffaaf470000 	C:\Program Files (x86)\Java\jdk-21\bin\verify.dll
0x00007ffb29c50000 - 0x00007ffb29c77000 	C:\Users\ftour\.gradle\native\c067742578af261105cb4f569cf0c3c89f3d7b1fecec35dd04571415982c5e48\windows-amd64\native-platform.dll
0x00007ffa59e40000 - 0x00007ffa59f84000 	C:\Users\ftour\.gradle\native\38dada09dfb8b06ba9b0570ebf7e218e3eb74d4ef43ca46872605cf95ebc2f47\windows-amd64\native-platform-file-events.dll
0x00007ffaaf450000 - 0x00007ffaaf45a000 	C:\Program Files (x86)\Java\jdk-21\bin\management.dll
0x00007ffaaf440000 - 0x00007ffaaf44b000 	C:\Program Files (x86)\Java\jdk-21\bin\management_ext.dll
0x00007ffb37bb0000 - 0x00007ffb37bb8000 	C:\WINDOWS\System32\PSAPI.DLL
0x00007ffb35000000 - 0x00007ffb3501c000 	C:\WINDOWS\SYSTEM32\CRYPTSP.dll
0x00007ffb34780000 - 0x00007ffb347ba000 	C:\WINDOWS\system32\rsaenh.dll
0x00007ffb34e00000 - 0x00007ffb34e2b000 	C:\WINDOWS\SYSTEM32\USERENV.dll
0x00007ffb352b0000 - 0x00007ffb352d6000 	C:\WINDOWS\SYSTEM32\bcrypt.dll
0x00007ffb35020000 - 0x00007ffb3502c000 	C:\WINDOWS\SYSTEM32\CRYPTBASE.dll
0x00007ffb34230000 - 0x00007ffb34263000 	C:\WINDOWS\SYSTEM32\IPHLPAPI.DLL
0x00007ffb36f30000 - 0x00007ffb36f3a000 	C:\WINDOWS\System32\NSI.dll
0x00007ffaaf4c0000 - 0x00007ffaaf4c7000 	C:\Program Files (x86)\Java\jdk-21\bin\extnet.dll
0x00007ffaaf4d0000 - 0x00007ffaaf4de000 	C:\Program Files (x86)\Java\jdk-21\bin\sunmscapi.dll
0x00007ffb35ad0000 - 0x00007ffb35c47000 	C:\WINDOWS\System32\CRYPT32.dll
0x00007ffb35270000 - 0x00007ffb352a0000 	C:\WINDOWS\SYSTEM32\ncrypt.dll
0x00007ffb35220000 - 0x00007ffb3525f000 	C:\WINDOWS\SYSTEM32\NTASN1.dll
0x00007ffaa30c0000 - 0x00007ffaa30c8000 	C:\WINDOWS\system32\wshunix.dll

dbghelp: loaded successfully - version: 4.0.5 - missing functions: none
symbol engine: initialized successfully - sym options: 0x614 - pdb path: .;C:\Program Files (x86)\Java\jdk-21\bin;C:\WINDOWS\SYSTEM32;C:\WINDOWS\WinSxS\amd64_microsoft.windows.common-controls_6595b64144ccf1df_6.0.26100.3323_none_3e088096e3344490;C:\Program Files (x86)\Java\jdk-21\bin\server;C:\Users\ftour\.gradle\native\c067742578af261105cb4f569cf0c3c89f3d7b1fecec35dd04571415982c5e48\windows-amd64;C:\Users\ftour\.gradle\native\38dada09dfb8b06ba9b0570ebf7e218e3eb74d4ef43ca46872605cf95ebc2f47\windows-amd64

VM Arguments:
jvm_args: -XX:MaxMetaspaceSize=2G -XX:+HeapDumpOnOutOfMemoryError --add-opens=java.base/java.util=ALL-UNNAMED --add-opens=java.base/java.lang=ALL-UNNAMED --add-opens=java.base/java.lang.invoke=ALL-UNNAMED --add-opens=java.prefs/java.util.prefs=ALL-UNNAMED --add-opens=java.base/java.nio.charset=ALL-UNNAMED --add-opens=java.base/java.net=ALL-UNNAMED --add-opens=java.base/java.util.concurrent.atomic=ALL-UNNAMED -Xmx4G -Dfile.encoding=utf8 -Duser.country=IE -Duser.language=en -Duser.variant -javaagent:C:\Users\ftour\.gradle\wrapper\dists\gradle-8.5-bin\5t9huq95ubn472n8rpzujfbqh\gradle-8.5\lib\agents\gradle-instrumentation-agent-8.5.jar 
java_command: org.gradle.launcher.daemon.bootstrap.GradleDaemon 8.5
java_class_path (initial): C:\Users\ftour\.gradle\wrapper\dists\gradle-8.5-bin\5t9huq95ubn472n8rpzujfbqh\gradle-8.5\lib\gradle-launcher-8.5.jar
Launcher Type: SUN_STANDARD

[Global flags]
     intx CICompilerCount                          = 4                                         {product} {ergonomic}
     uint ConcGCThreads                            = 2                                         {product} {ergonomic}
     uint G1ConcRefinementThreads                  = 8                                         {product} {ergonomic}
   size_t G1HeapRegionSize                         = 2097152                                   {product} {ergonomic}
    uintx GCDrainStackTargetSize                   = 64                                        {product} {ergonomic}
     bool HeapDumpOnOutOfMemoryError               = true                                   {manageable} {command line}
   size_t InitialHeapSize                          = 132120576                                 {product} {ergonomic}
   size_t MarkStackSize                            = 4194304                                   {product} {ergonomic}
   size_t MaxHeapSize                              = 4294967296                                {product} {command line}
   size_t MaxMetaspaceSize                         = 2147483648                                {product} {command line}
   size_t MaxNewSize                               = 2575302656                                {product} {ergonomic}
   size_t MinHeapDeltaBytes                        = 2097152                                   {product} {ergonomic}
   size_t MinHeapSize                              = 8388608                                   {product} {ergonomic}
    uintx NonNMethodCodeHeapSize                   = 5839372                                {pd product} {ergonomic}
    uintx NonProfiledCodeHeapSize                  = 122909434                              {pd product} {ergonomic}
    uintx ProfiledCodeHeapSize                     = 122909434                              {pd product} {ergonomic}
    uintx ReservedCodeCacheSize                    = 251658240                              {pd product} {ergonomic}
     bool SegmentedCodeCache                       = true                                      {product} {ergonomic}
   size_t SoftMaxHeapSize                          = 4294967296                             {manageable} {ergonomic}
     bool UseCompressedOops                        = true                           {product lp64_product} {ergonomic}
     bool UseG1GC                                  = true                                      {product} {ergonomic}
     bool UseLargePagesIndividualAllocation        = false                                  {pd product} {ergonomic}

Logging:
Log output configuration:
 #0: stdout all=warning uptime,level,tags foldmultilines=false
 #1: stderr all=off uptime,level,tags foldmultilines=false

Environment Variables:
JAVA_HOME=C:\Program Files (x86)\Java\jdk-21
PATH=C:\Program Files\Common Files\Oracle\Java\javapath;C:\Program Files (x86)\Common Files\Oracle\Java\javapath;C:\WINDOWS\system32;C:\WINDOWS;C:\WINDOWS\System32\Wbem;C:\WINDOWS\System32\WindowsPowerShell\v1.0\;C:\WINDOWS\System32\OpenSSH\;C:\ProgramData\chocolatey\bin;C:\Program Files\nodejs\bin\;C:\Program Files\MySQL\MySQL Server 8.0\bin;C:\Program Files (x86)\Java\jdk-21\bin;C:\Program Files\HP\HP One Agent;C:\Program Files\Git\cmd;C:\Flutter\bin;C:\AndroidSDK\platform-tools;C:\apache-maven-3.9.9\bin;C:\ngrok;;%SystemRoot%\system32;%SystemRoot%;%SystemRoot%\System32\Wbem;%SYSTEMROOT%\System32\WindowsPowerShell\v1.0\;%SYSTEMROOT%\System32\OpenSSH\;C:\Program Files\MySQL\MySQL Shell 8.0\bin\;C:\Python311\Scripts\;C:\Python311\;C:\Users\ftour\AppData\Local\Programs\Python\Python311\Scripts\;C:\Users\ftour\AppData\Local\Programs\Python\Python311\;C:\Users\ftour\AppData\Local\Programs\Python\Launcher\;C:\Users\ftour\AppData\Local\Microsoft\WindowsApps;C:\Program Files\JetBrains\PyCharm Community Edition 2022.2.3\bin;;C:\Users\ftour\AppData\Local\Programs\Microsoft VS Code\bin;C:\Program Files\nodejs\bin\;C:\Program Files (x86)\Java\jdk-21\bin;C:\Flutter\bin;C:\AndroidSDK\platform-tools;C:\apache-maven-3.9.9\bin;C:\ngrok;
USERNAME=ftour
OS=Windows_NT
PROCESSOR_IDENTIFIER=Intel64 Family 6 Model 140 Stepping 1, GenuineIntel
TMP=C:\Users\ftour\AppData\Local\Temp
TEMP=C:\Users\ftour\AppData\Local\Temp




Periodic native trim disabled

---------------  S Y S T E M  ---------------

OS:
 Windows 11 , 64 bit Build 26100 (10.0.26100.3323)
OS uptime: 2 days 2:28 hours
Hyper-V role detected

CPU: total 8 (initial active 8) (4 cores per cpu, 2 threads per core) family 6 model 140 stepping 1 microcode 0x9a, cx8, cmov, fxsr, ht, mmx, 3dnowpref, sse, sse2, sse3, ssse3, sse4.1, sse4.2, popcnt, lzcnt, tsc, tscinvbit, avx, avx2, aes, erms, clmul, bmi1, bmi2, adx, avx512f, avx512dq, avx512cd, avx512bw, avx512vl, sha, fma, vzeroupper, avx512_vpopcntdq, avx512_vpclmulqdq, avx512_vaes, avx512_vnni, clflush, clflushopt, clwb, avx512_vbmi2, avx512_vbmi, hv, rdtscp, rdpid, fsrm, gfni, avx512_bitalg, f16c, cet_ibt, cet_ss, avx512_ifma
Processor Information for all 8 processors :
  Max Mhz: 2419, Current Mhz: 2419, Mhz Limit: 2419

Memory: 4k page, system-wide physical 7937M (482M free)
TotalPageFile size 32513M (AvailPageFile size 6M)
current process WorkingSet (physical memory assigned to process): 238M, peak: 238M
current process commit charge ("private bytes"): 276M, peak: 278M

vm_info: Java HotSpot(TM) 64-Bit Server VM (21.0.1+12-LTS-29) for windows-amd64 JRE (21.0.1+12-LTS-29), built on 2023-10-05T13:27:09Z by "mach5one" with MS VC++ 17.1 (VS2022)

END.
